{"C:\\CSHOP\\unecorailelectric\\src\\middleware.ts": {"path":"C:\\CSHOP\\unecorailelectric\\src\\middleware.ts","statementMap":{"0":{"start":{"line":76,"column":13},"end":{"line":76,"column":22}},"1":{"start":{"line":4,"column":16},"end":{"line":4,"column":27}},"2":{"start":{"line":1,"column":29},"end":{"line":1,"column":null}},"3":{"start":{"line":5,"column":19},"end":{"line":5,"column":null}},"4":{"start":{"line":8,"column":26},"end":{"line":26,"column":null}},"5":{"start":{"line":29,"column":24},"end":{"line":62,"column":null}},"6":{"start":{"line":65,"column":2},"end":{"line":67,"column":null}},"7":{"start":{"line":66,"column":4},"end":{"line":66,"column":null}},"8":{"start":{"line":70,"column":2},"end":{"line":70,"column":null}},"9":{"start":{"line":72,"column":2},"end":{"line":72,"column":null}},"10":{"start":{"line":76,"column":22},"end":{"line":87,"column":null}}},"fnMap":{"0":{"name":"middleware","decl":{"start":{"line":4,"column":16},"end":{"line":4,"column":27}},"loc":{"start":{"line":4,"column":48},"end":{"line":73,"column":null}}},"1":{"name":"(anonymous_4)","decl":{"start":{"line":65,"column":42},"end":{"line":65,"column":43}},"loc":{"start":{"line":65,"column":55},"end":{"line":67,"column":null}}}},"branchMap":{},"s":{"0":0,"1":0,"2":0,"3":0,"4":0,"5":0,"6":0,"7":0,"8":0,"9":0,"10":0},"f":{"0":0,"1":0},"b":{}}
,"C:\\CSHOP\\unecorailelectric\\src\\app\\index.tsx": {"path":"C:\\CSHOP\\unecorailelectric\\src\\app\\index.tsx","statementMap":{"0":{"start":{"line":10,"column":24},"end":{"line":10,"column":null}},"1":{"start":{"line":3,"column":25},"end":{"line":3,"column":null}},"2":{"start":{"line":4,"column":23},"end":{"line":4,"column":null}},"3":{"start":{"line":5,"column":22},"end":{"line":5,"column":null}},"4":{"start":{"line":6,"column":57},"end":{"line":6,"column":null}},"5":{"start":{"line":7,"column":46},"end":{"line":7,"column":null}},"6":{"start":{"line":8,"column":26},"end":{"line":8,"column":null}},"7":{"start":{"line":11,"column":34},"end":{"line":11,"column":null}},"8":{"start":{"line":12,"column":34},"end":{"line":12,"column":null}},"9":{"start":{"line":13,"column":32},"end":{"line":13,"column":null}},"10":{"start":{"line":14,"column":28},"end":{"line":14,"column":null}},"11":{"start":{"line":15,"column":17},"end":{"line":15,"column":null}},"12":{"start":{"line":18,"column":22},"end":{"line":44,"column":null}},"13":{"start":{"line":19,"column":4},"end":{"line":19,"column":null}},"14":{"start":{"line":20,"column":4},"end":{"line":20,"column":null}},"15":{"start":{"line":21,"column":4},"end":{"line":21,"column":null}},"16":{"start":{"line":23,"column":4},"end":{"line":43,"column":null}},"17":{"start":{"line":25,"column":6},"end":{"line":28,"column":null}},"18":{"start":{"line":26,"column":8},"end":{"line":26,"column":null}},"19":{"start":{"line":27,"column":8},"end":{"line":27,"column":null}},"20":{"start":{"line":31,"column":6},"end":{"line":38,"column":null}},"21":{"start":{"line":34,"column":25},"end":{"line":34,"column":null}},"22":{"start":{"line":35,"column":8},"end":{"line":35,"column":null}},"23":{"start":{"line":37,"column":8},"end":{"line":37,"column":null}},"24":{"start":{"line":40,"column":6},"end":{"line":40,"column":null}},"25":{"start":{"line":42,"column":6},"end":{"line":42,"column":null}},"26":{"start":{"line":47,"column":25},"end":{"line":51,"column":null}},"27":{"start":{"line":48,"column":4},"end":{"line":48,"column":null}},"28":{"start":{"line":48,"column":50},"end":{"line":48,"column":null}},"29":{"start":{"line":49,"column":4},"end":{"line":49,"column":null}},"30":{"start":{"line":49,"column":52},"end":{"line":49,"column":null}},"31":{"start":{"line":50,"column":4},"end":{"line":50,"column":null}},"32":{"start":{"line":87,"column":37},"end":{"line":87,"column":null}},"33":{"start":{"line":106,"column":37},"end":{"line":106,"column":null}}},"fnMap":{"0":{"name":"HomePage","decl":{"start":{"line":10,"column":24},"end":{"line":10,"column":null}},"loc":{"start":{"line":10,"column":24},"end":{"line":154,"column":null}}},"1":{"name":"(anonymous_2)","decl":{"start":{"line":18,"column":22},"end":{"line":18,"column":29}},"loc":{"start":{"line":18,"column":29},"end":{"line":44,"column":null}}},"2":{"name":"(anonymous_3)","decl":{"start":{"line":47,"column":25},"end":{"line":47,"column":26}},"loc":{"start":{"line":47,"column":26},"end":{"line":51,"column":null}}},"3":{"name":"(anonymous_4)","decl":{"start":{"line":87,"column":30},"end":{"line":87,"column":31}},"loc":{"start":{"line":87,"column":37},"end":{"line":87,"column":null}}},"4":{"name":"(anonymous_5)","decl":{"start":{"line":106,"column":30},"end":{"line":106,"column":31}},"loc":{"start":{"line":106,"column":37},"end":{"line":106,"column":null}}}},"branchMap":{"0":{"loc":{"start":{"line":25,"column":6},"end":{"line":28,"column":null}},"type":"if","locations":[{"start":{"line":25,"column":6},"end":{"line":28,"column":null}}]},"1":{"loc":{"start":{"line":31,"column":6},"end":{"line":38,"column":null}},"type":"if","locations":[{"start":{"line":31,"column":6},"end":{"line":38,"column":null}},{"start":{"line":36,"column":13},"end":{"line":38,"column":null}}]},"2":{"loc":{"start":{"line":31,"column":10},"end":{"line":31,"column":32}},"type":"binary-expr","locations":[{"start":{"line":31,"column":10},"end":{"line":31,"column":22}},{"start":{"line":31,"column":22},"end":{"line":31,"column":32}}]},"3":{"loc":{"start":{"line":48,"column":4},"end":{"line":48,"column":null}},"type":"if","locations":[{"start":{"line":48,"column":4},"end":{"line":48,"column":null}}]},"4":{"loc":{"start":{"line":49,"column":4},"end":{"line":49,"column":null}},"type":"if","locations":[{"start":{"line":49,"column":4},"end":{"line":49,"column":null}}]},"5":{"loc":{"start":{"line":127,"column":15},"end":{"line":127,"column":null}},"type":"binary-expr","locations":[{"start":{"line":127,"column":15},"end":{"line":127,"column":null}}]},"6":{"loc":{"start":{"line":139,"column":17},"end":{"line":139,"column":null}},"type":"cond-expr","locations":[{"start":{"line":139,"column":27},"end":{"line":139,"column":40}},{"start":{"line":139,"column":40},"end":{"line":139,"column":null}}]}},"s":{"0":0,"1":0,"2":0,"3":0,"4":0,"5":0,"6":0,"7":0,"8":0,"9":0,"10":0,"11":0,"12":0,"13":0,"14":0,"15":0,"16":0,"17":0,"18":0,"19":0,"20":0,"21":0,"22":0,"23":0,"24":0,"25":0,"26":0,"27":0,"28":0,"29":0,"30":0,"31":0,"32":0,"33":0},"f":{"0":0,"1":0,"2":0,"3":0,"4":0},"b":{"0":[0],"1":[0,0],"2":[0,0],"3":[0],"4":[0],"5":[0],"6":[0,0]}}
,"C:\\CSHOP\\unecorailelectric\\src\\app\\layout.tsx": {"path":"C:\\CSHOP\\unecorailelectric\\src\\app\\layout.tsx","statementMap":{"0":{"start":{"line":20,"column":24},"end":{"line":20,"column":35}},"1":{"start":{"line":15,"column":13},"end":{"line":15,"column":34}},"2":{"start":{"line":2,"column":34},"end":{"line":2,"column":null}},"3":{"start":{"line":3,"column":7},"end":{"line":3,"column":null}},"4":{"start":{"line":5,"column":18},"end":{"line":8,"column":null}},"5":{"start":{"line":10,"column":18},"end":{"line":13,"column":null}},"6":{"start":{"line":15,"column":34},"end":{"line":18,"column":null}}},"fnMap":{"0":{"name":"RootLayout","decl":{"start":{"line":20,"column":24},"end":{"line":20,"column":35}},"loc":{"start":{"line":24,"column":2},"end":{"line":34,"column":null}}}},"branchMap":{},"s":{"0":0,"1":0,"2":0,"3":0,"4":0,"5":0,"6":0},"f":{"0":0},"b":{}}
,"C:\\CSHOP\\unecorailelectric\\src\\app\\page.tsx": {"path":"C:\\CSHOP\\unecorailelectric\\src\\app\\page.tsx","statementMap":{"0":{"start":{"line":8,"column":24},"end":{"line":8,"column":null}},"1":{"start":{"line":4,"column":23},"end":{"line":4,"column":null}},"2":{"start":{"line":5,"column":51},"end":{"line":5,"column":null}},"3":{"start":{"line":6,"column":17},"end":{"line":6,"column":null}}},"fnMap":{"0":{"name":"HomePage","decl":{"start":{"line":8,"column":24},"end":{"line":8,"column":null}},"loc":{"start":{"line":8,"column":24},"end":{"line":61,"column":null}}}},"branchMap":{},"s":{"0":0,"1":0,"2":0,"3":0},"f":{"0":0},"b":{}}
,"C:\\CSHOP\\unecorailelectric\\src\\app\\api\\stock\\in\\route.ts": {"path":"C:\\CSHOP\\unecorailelectric\\src\\app\\api\\stock\\in\\route.ts","statementMap":{"0":{"start":{"line":148,"column":22},"end":{"line":148,"column":26}},"1":{"start":{"line":6,"column":22},"end":{"line":6,"column":27}},"2":{"start":{"line":1,"column":42},"end":{"line":1,"column":null}},"3":{"start":{"line":2,"column":43},"end":{"line":2,"column":null}},"4":{"start":{"line":3,"column":32},"end":{"line":3,"column":null}},"5":{"start":{"line":4,"column":25},"end":{"line":4,"column":null}},"6":{"start":{"line":7,"column":2},"end":{"line":144,"column":null}},"7":{"start":{"line":8,"column":21},"end":{"line":8,"column":null}},"8":{"start":{"line":11,"column":17},"end":{"line":11,"column":null}},"9":{"start":{"line":14,"column":26},"end":{"line":14,"column":null}},"10":{"start":{"line":17,"column":49},"end":{"line":17,"column":null}},"11":{"start":{"line":18,"column":4},"end":{"line":23,"column":null}},"12":{"start":{"line":19,"column":6},"end":{"line":21,"column":null}},"13":{"start":{"line":26,"column":45},"end":{"line":30,"column":null}},"14":{"start":{"line":32,"column":4},"end":{"line":34,"column":null}},"15":{"start":{"line":33,"column":6},"end":{"line":33,"column":null}},"16":{"start":{"line":39,"column":4},"end":{"line":81,"column":null}},"17":{"start":{"line":41,"column":6},"end":{"line":41,"column":null}},"18":{"start":{"line":42,"column":6},"end":{"line":42,"column":null}},"19":{"start":{"line":44,"column":37},"end":{"line":50,"column":null}},"20":{"start":{"line":52,"column":6},"end":{"line":54,"column":null}},"21":{"start":{"line":53,"column":8},"end":{"line":53,"column":null}},"22":{"start":{"line":57,"column":52},"end":{"line":73,"column":null}},"23":{"start":{"line":75,"column":6},"end":{"line":77,"column":null}},"24":{"start":{"line":76,"column":8},"end":{"line":76,"column":null}},"25":{"start":{"line":79,"column":6},"end":{"line":79,"column":null}},"26":{"start":{"line":80,"column":6},"end":{"line":80,"column":null}},"27":{"start":{"line":84,"column":36},"end":{"line":95,"column":null}},"28":{"start":{"line":97,"column":4},"end":{"line":99,"column":null}},"29":{"start":{"line":98,"column":6},"end":{"line":98,"column":null}},"30":{"start":{"line":102,"column":34},"end":{"line":115,"column":null}},"31":{"start":{"line":117,"column":4},"end":{"line":119,"column":null}},"32":{"start":{"line":118,"column":6},"end":{"line":118,"column":null}},"33":{"start":{"line":121,"column":4},"end":{"line":131,"column":null}},"34":{"start":{"line":134,"column":4},"end":{"line":134,"column":null}},"35":{"start":{"line":136,"column":4},"end":{"line":142,"column":null}},"36":{"start":{"line":149,"column":2},"end":{"line":209,"column":null}},"37":{"start":{"line":150,"column":21},"end":{"line":150,"column":null}},"38":{"start":{"line":153,"column":49},"end":{"line":153,"column":null}},"39":{"start":{"line":154,"column":4},"end":{"line":159,"column":null}},"40":{"start":{"line":155,"column":6},"end":{"line":157,"column":null}},"41":{"start":{"line":162,"column":29},"end":{"line":162,"column":null}},"42":{"start":{"line":163,"column":18},"end":{"line":163,"column":null}},"43":{"start":{"line":164,"column":19},"end":{"line":164,"column":null}},"44":{"start":{"line":165,"column":19},"end":{"line":165,"column":null}},"45":{"start":{"line":168,"column":16},"end":{"line":175,"column":null}},"46":{"start":{"line":177,"column":4},"end":{"line":179,"column":null}},"47":{"start":{"line":178,"column":6},"end":{"line":178,"column":null}},"48":{"start":{"line":181,"column":28},"end":{"line":181,"column":null}},"49":{"start":{"line":183,"column":4},"end":{"line":185,"column":null}},"50":{"start":{"line":184,"column":6},"end":{"line":184,"column":null}},"51":{"start":{"line":187,"column":4},"end":{"line":196,"column":null}},"52":{"start":{"line":199,"column":4},"end":{"line":199,"column":null}},"53":{"start":{"line":201,"column":4},"end":{"line":207,"column":null}}},"fnMap":{"0":{"name":"POST","decl":{"start":{"line":6,"column":22},"end":{"line":6,"column":27}},"loc":{"start":{"line":6,"column":47},"end":{"line":145,"column":null}}},"1":{"name":"GET","decl":{"start":{"line":148,"column":22},"end":{"line":148,"column":26}},"loc":{"start":{"line":148,"column":46},"end":{"line":210,"column":null}}}},"branchMap":{"0":{"loc":{"start":{"line":18,"column":4},"end":{"line":23,"column":null}},"type":"if","locations":[{"start":{"line":18,"column":4},"end":{"line":23,"column":null}}]},"1":{"loc":{"start":{"line":18,"column":8},"end":{"line":18,"column":28}},"type":"binary-expr","locations":[{"start":{"line":18,"column":8},"end":{"line":18,"column":21}},{"start":{"line":18,"column":21},"end":{"line":18,"column":28}}]},"2":{"loc":{"start":{"line":32,"column":4},"end":{"line":34,"column":null}},"type":"if","locations":[{"start":{"line":32,"column":4},"end":{"line":34,"column":null}}]},"3":{"loc":{"start":{"line":32,"column":8},"end":{"line":32,"column":52}},"type":"binary-expr","locations":[{"start":{"line":32,"column":8},"end":{"line":32,"column":21}},{"start":{"line":32,"column":21},"end":{"line":32,"column":52}}]},"4":{"loc":{"start":{"line":39,"column":4},"end":{"line":81,"column":null}},"type":"if","locations":[{"start":{"line":39,"column":4},"end":{"line":81,"column":null}},{"start":{"line":55,"column":11},"end":{"line":81,"column":null}}]},"5":{"loc":{"start":{"line":42,"column":24},"end":{"line":42,"column":null}},"type":"binary-expr","locations":[{"start":{"line":42,"column":24},"end":{"line":42,"column":45}},{"start":{"line":42,"column":49},"end":{"line":42,"column":null}}]},"6":{"loc":{"start":{"line":52,"column":6},"end":{"line":54,"column":null}},"type":"if","locations":[{"start":{"line":52,"column":6},"end":{"line":54,"column":null}}]},"7":{"loc":{"start":{"line":67,"column":23},"end":{"line":67,"column":null}},"type":"binary-expr","locations":[{"start":{"line":67,"column":23},"end":{"line":67,"column":42}},{"start":{"line":67,"column":46},"end":{"line":67,"column":null}}]},"8":{"loc":{"start":{"line":75,"column":6},"end":{"line":77,"column":null}},"type":"if","locations":[{"start":{"line":75,"column":6},"end":{"line":77,"column":null}}]},"9":{"loc":{"start":{"line":93,"column":21},"end":{"line":93,"column":42}},"type":"binary-expr","locations":[{"start":{"line":93,"column":21},"end":{"line":93,"column":31}},{"start":{"line":93,"column":35},"end":{"line":93,"column":42}}]},"10":{"loc":{"start":{"line":97,"column":4},"end":{"line":99,"column":null}},"type":"if","locations":[{"start":{"line":97,"column":4},"end":{"line":99,"column":null}}]},"11":{"loc":{"start":{"line":111,"column":15},"end":{"line":111,"column":null}},"type":"binary-expr","locations":[{"start":{"line":111,"column":15},"end":{"line":111,"column":34}},{"start":{"line":111,"column":38},"end":{"line":111,"column":null}}]},"12":{"loc":{"start":{"line":113,"column":22},"end":{"line":113,"column":null}},"type":"cond-expr","locations":[{"start":{"line":113,"column":44},"end":{"line":113,"column":55}},{"start":{"line":113,"column":55},"end":{"line":113,"column":null}}]},"13":{"loc":{"start":{"line":117,"column":4},"end":{"line":119,"column":null}},"type":"if","locations":[{"start":{"line":117,"column":4},"end":{"line":119,"column":null}}]},"14":{"loc":{"start":{"line":139,"column":15},"end":{"line":139,"column":null}},"type":"cond-expr","locations":[{"start":{"line":139,"column":40},"end":{"line":139,"column":53}},{"start":{"line":139,"column":56},"end":{"line":139,"column":null}}]},"15":{"loc":{"start":{"line":154,"column":4},"end":{"line":159,"column":null}},"type":"if","locations":[{"start":{"line":154,"column":4},"end":{"line":159,"column":null}}]},"16":{"loc":{"start":{"line":154,"column":8},"end":{"line":154,"column":28}},"type":"binary-expr","locations":[{"start":{"line":154,"column":8},"end":{"line":154,"column":21}},{"start":{"line":154,"column":21},"end":{"line":154,"column":28}}]},"17":{"loc":{"start":{"line":163,"column":27},"end":{"line":163,"column":null}},"type":"binary-expr","locations":[{"start":{"line":163,"column":27},"end":{"line":163,"column":56}},{"start":{"line":163,"column":56},"end":{"line":163,"column":null}}]},"18":{"loc":{"start":{"line":164,"column":28},"end":{"line":164,"column":null}},"type":"binary-expr","locations":[{"start":{"line":164,"column":28},"end":{"line":164,"column":58}},{"start":{"line":164,"column":58},"end":{"line":164,"column":null}}]},"19":{"loc":{"start":{"line":177,"column":4},"end":{"line":179,"column":null}},"type":"if","locations":[{"start":{"line":177,"column":4},"end":{"line":179,"column":null}}]},"20":{"loc":{"start":{"line":183,"column":4},"end":{"line":185,"column":null}},"type":"if","locations":[{"start":{"line":183,"column":4},"end":{"line":185,"column":null}}]},"21":{"loc":{"start":{"line":204,"column":15},"end":{"line":204,"column":null}},"type":"cond-expr","locations":[{"start":{"line":204,"column":40},"end":{"line":204,"column":53}},{"start":{"line":204,"column":56},"end":{"line":204,"column":null}}]}},"s":{"0":0,"1":0,"2":0,"3":0,"4":0,"5":0,"6":0,"7":0,"8":0,"9":0,"10":0,"11":0,"12":0,"13":0,"14":0,"15":0,"16":0,"17":0,"18":0,"19":0,"20":0,"21":0,"22":0,"23":0,"24":0,"25":0,"26":0,"27":0,"28":0,"29":0,"30":0,"31":0,"32":0,"33":0,"34":0,"35":0,"36":0,"37":0,"38":0,"39":0,"40":0,"41":0,"42":0,"43":0,"44":0,"45":0,"46":0,"47":0,"48":0,"49":0,"50":0,"51":0,"52":0,"53":0},"f":{"0":0,"1":0},"b":{"0":[0],"1":[0,0],"2":[0],"3":[0,0],"4":[0,0],"5":[0,0],"6":[0],"7":[0,0],"8":[0],"9":[0,0],"10":[0],"11":[0,0],"12":[0,0],"13":[0],"14":[0,0],"15":[0],"16":[0,0],"17":[0,0],"18":[0,0],"19":[0],"20":[0],"21":[0,0]}}
,"C:\\CSHOP\\unecorailelectric\\src\\app\\api\\stock\\transaction\\route.ts": {"path":"C:\\CSHOP\\unecorailelectric\\src\\app\\api\\stock\\transaction\\route.ts","statementMap":{"0":{"start":{"line":288,"column":22},"end":{"line":288,"column":26}},"1":{"start":{"line":8,"column":22},"end":{"line":8,"column":27}},"2":{"start":{"line":1,"column":42},"end":{"line":1,"column":null}},"3":{"start":{"line":2,"column":43},"end":{"line":2,"column":null}},"4":{"start":{"line":3,"column":50},"end":{"line":3,"column":null}},"5":{"start":{"line":4,"column":50},"end":{"line":4,"column":null}},"6":{"start":{"line":5,"column":34},"end":{"line":5,"column":null}},"7":{"start":{"line":9,"column":2},"end":{"line":54,"column":null}},"8":{"start":{"line":10,"column":4},"end":{"line":53,"column":null}},"9":{"start":{"line":11,"column":23},"end":{"line":11,"column":null}},"10":{"start":{"line":14,"column":19},"end":{"line":14,"column":null}},"11":{"start":{"line":15,"column":31},"end":{"line":15,"column":null}},"12":{"start":{"line":18,"column":51},"end":{"line":18,"column":null}},"13":{"start":{"line":19,"column":6},"end":{"line":24,"column":null}},"14":{"start":{"line":20,"column":8},"end":{"line":22,"column":null}},"15":{"start":{"line":27,"column":6},"end":{"line":41,"column":null}},"16":{"start":{"line":29,"column":10},"end":{"line":29,"column":null}},"17":{"start":{"line":31,"column":10},"end":{"line":31,"column":null}},"18":{"start":{"line":33,"column":10},"end":{"line":33,"column":null}},"19":{"start":{"line":35,"column":10},"end":{"line":35,"column":null}},"20":{"start":{"line":37,"column":10},"end":{"line":39,"column":null}},"21":{"start":{"line":43,"column":6},"end":{"line":43,"column":null}},"22":{"start":{"line":45,"column":6},"end":{"line":51,"column":null}},"23":{"start":{"line":60,"column":24},"end":{"line":60,"column":null}},"24":{"start":{"line":63,"column":34},"end":{"line":72,"column":null}},"25":{"start":{"line":74,"column":2},"end":{"line":76,"column":null}},"26":{"start":{"line":75,"column":4},"end":{"line":75,"column":null}},"27":{"start":{"line":79,"column":2},"end":{"line":92,"column":null}},"28":{"start":{"line":95,"column":2},"end":{"line":104,"column":null}},"29":{"start":{"line":110,"column":24},"end":{"line":110,"column":null}},"30":{"start":{"line":113,"column":52},"end":{"line":117,"column":null}},"31":{"start":{"line":119,"column":2},"end":{"line":121,"column":null}},"32":{"start":{"line":120,"column":4},"end":{"line":120,"column":null}},"33":{"start":{"line":123,"column":2},"end":{"line":125,"column":null}},"34":{"start":{"line":124,"column":4},"end":{"line":124,"column":null}},"35":{"start":{"line":128,"column":34},"end":{"line":136,"column":null}},"36":{"start":{"line":138,"column":2},"end":{"line":140,"column":null}},"37":{"start":{"line":139,"column":4},"end":{"line":139,"column":null}},"38":{"start":{"line":143,"column":2},"end":{"line":156,"column":null}},"39":{"start":{"line":159,"column":2},"end":{"line":167,"column":null}},"40":{"start":{"line":172,"column":64},"end":{"line":172,"column":null}},"41":{"start":{"line":175,"column":29},"end":{"line":179,"column":null}},"42":{"start":{"line":181,"column":2},"end":{"line":186,"column":null}},"43":{"start":{"line":182,"column":4},"end":{"line":184,"column":null}},"44":{"start":{"line":189,"column":34},"end":{"line":195,"column":null}},"45":{"start":{"line":197,"column":2},"end":{"line":199,"column":null}},"46":{"start":{"line":198,"column":4},"end":{"line":198,"column":null}},"47":{"start":{"line":202,"column":2},"end":{"line":214,"column":null}},"48":{"start":{"line":217,"column":2},"end":{"line":226,"column":null}},"49":{"start":{"line":231,"column":40},"end":{"line":231,"column":null}},"50":{"start":{"line":233,"column":2},"end":{"line":238,"column":null}},"51":{"start":{"line":234,"column":4},"end":{"line":236,"column":null}},"52":{"start":{"line":241,"column":2},"end":{"line":246,"column":null}},"53":{"start":{"line":242,"column":4},"end":{"line":244,"column":null}},"54":{"start":{"line":249,"column":34},"end":{"line":253,"column":null}},"55":{"start":{"line":255,"column":2},"end":{"line":257,"column":null}},"56":{"start":{"line":256,"column":4},"end":{"line":256,"column":null}},"57":{"start":{"line":260,"column":2},"end":{"line":271,"column":null}},"58":{"start":{"line":274,"column":2},"end":{"line":284,"column":null}},"59":{"start":{"line":289,"column":2},"end":{"line":358,"column":null}},"60":{"start":{"line":290,"column":21},"end":{"line":290,"column":null}},"61":{"start":{"line":293,"column":49},"end":{"line":293,"column":null}},"62":{"start":{"line":294,"column":4},"end":{"line":299,"column":null}},"63":{"start":{"line":295,"column":6},"end":{"line":297,"column":null}},"64":{"start":{"line":302,"column":29},"end":{"line":302,"column":null}},"65":{"start":{"line":303,"column":18},"end":{"line":303,"column":null}},"66":{"start":{"line":304,"column":19},"end":{"line":304,"column":null}},"67":{"start":{"line":305,"column":28},"end":{"line":305,"column":null}},"68":{"start":{"line":306,"column":22},"end":{"line":306,"column":null}},"69":{"start":{"line":307,"column":20},"end":{"line":307,"column":null}},"70":{"start":{"line":310,"column":16},"end":{"line":318,"column":null}},"71":{"start":{"line":320,"column":4},"end":{"line":322,"column":null}},"72":{"start":{"line":321,"column":6},"end":{"line":321,"column":null}},"73":{"start":{"line":323,"column":4},"end":{"line":325,"column":null}},"74":{"start":{"line":324,"column":6},"end":{"line":324,"column":null}},"75":{"start":{"line":326,"column":4},"end":{"line":328,"column":null}},"76":{"start":{"line":327,"column":6},"end":{"line":327,"column":null}},"77":{"start":{"line":330,"column":28},"end":{"line":330,"column":null}},"78":{"start":{"line":332,"column":4},"end":{"line":334,"column":null}},"79":{"start":{"line":333,"column":6},"end":{"line":333,"column":null}},"80":{"start":{"line":336,"column":4},"end":{"line":345,"column":null}},"81":{"start":{"line":348,"column":4},"end":{"line":348,"column":null}},"82":{"start":{"line":350,"column":4},"end":{"line":356,"column":null}}},"fnMap":{"0":{"name":"POST","decl":{"start":{"line":8,"column":22},"end":{"line":8,"column":27}},"loc":{"start":{"line":8,"column":47},"end":{"line":55,"column":null}}},"1":{"name":"(anonymous_4)","decl":{"start":{"line":9,"column":47},"end":{"line":9,"column":null}},"loc":{"start":{"line":9,"column":47},"end":{"line":54,"column":null}}},"2":{"name":"handleStockIn","decl":{"start":{"line":58,"column":15},"end":{"line":58,"column":29}},"loc":{"start":{"line":58,"column":64},"end":{"line":105,"column":null}}},"3":{"name":"handleStockOut","decl":{"start":{"line":108,"column":15},"end":{"line":108,"column":30}},"loc":{"start":{"line":108,"column":65},"end":{"line":168,"column":null}}},"4":{"name":"handleStockAdjustment","decl":{"start":{"line":171,"column":15},"end":{"line":171,"column":37}},"loc":{"start":{"line":171,"column":72},"end":{"line":227,"column":null}}},"5":{"name":"handleBulkOperation","decl":{"start":{"line":230,"column":15},"end":{"line":230,"column":35}},"loc":{"start":{"line":230,"column":70},"end":{"line":285,"column":null}}},"6":{"name":"GET","decl":{"start":{"line":288,"column":22},"end":{"line":288,"column":26}},"loc":{"start":{"line":288,"column":46},"end":{"line":359,"column":null}}}},"branchMap":{"0":{"loc":{"start":{"line":19,"column":6},"end":{"line":24,"column":null}},"type":"if","locations":[{"start":{"line":19,"column":6},"end":{"line":24,"column":null}}]},"1":{"loc":{"start":{"line":19,"column":10},"end":{"line":19,"column":30}},"type":"binary-expr","locations":[{"start":{"line":19,"column":10},"end":{"line":19,"column":23}},{"start":{"line":19,"column":23},"end":{"line":19,"column":30}}]},"2":{"loc":{"start":{"line":27,"column":6},"end":{"line":41,"column":null}},"type":"switch","locations":[{"start":{"line":28,"column":8},"end":{"line":29,"column":null}},{"start":{"line":30,"column":8},"end":{"line":31,"column":null}},{"start":{"line":32,"column":8},"end":{"line":33,"column":null}},{"start":{"line":34,"column":8},"end":{"line":35,"column":null}},{"start":{"line":36,"column":8},"end":{"line":39,"column":null}}]},"3":{"loc":{"start":{"line":48,"column":17},"end":{"line":48,"column":null}},"type":"cond-expr","locations":[{"start":{"line":48,"column":42},"end":{"line":48,"column":55}},{"start":{"line":48,"column":58},"end":{"line":48,"column":null}}]},"4":{"loc":{"start":{"line":70,"column":19},"end":{"line":70,"column":40}},"type":"binary-expr","locations":[{"start":{"line":70,"column":19},"end":{"line":70,"column":29}},{"start":{"line":70,"column":33},"end":{"line":70,"column":40}}]},"5":{"loc":{"start":{"line":74,"column":2},"end":{"line":76,"column":null}},"type":"if","locations":[{"start":{"line":74,"column":2},"end":{"line":76,"column":null}}]},"6":{"loc":{"start":{"line":82,"column":4},"end":{"line":82,"column":null}},"type":"binary-expr","locations":[{"start":{"line":82,"column":4},"end":{"line":82,"column":14}},{"start":{"line":82,"column":18},"end":{"line":82,"column":null}}]},"7":{"loc":{"start":{"line":119,"column":2},"end":{"line":121,"column":null}},"type":"if","locations":[{"start":{"line":119,"column":2},"end":{"line":121,"column":null}}]},"8":{"loc":{"start":{"line":119,"column":6},"end":{"line":119,"column":35}},"type":"binary-expr","locations":[{"start":{"line":119,"column":6},"end":{"line":119,"column":20}},{"start":{"line":119,"column":20},"end":{"line":119,"column":35}}]},"9":{"loc":{"start":{"line":123,"column":2},"end":{"line":125,"column":null}},"type":"if","locations":[{"start":{"line":123,"column":2},"end":{"line":125,"column":null}}]},"10":{"loc":{"start":{"line":134,"column":17},"end":{"line":134,"column":38}},"type":"binary-expr","locations":[{"start":{"line":134,"column":17},"end":{"line":134,"column":27}},{"start":{"line":134,"column":31},"end":{"line":134,"column":38}}]},"11":{"loc":{"start":{"line":138,"column":2},"end":{"line":140,"column":null}},"type":"if","locations":[{"start":{"line":138,"column":2},"end":{"line":140,"column":null}}]},"12":{"loc":{"start":{"line":146,"column":4},"end":{"line":146,"column":null}},"type":"binary-expr","locations":[{"start":{"line":146,"column":4},"end":{"line":146,"column":14}},{"start":{"line":146,"column":18},"end":{"line":146,"column":null}}]},"13":{"loc":{"start":{"line":181,"column":2},"end":{"line":186,"column":null}},"type":"if","locations":[{"start":{"line":181,"column":2},"end":{"line":186,"column":null}}]},"14":{"loc":{"start":{"line":181,"column":6},"end":{"line":181,"column":81}},"type":"binary-expr","locations":[{"start":{"line":181,"column":6},"end":{"line":181,"column":20}},{"start":{"line":181,"column":20},"end":{"line":181,"column":49}},{"start":{"line":181,"column":49},"end":{"line":181,"column":81}}]},"15":{"loc":{"start":{"line":197,"column":2},"end":{"line":199,"column":null}},"type":"if","locations":[{"start":{"line":197,"column":2},"end":{"line":199,"column":null}}]},"16":{"loc":{"start":{"line":205,"column":4},"end":{"line":205,"column":null}},"type":"binary-expr","locations":[{"start":{"line":205,"column":4},"end":{"line":205,"column":14}},{"start":{"line":205,"column":18},"end":{"line":205,"column":null}}]},"17":{"loc":{"start":{"line":233,"column":2},"end":{"line":238,"column":null}},"type":"if","locations":[{"start":{"line":233,"column":2},"end":{"line":238,"column":null}}]},"18":{"loc":{"start":{"line":233,"column":6},"end":{"line":233,"column":61}},"type":"binary-expr","locations":[{"start":{"line":233,"column":6},"end":{"line":233,"column":36}},{"start":{"line":233,"column":36},"end":{"line":233,"column":61}}]},"19":{"loc":{"start":{"line":241,"column":2},"end":{"line":246,"column":null}},"type":"if","locations":[{"start":{"line":241,"column":2},"end":{"line":246,"column":null}}]},"20":{"loc":{"start":{"line":255,"column":2},"end":{"line":257,"column":null}},"type":"if","locations":[{"start":{"line":255,"column":2},"end":{"line":257,"column":null}}]},"21":{"loc":{"start":{"line":263,"column":4},"end":{"line":263,"column":null}},"type":"binary-expr","locations":[{"start":{"line":263,"column":4},"end":{"line":263,"column":14}},{"start":{"line":263,"column":18},"end":{"line":263,"column":null}}]},"22":{"loc":{"start":{"line":294,"column":4},"end":{"line":299,"column":null}},"type":"if","locations":[{"start":{"line":294,"column":4},"end":{"line":299,"column":null}}]},"23":{"loc":{"start":{"line":294,"column":8},"end":{"line":294,"column":28}},"type":"binary-expr","locations":[{"start":{"line":294,"column":8},"end":{"line":294,"column":21}},{"start":{"line":294,"column":21},"end":{"line":294,"column":28}}]},"24":{"loc":{"start":{"line":303,"column":27},"end":{"line":303,"column":null}},"type":"binary-expr","locations":[{"start":{"line":303,"column":27},"end":{"line":303,"column":56}},{"start":{"line":303,"column":56},"end":{"line":303,"column":null}}]},"25":{"loc":{"start":{"line":304,"column":28},"end":{"line":304,"column":null}},"type":"binary-expr","locations":[{"start":{"line":304,"column":28},"end":{"line":304,"column":58}},{"start":{"line":304,"column":58},"end":{"line":304,"column":null}}]},"26":{"loc":{"start":{"line":320,"column":4},"end":{"line":322,"column":null}},"type":"if","locations":[{"start":{"line":320,"column":4},"end":{"line":322,"column":null}}]},"27":{"loc":{"start":{"line":323,"column":4},"end":{"line":325,"column":null}},"type":"if","locations":[{"start":{"line":323,"column":4},"end":{"line":325,"column":null}}]},"28":{"loc":{"start":{"line":326,"column":4},"end":{"line":328,"column":null}},"type":"if","locations":[{"start":{"line":326,"column":4},"end":{"line":328,"column":null}}]},"29":{"loc":{"start":{"line":332,"column":4},"end":{"line":334,"column":null}},"type":"if","locations":[{"start":{"line":332,"column":4},"end":{"line":334,"column":null}}]},"30":{"loc":{"start":{"line":353,"column":15},"end":{"line":353,"column":null}},"type":"cond-expr","locations":[{"start":{"line":353,"column":40},"end":{"line":353,"column":53}},{"start":{"line":353,"column":56},"end":{"line":353,"column":null}}]}},"s":{"0":0,"1":0,"2":0,"3":0,"4":0,"5":0,"6":0,"7":0,"8":0,"9":0,"10":0,"11":0,"12":0,"13":0,"14":0,"15":0,"16":0,"17":0,"18":0,"19":0,"20":0,"21":0,"22":0,"23":0,"24":0,"25":0,"26":0,"27":0,"28":0,"29":0,"30":0,"31":0,"32":0,"33":0,"34":0,"35":0,"36":0,"37":0,"38":0,"39":0,"40":0,"41":0,"42":0,"43":0,"44":0,"45":0,"46":0,"47":0,"48":0,"49":0,"50":0,"51":0,"52":0,"53":0,"54":0,"55":0,"56":0,"57":0,"58":0,"59":0,"60":0,"61":0,"62":0,"63":0,"64":0,"65":0,"66":0,"67":0,"68":0,"69":0,"70":0,"71":0,"72":0,"73":0,"74":0,"75":0,"76":0,"77":0,"78":0,"79":0,"80":0,"81":0,"82":0},"f":{"0":0,"1":0,"2":0,"3":0,"4":0,"5":0,"6":0},"b":{"0":[0],"1":[0,0],"2":[0,0,0,0,0],"3":[0,0],"4":[0,0],"5":[0],"6":[0,0],"7":[0],"8":[0,0],"9":[0],"10":[0,0],"11":[0],"12":[0,0],"13":[0],"14":[0,0,0],"15":[0],"16":[0,0],"17":[0],"18":[0,0],"19":[0],"20":[0],"21":[0,0],"22":[0],"23":[0,0],"24":[0,0],"25":[0,0],"26":[0],"27":[0],"28":[0],"29":[0],"30":[0,0]}}
,"C:\\CSHOP\\unecorailelectric\\src\\app\\api\\test\\disposal\\route.ts": {"path":"C:\\CSHOP\\unecorailelectric\\src\\app\\api\\test\\disposal\\route.ts","statementMap":{"0":{"start":{"line":3,"column":22},"end":{"line":3,"column":27}},"1":{"start":{"line":1,"column":42},"end":{"line":1,"column":null}},"2":{"start":{"line":4,"column":2},"end":{"line":66,"column":null}},"3":{"start":{"line":5,"column":17},"end":{"line":5,"column":null}},"4":{"start":{"line":7,"column":60},"end":{"line":7,"column":null}},"5":{"start":{"line":10,"column":4},"end":{"line":15,"column":null}},"6":{"start":{"line":11,"column":6},"end":{"line":14,"column":null}},"7":{"start":{"line":17,"column":4},"end":{"line":22,"column":null}},"8":{"start":{"line":18,"column":6},"end":{"line":21,"column":null}},"9":{"start":{"line":24,"column":4},"end":{"line":29,"column":null}},"10":{"start":{"line":25,"column":6},"end":{"line":28,"column":null}},"11":{"start":{"line":31,"column":4},"end":{"line":36,"column":null}},"12":{"start":{"line":32,"column":6},"end":{"line":35,"column":null}},"13":{"start":{"line":39,"column":25},"end":{"line":50,"column":null}},"14":{"start":{"line":52,"column":4},"end":{"line":57,"column":null}},"15":{"start":{"line":60,"column":4},"end":{"line":60,"column":null}},"16":{"start":{"line":61,"column":4},"end":{"line":65,"column":null}}},"fnMap":{"0":{"name":"POST","decl":{"start":{"line":3,"column":22},"end":{"line":3,"column":27}},"loc":{"start":{"line":3,"column":47},"end":{"line":67,"column":null}}}},"branchMap":{"0":{"loc":{"start":{"line":10,"column":4},"end":{"line":15,"column":null}},"type":"if","locations":[{"start":{"line":10,"column":4},"end":{"line":15,"column":null}}]},"1":{"loc":{"start":{"line":10,"column":8},"end":{"line":10,"column":45}},"type":"binary-expr","locations":[{"start":{"line":10,"column":8},"end":{"line":10,"column":19}},{"start":{"line":10,"column":19},"end":{"line":10,"column":45}}]},"2":{"loc":{"start":{"line":17,"column":4},"end":{"line":22,"column":null}},"type":"if","locations":[{"start":{"line":17,"column":4},"end":{"line":22,"column":null}}]},"3":{"loc":{"start":{"line":17,"column":8},"end":{"line":17,"column":36}},"type":"binary-expr","locations":[{"start":{"line":17,"column":8},"end":{"line":17,"column":21}},{"start":{"line":17,"column":21},"end":{"line":17,"column":36}}]},"4":{"loc":{"start":{"line":24,"column":4},"end":{"line":29,"column":null}},"type":"if","locations":[{"start":{"line":24,"column":4},"end":{"line":29,"column":null}}]},"5":{"loc":{"start":{"line":24,"column":8},"end":{"line":24,"column":45}},"type":"binary-expr","locations":[{"start":{"line":24,"column":8},"end":{"line":24,"column":19}},{"start":{"line":24,"column":19},"end":{"line":24,"column":45}}]},"6":{"loc":{"start":{"line":31,"column":4},"end":{"line":36,"column":null}},"type":"if","locations":[{"start":{"line":31,"column":4},"end":{"line":36,"column":null}}]},"7":{"loc":{"start":{"line":31,"column":8},"end":{"line":31,"column":53}},"type":"binary-expr","locations":[{"start":{"line":31,"column":8},"end":{"line":31,"column":23}},{"start":{"line":31,"column":23},"end":{"line":31,"column":53}}]},"8":{"loc":{"start":{"line":44,"column":13},"end":{"line":44,"column":null}},"type":"binary-expr","locations":[{"start":{"line":44,"column":13},"end":{"line":44,"column":22}},{"start":{"line":44,"column":22},"end":{"line":44,"column":null}}]},"9":{"loc":{"start":{"line":64,"column":15},"end":{"line":64,"column":null}},"type":"cond-expr","locations":[{"start":{"line":64,"column":40},"end":{"line":64,"column":53}},{"start":{"line":64,"column":56},"end":{"line":64,"column":null}}]}},"s":{"0":0,"1":0,"2":0,"3":0,"4":0,"5":0,"6":0,"7":0,"8":0,"9":0,"10":0,"11":0,"12":0,"13":0,"14":0,"15":0,"16":0},"f":{"0":0},"b":{"0":[0],"1":[0,0],"2":[0],"3":[0,0],"4":[0],"5":[0,0],"6":[0],"7":[0,0],"8":[0,0],"9":[0,0]}}
,"C:\\CSHOP\\unecorailelectric\\src\\app\\api\\test\\run-all\\route.ts": {"path":"C:\\CSHOP\\unecorailelectric\\src\\app\\api\\test\\run-all\\route.ts","statementMap":{"0":{"start":{"line":3,"column":22},"end":{"line":3,"column":null}},"1":{"start":{"line":1,"column":29},"end":{"line":1,"column":null}},"2":{"start":{"line":4,"column":2},"end":{"line":131,"column":null}},"3":{"start":{"line":5,"column":24},"end":{"line":5,"column":26}},"4":{"start":{"line":6,"column":22},"end":{"line":6,"column":null}},"5":{"start":{"line":9,"column":4},"end":{"line":9,"column":null}},"6":{"start":{"line":10,"column":4},"end":{"line":15,"column":null}},"7":{"start":{"line":18,"column":4},"end":{"line":18,"column":null}},"8":{"start":{"line":19,"column":4},"end":{"line":29,"column":null}},"9":{"start":{"line":32,"column":4},"end":{"line":32,"column":null}},"10":{"start":{"line":33,"column":4},"end":{"line":44,"column":null}},"11":{"start":{"line":47,"column":4},"end":{"line":47,"column":null}},"12":{"start":{"line":48,"column":4},"end":{"line":59,"column":null}},"13":{"start":{"line":62,"column":4},"end":{"line":62,"column":null}},"14":{"start":{"line":63,"column":4},"end":{"line":73,"column":null}},"15":{"start":{"line":76,"column":4},"end":{"line":76,"column":null}},"16":{"start":{"line":77,"column":4},"end":{"line":86,"column":null}},"17":{"start":{"line":89,"column":4},"end":{"line":89,"column":null}},"18":{"start":{"line":90,"column":4},"end":{"line":100,"column":null}},"19":{"start":{"line":102,"column":20},"end":{"line":102,"column":null}},"20":{"start":{"line":103,"column":22},"end":{"line":103,"column":null}},"21":{"start":{"line":106,"column":25},"end":{"line":106,"column":79}},"22":{"start":{"line":106,"column":49},"end":{"line":106,"column":73}},"23":{"start":{"line":107,"column":23},"end":{"line":107,"column":75}},"24":{"start":{"line":107,"column":47},"end":{"line":107,"column":69}},"25":{"start":{"line":108,"column":24},"end":{"line":108,"column":null}},"26":{"start":{"line":110,"column":4},"end":{"line":122,"column":null}},"27":{"start":{"line":125,"column":4},"end":{"line":125,"column":null}},"28":{"start":{"line":126,"column":4},"end":{"line":130,"column":null}}},"fnMap":{"0":{"name":"POST","decl":{"start":{"line":3,"column":22},"end":{"line":3,"column":null}},"loc":{"start":{"line":3,"column":22},"end":{"line":132,"column":null}}},"1":{"name":"(anonymous_2)","decl":{"start":{"line":106,"column":44},"end":{"line":106,"column":49}},"loc":{"start":{"line":106,"column":49},"end":{"line":106,"column":73}}},"2":{"name":"(anonymous_3)","decl":{"start":{"line":107,"column":42},"end":{"line":107,"column":47}},"loc":{"start":{"line":107,"column":47},"end":{"line":107,"column":69}}}},"branchMap":{"0":{"loc":{"start":{"line":108,"column":24},"end":{"line":108,"column":null}},"type":"cond-expr","locations":[{"start":{"line":108,"column":49},"end":{"line":108,"column":93}},{"start":{"line":108,"column":93},"end":{"line":108,"column":null}}]},"1":{"loc":{"start":{"line":129,"column":15},"end":{"line":129,"column":null}},"type":"cond-expr","locations":[{"start":{"line":129,"column":40},"end":{"line":129,"column":53}},{"start":{"line":129,"column":56},"end":{"line":129,"column":null}}]}},"s":{"0":0,"1":0,"2":0,"3":0,"4":0,"5":0,"6":0,"7":0,"8":0,"9":0,"10":0,"11":0,"12":0,"13":0,"14":0,"15":0,"16":0,"17":0,"18":0,"19":0,"20":0,"21":0,"22":0,"23":0,"24":0,"25":0,"26":0,"27":0,"28":0},"f":{"0":0,"1":0,"2":0},"b":{"0":[0,0],"1":[0,0]}}
,"C:\\CSHOP\\unecorailelectric\\src\\app\\api\\test\\search\\route.ts": {"path":"C:\\CSHOP\\unecorailelectric\\src\\app\\api\\test\\search\\route.ts","statementMap":{"0":{"start":{"line":96,"column":22},"end":{"line":96,"column":26}},"1":{"start":{"line":3,"column":22},"end":{"line":3,"column":27}},"2":{"start":{"line":1,"column":42},"end":{"line":1,"column":null}},"3":{"start":{"line":4,"column":2},"end":{"line":93,"column":null}},"4":{"start":{"line":5,"column":17},"end":{"line":5,"column":null}},"5":{"start":{"line":7,"column":61},"end":{"line":7,"column":null}},"6":{"start":{"line":10,"column":4},"end":{"line":15,"column":null}},"7":{"start":{"line":11,"column":6},"end":{"line":14,"column":null}},"8":{"start":{"line":17,"column":4},"end":{"line":22,"column":null}},"9":{"start":{"line":18,"column":6},"end":{"line":21,"column":null}},"10":{"start":{"line":25,"column":25},"end":{"line":46,"column":null}},"11":{"start":{"line":49,"column":28},"end":{"line":52,"column":null}},"12":{"start":{"line":50,"column":6},"end":{"line":52,"column":null}},"13":{"start":{"line":56,"column":26},"end":{"line":56,"column":null}},"14":{"start":{"line":56,"column":64},"end":{"line":56,"column":100}},"15":{"start":{"line":57,"column":23},"end":{"line":57,"column":null}},"16":{"start":{"line":57,"column":61},"end":{"line":57,"column":93}},"17":{"start":{"line":58,"column":25},"end":{"line":58,"column":null}},"18":{"start":{"line":61,"column":33},"end":{"line":65,"column":null}},"19":{"start":{"line":62,"column":18},"end":{"line":62,"column":null}},"20":{"start":{"line":63,"column":6},"end":{"line":63,"column":null}},"21":{"start":{"line":64,"column":6},"end":{"line":64,"column":null}},"22":{"start":{"line":67,"column":4},"end":{"line":84,"column":null}},"23":{"start":{"line":87,"column":4},"end":{"line":87,"column":null}},"24":{"start":{"line":88,"column":4},"end":{"line":92,"column":null}},"25":{"start":{"line":97,"column":2},"end":{"line":160,"column":null}},"26":{"start":{"line":98,"column":29},"end":{"line":98,"column":null}},"27":{"start":{"line":99,"column":18},"end":{"line":99,"column":null}},"28":{"start":{"line":102,"column":4},"end":{"line":107,"column":null}},"29":{"start":{"line":103,"column":6},"end":{"line":106,"column":null}},"30":{"start":{"line":110,"column":25},"end":{"line":131,"column":null}},"31":{"start":{"line":134,"column":28},"end":{"line":137,"column":null}},"32":{"start":{"line":135,"column":6},"end":{"line":137,"column":null}},"33":{"start":{"line":140,"column":4},"end":{"line":151,"column":null}},"34":{"start":{"line":146,"column":61},"end":{"line":146,"column":97}},"35":{"start":{"line":147,"column":58},"end":{"line":147,"column":90}},"36":{"start":{"line":154,"column":4},"end":{"line":154,"column":null}},"37":{"start":{"line":155,"column":4},"end":{"line":159,"column":null}}},"fnMap":{"0":{"name":"POST","decl":{"start":{"line":3,"column":22},"end":{"line":3,"column":27}},"loc":{"start":{"line":3,"column":47},"end":{"line":94,"column":null}}},"1":{"name":"(anonymous_4)","decl":{"start":{"line":49,"column":48},"end":{"line":49,"column":null}},"loc":{"start":{"line":50,"column":6},"end":{"line":52,"column":null}}},"2":{"name":"(anonymous_5)","decl":{"start":{"line":56,"column":49},"end":{"line":56,"column":50}},"loc":{"start":{"line":56,"column":64},"end":{"line":56,"column":100}}},"3":{"name":"(anonymous_6)","decl":{"start":{"line":57,"column":46},"end":{"line":57,"column":47}},"loc":{"start":{"line":57,"column":61},"end":{"line":57,"column":93}}},"4":{"name":"(anonymous_7)","decl":{"start":{"line":61,"column":56},"end":{"line":61,"column":57}},"loc":{"start":{"line":61,"column":62},"end":{"line":65,"column":7}}},"5":{"name":"GET","decl":{"start":{"line":96,"column":22},"end":{"line":96,"column":26}},"loc":{"start":{"line":96,"column":46},"end":{"line":161,"column":null}}},"6":{"name":"(anonymous_9)","decl":{"start":{"line":134,"column":48},"end":{"line":134,"column":null}},"loc":{"start":{"line":135,"column":6},"end":{"line":137,"column":null}}},"7":{"name":"(anonymous_10)","decl":{"start":{"line":146,"column":46},"end":{"line":146,"column":47}},"loc":{"start":{"line":146,"column":61},"end":{"line":146,"column":97}}},"8":{"name":"(anonymous_11)","decl":{"start":{"line":147,"column":43},"end":{"line":147,"column":44}},"loc":{"start":{"line":147,"column":58},"end":{"line":147,"column":90}}}},"branchMap":{"0":{"loc":{"start":{"line":10,"column":4},"end":{"line":15,"column":null}},"type":"if","locations":[{"start":{"line":10,"column":4},"end":{"line":15,"column":null}}]},"1":{"loc":{"start":{"line":10,"column":8},"end":{"line":10,"column":36}},"type":"binary-expr","locations":[{"start":{"line":10,"column":8},"end":{"line":10,"column":18}},{"start":{"line":10,"column":18},"end":{"line":10,"column":36}}]},"2":{"loc":{"start":{"line":17,"column":4},"end":{"line":22,"column":null}},"type":"if","locations":[{"start":{"line":17,"column":4},"end":{"line":22,"column":null}}]},"3":{"loc":{"start":{"line":50,"column":6},"end":{"line":52,"column":null}},"type":"binary-expr","locations":[{"start":{"line":50,"column":6},"end":{"line":50,"column":null}},{"start":{"line":51,"column":6},"end":{"line":51,"column":null}},{"start":{"line":52,"column":6},"end":{"line":52,"column":null}}]},"4":{"loc":{"start":{"line":56,"column":71},"end":{"line":56,"column":100}},"type":"binary-expr","locations":[{"start":{"line":56,"column":71},"end":{"line":56,"column":92}},{"start":{"line":56,"column":96},"end":{"line":56,"column":100}}]},"5":{"loc":{"start":{"line":57,"column":68},"end":{"line":57,"column":93}},"type":"binary-expr","locations":[{"start":{"line":57,"column":68},"end":{"line":57,"column":85}},{"start":{"line":57,"column":89},"end":{"line":57,"column":93}}]},"6":{"loc":{"start":{"line":58,"column":25},"end":{"line":58,"column":null}},"type":"cond-expr","locations":[{"start":{"line":58,"column":54},"end":{"line":58,"column":83}},{"start":{"line":58,"column":83},"end":{"line":58,"column":null}}]},"7":{"loc":{"start":{"line":62,"column":18},"end":{"line":62,"column":null}},"type":"binary-expr","locations":[{"start":{"line":62,"column":18},"end":{"line":62,"column":31}},{"start":{"line":62,"column":35},"end":{"line":62,"column":null}}]},"8":{"loc":{"start":{"line":63,"column":18},"end":{"line":63,"column":35}},"type":"binary-expr","locations":[{"start":{"line":63,"column":18},"end":{"line":63,"column":26}},{"start":{"line":63,"column":30},"end":{"line":63,"column":35}}]},"9":{"loc":{"start":{"line":91,"column":15},"end":{"line":91,"column":null}},"type":"cond-expr","locations":[{"start":{"line":91,"column":40},"end":{"line":91,"column":53}},{"start":{"line":91,"column":56},"end":{"line":91,"column":null}}]},"10":{"loc":{"start":{"line":99,"column":18},"end":{"line":99,"column":null}},"type":"binary-expr","locations":[{"start":{"line":99,"column":18},"end":{"line":99,"column":43}},{"start":{"line":99,"column":43},"end":{"line":99,"column":null}}]},"11":{"loc":{"start":{"line":102,"column":4},"end":{"line":107,"column":null}},"type":"if","locations":[{"start":{"line":102,"column":4},"end":{"line":107,"column":null}}]},"12":{"loc":{"start":{"line":102,"column":8},"end":{"line":102,"column":36}},"type":"binary-expr","locations":[{"start":{"line":102,"column":8},"end":{"line":102,"column":18}},{"start":{"line":102,"column":18},"end":{"line":102,"column":36}}]},"13":{"loc":{"start":{"line":135,"column":6},"end":{"line":137,"column":null}},"type":"binary-expr","locations":[{"start":{"line":135,"column":6},"end":{"line":135,"column":null}},{"start":{"line":136,"column":6},"end":{"line":136,"column":null}},{"start":{"line":137,"column":6},"end":{"line":137,"column":null}}]},"14":{"loc":{"start":{"line":146,"column":68},"end":{"line":146,"column":97}},"type":"binary-expr","locations":[{"start":{"line":146,"column":68},"end":{"line":146,"column":89}},{"start":{"line":146,"column":93},"end":{"line":146,"column":97}}]},"15":{"loc":{"start":{"line":147,"column":65},"end":{"line":147,"column":90}},"type":"binary-expr","locations":[{"start":{"line":147,"column":65},"end":{"line":147,"column":82}},{"start":{"line":147,"column":86},"end":{"line":147,"column":90}}]},"16":{"loc":{"start":{"line":158,"column":15},"end":{"line":158,"column":null}},"type":"cond-expr","locations":[{"start":{"line":158,"column":40},"end":{"line":158,"column":53}},{"start":{"line":158,"column":56},"end":{"line":158,"column":null}}]}},"s":{"0":0,"1":0,"2":0,"3":0,"4":0,"5":0,"6":0,"7":0,"8":0,"9":0,"10":0,"11":0,"12":0,"13":0,"14":0,"15":0,"16":0,"17":0,"18":0,"19":0,"20":0,"21":0,"22":0,"23":0,"24":0,"25":0,"26":0,"27":0,"28":0,"29":0,"30":0,"31":0,"32":0,"33":0,"34":0,"35":0,"36":0,"37":0},"f":{"0":0,"1":0,"2":0,"3":0,"4":0,"5":0,"6":0,"7":0,"8":0},"b":{"0":[0],"1":[0,0],"2":[0],"3":[0,0,0],"4":[0,0],"5":[0,0],"6":[0,0],"7":[0,0],"8":[0,0],"9":[0,0],"10":[0,0],"11":[0],"12":[0,0],"13":[0,0,0],"14":[0,0],"15":[0,0],"16":[0,0]}}
,"C:\\CSHOP\\unecorailelectric\\src\\app\\api\\test\\setup\\route.ts": {"path":"C:\\CSHOP\\unecorailelectric\\src\\app\\api\\test\\setup\\route.ts","statementMap":{"0":{"start":{"line":135,"column":22},"end":{"line":135,"column":null}},"1":{"start":{"line":4,"column":22},"end":{"line":4,"column":null}},"2":{"start":{"line":1,"column":29},"end":{"line":1,"column":null}},"3":{"start":{"line":2,"column":43},"end":{"line":2,"column":null}},"4":{"start":{"line":5,"column":2},"end":{"line":132,"column":null}},"5":{"start":{"line":6,"column":21},"end":{"line":6,"column":null}},"6":{"start":{"line":9,"column":22},"end":{"line":49,"column":null}},"7":{"start":{"line":52,"column":29},"end":{"line":86,"column":null}},"8":{"start":{"line":89,"column":23},"end":{"line":89,"column":null}},"9":{"start":{"line":90,"column":23},"end":{"line":90,"column":null}},"10":{"start":{"line":93,"column":4},"end":{"line":101,"column":null}},"11":{"start":{"line":94,"column":24},"end":{"line":96,"column":null}},"12":{"start":{"line":98,"column":6},"end":{"line":100,"column":null}},"13":{"start":{"line":99,"column":8},"end":{"line":99,"column":null}},"14":{"start":{"line":104,"column":4},"end":{"line":112,"column":null}},"15":{"start":{"line":105,"column":24},"end":{"line":107,"column":null}},"16":{"start":{"line":109,"column":6},"end":{"line":111,"column":null}},"17":{"start":{"line":110,"column":8},"end":{"line":110,"column":null}},"18":{"start":{"line":114,"column":4},"end":{"line":123,"column":null}},"19":{"start":{"line":126,"column":4},"end":{"line":126,"column":null}},"20":{"start":{"line":127,"column":4},"end":{"line":131,"column":null}},"21":{"start":{"line":136,"column":2},"end":{"line":166,"column":null}},"22":{"start":{"line":137,"column":21},"end":{"line":137,"column":null}},"23":{"start":{"line":140,"column":34},"end":{"line":143,"column":null}},"24":{"start":{"line":145,"column":34},"end":{"line":148,"column":null}},"25":{"start":{"line":150,"column":4},"end":{"line":152,"column":null}},"26":{"start":{"line":151,"column":6},"end":{"line":151,"column":null}},"27":{"start":{"line":154,"column":4},"end":{"line":157,"column":null}},"28":{"start":{"line":160,"column":4},"end":{"line":160,"column":null}},"29":{"start":{"line":161,"column":4},"end":{"line":165,"column":null}}},"fnMap":{"0":{"name":"POST","decl":{"start":{"line":4,"column":22},"end":{"line":4,"column":null}},"loc":{"start":{"line":4,"column":22},"end":{"line":133,"column":null}}},"1":{"name":"DELETE","decl":{"start":{"line":135,"column":22},"end":{"line":135,"column":null}},"loc":{"start":{"line":135,"column":22},"end":{"line":167,"column":null}}}},"branchMap":{"0":{"loc":{"start":{"line":98,"column":6},"end":{"line":100,"column":null}},"type":"if","locations":[{"start":{"line":98,"column":6},"end":{"line":100,"column":null}}]},"1":{"loc":{"start":{"line":109,"column":6},"end":{"line":111,"column":null}},"type":"if","locations":[{"start":{"line":109,"column":6},"end":{"line":111,"column":null}}]},"2":{"loc":{"start":{"line":130,"column":15},"end":{"line":130,"column":null}},"type":"cond-expr","locations":[{"start":{"line":130,"column":40},"end":{"line":130,"column":53}},{"start":{"line":130,"column":56},"end":{"line":130,"column":null}}]},"3":{"loc":{"start":{"line":150,"column":4},"end":{"line":152,"column":null}},"type":"if","locations":[{"start":{"line":150,"column":4},"end":{"line":152,"column":null}}]},"4":{"loc":{"start":{"line":150,"column":8},"end":{"line":150,"column":34}},"type":"binary-expr","locations":[{"start":{"line":150,"column":8},"end":{"line":150,"column":22}},{"start":{"line":150,"column":22},"end":{"line":150,"column":34}}]},"5":{"loc":{"start":{"line":164,"column":15},"end":{"line":164,"column":null}},"type":"cond-expr","locations":[{"start":{"line":164,"column":40},"end":{"line":164,"column":53}},{"start":{"line":164,"column":56},"end":{"line":164,"column":null}}]}},"s":{"0":0,"1":0,"2":0,"3":0,"4":0,"5":0,"6":0,"7":0,"8":0,"9":0,"10":0,"11":0,"12":0,"13":0,"14":0,"15":0,"16":0,"17":0,"18":0,"19":0,"20":0,"21":0,"22":0,"23":0,"24":0,"25":0,"26":0,"27":0,"28":0,"29":0},"f":{"0":0,"1":0},"b":{"0":[0],"1":[0],"2":[0,0],"3":[0],"4":[0,0],"5":[0,0]}}
,"C:\\CSHOP\\unecorailelectric\\src\\app\\api\\test\\stock-in\\route.ts": {"path":"C:\\CSHOP\\unecorailelectric\\src\\app\\api\\test\\stock-in\\route.ts","statementMap":{"0":{"start":{"line":3,"column":22},"end":{"line":3,"column":27}},"1":{"start":{"line":1,"column":42},"end":{"line":1,"column":null}},"2":{"start":{"line":4,"column":2},"end":{"line":88,"column":null}},"3":{"start":{"line":5,"column":17},"end":{"line":5,"column":null}},"4":{"start":{"line":7,"column":99},"end":{"line":7,"column":null}},"5":{"start":{"line":10,"column":4},"end":{"line":15,"column":null}},"6":{"start":{"line":11,"column":6},"end":{"line":14,"column":null}},"7":{"start":{"line":17,"column":4},"end":{"line":22,"column":null}},"8":{"start":{"line":18,"column":6},"end":{"line":21,"column":null}},"9":{"start":{"line":24,"column":4},"end":{"line":29,"column":null}},"10":{"start":{"line":25,"column":6},"end":{"line":28,"column":null}},"11":{"start":{"line":31,"column":4},"end":{"line":36,"column":null}},"12":{"start":{"line":32,"column":6},"end":{"line":35,"column":null}},"13":{"start":{"line":38,"column":4},"end":{"line":43,"column":null}},"14":{"start":{"line":39,"column":6},"end":{"line":42,"column":null}},"15":{"start":{"line":45,"column":4},"end":{"line":50,"column":null}},"16":{"start":{"line":46,"column":6},"end":{"line":49,"column":null}},"17":{"start":{"line":52,"column":4},"end":{"line":57,"column":null}},"18":{"start":{"line":53,"column":6},"end":{"line":56,"column":null}},"19":{"start":{"line":60,"column":24},"end":{"line":72,"column":null}},"20":{"start":{"line":74,"column":4},"end":{"line":79,"column":null}},"21":{"start":{"line":82,"column":4},"end":{"line":82,"column":null}},"22":{"start":{"line":83,"column":4},"end":{"line":87,"column":null}}},"fnMap":{"0":{"name":"POST","decl":{"start":{"line":3,"column":22},"end":{"line":3,"column":27}},"loc":{"start":{"line":3,"column":47},"end":{"line":89,"column":null}}}},"branchMap":{"0":{"loc":{"start":{"line":10,"column":4},"end":{"line":15,"column":null}},"type":"if","locations":[{"start":{"line":10,"column":4},"end":{"line":15,"column":null}}]},"1":{"loc":{"start":{"line":10,"column":8},"end":{"line":10,"column":49}},"type":"binary-expr","locations":[{"start":{"line":10,"column":8},"end":{"line":10,"column":21}},{"start":{"line":10,"column":21},"end":{"line":10,"column":49}}]},"2":{"loc":{"start":{"line":17,"column":4},"end":{"line":22,"column":null}},"type":"if","locations":[{"start":{"line":17,"column":4},"end":{"line":22,"column":null}}]},"3":{"loc":{"start":{"line":17,"column":8},"end":{"line":17,"column":36}},"type":"binary-expr","locations":[{"start":{"line":17,"column":8},"end":{"line":17,"column":21}},{"start":{"line":17,"column":21},"end":{"line":17,"column":36}}]},"4":{"loc":{"start":{"line":24,"column":4},"end":{"line":29,"column":null}},"type":"if","locations":[{"start":{"line":24,"column":4},"end":{"line":29,"column":null}}]},"5":{"loc":{"start":{"line":24,"column":8},"end":{"line":24,"column":38}},"type":"binary-expr","locations":[{"start":{"line":24,"column":8},"end":{"line":24,"column":22}},{"start":{"line":24,"column":22},"end":{"line":24,"column":38}}]},"6":{"loc":{"start":{"line":31,"column":4},"end":{"line":36,"column":null}},"type":"if","locations":[{"start":{"line":31,"column":4},"end":{"line":36,"column":null}}]},"7":{"loc":{"start":{"line":31,"column":8},"end":{"line":31,"column":102}},"type":"binary-expr","locations":[{"start":{"line":31,"column":8},"end":{"line":31,"column":26}},{"start":{"line":31,"column":26},"end":{"line":31,"column":102}}]},"8":{"loc":{"start":{"line":38,"column":4},"end":{"line":43,"column":null}},"type":"if","locations":[{"start":{"line":38,"column":4},"end":{"line":43,"column":null}}]},"9":{"loc":{"start":{"line":38,"column":8},"end":{"line":38,"column":45}},"type":"binary-expr","locations":[{"start":{"line":38,"column":8},"end":{"line":38,"column":19}},{"start":{"line":38,"column":19},"end":{"line":38,"column":45}}]},"10":{"loc":{"start":{"line":45,"column":4},"end":{"line":50,"column":null}},"type":"if","locations":[{"start":{"line":45,"column":4},"end":{"line":50,"column":null}}]},"11":{"loc":{"start":{"line":45,"column":8},"end":{"line":45,"column":51}},"type":"binary-expr","locations":[{"start":{"line":45,"column":8},"end":{"line":45,"column":22}},{"start":{"line":45,"column":22},"end":{"line":45,"column":51}}]},"12":{"loc":{"start":{"line":52,"column":4},"end":{"line":57,"column":null}},"type":"if","locations":[{"start":{"line":52,"column":4},"end":{"line":57,"column":null}}]},"13":{"loc":{"start":{"line":52,"column":8},"end":{"line":52,"column":53}},"type":"binary-expr","locations":[{"start":{"line":52,"column":8},"end":{"line":52,"column":23}},{"start":{"line":52,"column":23},"end":{"line":52,"column":53}}]},"14":{"loc":{"start":{"line":65,"column":13},"end":{"line":65,"column":null}},"type":"binary-expr","locations":[{"start":{"line":65,"column":13},"end":{"line":65,"column":22}},{"start":{"line":65,"column":22},"end":{"line":65,"column":null}}]},"15":{"loc":{"start":{"line":86,"column":15},"end":{"line":86,"column":null}},"type":"cond-expr","locations":[{"start":{"line":86,"column":40},"end":{"line":86,"column":53}},{"start":{"line":86,"column":56},"end":{"line":86,"column":null}}]}},"s":{"0":0,"1":0,"2":0,"3":0,"4":0,"5":0,"6":0,"7":0,"8":0,"9":0,"10":0,"11":0,"12":0,"13":0,"14":0,"15":0,"16":0,"17":0,"18":0,"19":0,"20":0,"21":0,"22":0},"f":{"0":0},"b":{"0":[0],"1":[0,0],"2":[0],"3":[0,0],"4":[0],"5":[0,0],"6":[0],"7":[0,0],"8":[0],"9":[0,0],"10":[0],"11":[0,0],"12":[0],"13":[0,0],"14":[0,0],"15":[0,0]}}
,"C:\\CSHOP\\unecorailelectric\\src\\app\\api\\test\\stock-out\\route.ts": {"path":"C:\\CSHOP\\unecorailelectric\\src\\app\\api\\test\\stock-out\\route.ts","statementMap":{"0":{"start":{"line":3,"column":22},"end":{"line":3,"column":27}},"1":{"start":{"line":1,"column":42},"end":{"line":1,"column":null}},"2":{"start":{"line":4,"column":2},"end":{"line":60,"column":null}},"3":{"start":{"line":5,"column":17},"end":{"line":5,"column":null}},"4":{"start":{"line":7,"column":69},"end":{"line":7,"column":null}},"5":{"start":{"line":10,"column":4},"end":{"line":15,"column":null}},"6":{"start":{"line":11,"column":6},"end":{"line":14,"column":null}},"7":{"start":{"line":17,"column":4},"end":{"line":22,"column":null}},"8":{"start":{"line":18,"column":6},"end":{"line":21,"column":null}},"9":{"start":{"line":24,"column":4},"end":{"line":29,"column":null}},"10":{"start":{"line":25,"column":6},"end":{"line":28,"column":null}},"11":{"start":{"line":32,"column":25},"end":{"line":44,"column":null}},"12":{"start":{"line":46,"column":4},"end":{"line":51,"column":null}},"13":{"start":{"line":54,"column":4},"end":{"line":54,"column":null}},"14":{"start":{"line":55,"column":4},"end":{"line":59,"column":null}}},"fnMap":{"0":{"name":"POST","decl":{"start":{"line":3,"column":22},"end":{"line":3,"column":27}},"loc":{"start":{"line":3,"column":47},"end":{"line":61,"column":null}}}},"branchMap":{"0":{"loc":{"start":{"line":10,"column":4},"end":{"line":15,"column":null}},"type":"if","locations":[{"start":{"line":10,"column":4},"end":{"line":15,"column":null}}]},"1":{"loc":{"start":{"line":10,"column":8},"end":{"line":10,"column":45}},"type":"binary-expr","locations":[{"start":{"line":10,"column":8},"end":{"line":10,"column":19}},{"start":{"line":10,"column":19},"end":{"line":10,"column":45}}]},"2":{"loc":{"start":{"line":17,"column":4},"end":{"line":22,"column":null}},"type":"if","locations":[{"start":{"line":17,"column":4},"end":{"line":22,"column":null}}]},"3":{"loc":{"start":{"line":17,"column":8},"end":{"line":17,"column":36}},"type":"binary-expr","locations":[{"start":{"line":17,"column":8},"end":{"line":17,"column":21}},{"start":{"line":17,"column":21},"end":{"line":17,"column":36}}]},"4":{"loc":{"start":{"line":24,"column":4},"end":{"line":29,"column":null}},"type":"if","locations":[{"start":{"line":24,"column":4},"end":{"line":29,"column":null}}]},"5":{"loc":{"start":{"line":24,"column":8},"end":{"line":24,"column":49}},"type":"binary-expr","locations":[{"start":{"line":24,"column":8},"end":{"line":24,"column":21}},{"start":{"line":24,"column":21},"end":{"line":24,"column":49}}]},"6":{"loc":{"start":{"line":36,"column":15},"end":{"line":36,"column":null}},"type":"binary-expr","locations":[{"start":{"line":36,"column":15},"end":{"line":36,"column":26}},{"start":{"line":36,"column":26},"end":{"line":36,"column":null}}]},"7":{"loc":{"start":{"line":37,"column":13},"end":{"line":37,"column":null}},"type":"binary-expr","locations":[{"start":{"line":37,"column":13},"end":{"line":37,"column":22}},{"start":{"line":37,"column":22},"end":{"line":37,"column":null}}]},"8":{"loc":{"start":{"line":38,"column":16},"end":{"line":38,"column":null}},"type":"binary-expr","locations":[{"start":{"line":38,"column":16},"end":{"line":38,"column":28}},{"start":{"line":38,"column":28},"end":{"line":38,"column":null}}]},"9":{"loc":{"start":{"line":58,"column":15},"end":{"line":58,"column":null}},"type":"cond-expr","locations":[{"start":{"line":58,"column":40},"end":{"line":58,"column":53}},{"start":{"line":58,"column":56},"end":{"line":58,"column":null}}]}},"s":{"0":0,"1":0,"2":0,"3":0,"4":0,"5":0,"6":0,"7":0,"8":0,"9":0,"10":0,"11":0,"12":0,"13":0,"14":0},"f":{"0":0},"b":{"0":[0],"1":[0,0],"2":[0],"3":[0,0],"4":[0],"5":[0,0],"6":[0,0],"7":[0,0],"8":[0,0],"9":[0,0]}}
,"C:\\CSHOP\\unecorailelectric\\src\\app\\manual-management\\page.tsx": {"path":"C:\\CSHOP\\unecorailelectric\\src\\app\\manual-management\\page.tsx","statementMap":{"0":{"start":{"line":18,"column":24},"end":{"line":18,"column":null}},"1":{"start":{"line":3,"column":25},"end":{"line":3,"column":null}},"2":{"start":{"line":4,"column":26},"end":{"line":4,"column":null}},"3":{"start":{"line":5,"column":23},"end":{"line":5,"column":null}},"4":{"start":{"line":6,"column":57},"end":{"line":6,"column":null}},"5":{"start":{"line":7,"column":77},"end":{"line":7,"column":null}},"6":{"start":{"line":19,"column":17},"end":{"line":19,"column":null}},"7":{"start":{"line":20,"column":38},"end":{"line":20,"column":null}},"8":{"start":{"line":21,"column":50},"end":{"line":21,"column":null}},"9":{"start":{"line":24,"column":36},"end":{"line":49,"column":null}},"10":{"start":{"line":52,"column":21},"end":{"line":52,"column":null}},"11":{"start":{"line":55,"column":26},"end":{"line":60,"column":null}},"12":{"start":{"line":56,"column":26},"end":{"line":57,"column":null}},"13":{"start":{"line":58,"column":28},"end":{"line":58,"column":null}},"14":{"start":{"line":59,"column":4},"end":{"line":59,"column":null}},"15":{"start":{"line":77,"column":29},"end":{"line":77,"column":null}},"16":{"start":{"line":108,"column":33},"end":{"line":108,"column":null}},"17":{"start":{"line":116,"column":31},"end":{"line":116,"column":null}},"18":{"start":{"line":120,"column":16},"end":{"line":120,"column":39}},"19":{"start":{"line":140,"column":12},"end":{"line":140,"column":32}}},"fnMap":{"0":{"name":"ManualManagementPage","decl":{"start":{"line":18,"column":24},"end":{"line":18,"column":null}},"loc":{"start":{"line":18,"column":24},"end":{"line":219,"column":null}}},"1":{"name":"(anonymous_2)","decl":{"start":{"line":55,"column":45},"end":{"line":55,"column":null}},"loc":{"start":{"line":55,"column":45},"end":{"line":60,"column":null}}},"2":{"name":"(anonymous_3)","decl":{"start":{"line":77,"column":23},"end":{"line":77,"column":29}},"loc":{"start":{"line":77,"column":29},"end":{"line":77,"column":null}}},"3":{"name":"(anonymous_4)","decl":{"start":{"line":108,"column":26},"end":{"line":108,"column":27}},"loc":{"start":{"line":108,"column":33},"end":{"line":108,"column":null}}},"4":{"name":"(anonymous_5)","decl":{"start":{"line":116,"column":24},"end":{"line":116,"column":25}},"loc":{"start":{"line":116,"column":31},"end":{"line":116,"column":null}}},"5":{"name":"(anonymous_6)","decl":{"start":{"line":119,"column":30},"end":{"line":119,"column":null}},"loc":{"start":{"line":120,"column":16},"end":{"line":120,"column":39}}},"6":{"name":"(anonymous_7)","decl":{"start":{"line":139,"column":31},"end":{"line":139,"column":32}},"loc":{"start":{"line":140,"column":12},"end":{"line":140,"column":32}}}},"branchMap":{"0":{"loc":{"start":{"line":56,"column":26},"end":{"line":57,"column":null}},"type":"binary-expr","locations":[{"start":{"line":56,"column":26},"end":{"line":56,"column":null}},{"start":{"line":57,"column":25},"end":{"line":57,"column":null}}]},"1":{"loc":{"start":{"line":58,"column":28},"end":{"line":58,"column":null}},"type":"binary-expr","locations":[{"start":{"line":58,"column":28},"end":{"line":58,"column":58}},{"start":{"line":58,"column":58},"end":{"line":58,"column":null}}]},"2":{"loc":{"start":{"line":59,"column":11},"end":{"line":59,"column":null}},"type":"binary-expr","locations":[{"start":{"line":59,"column":11},"end":{"line":59,"column":28}},{"start":{"line":59,"column":28},"end":{"line":59,"column":null}}]},"3":{"loc":{"start":{"line":121,"column":19},"end":{"line":121,"column":null}},"type":"cond-expr","locations":[{"start":{"line":121,"column":40},"end":{"line":121,"column":47}},{"start":{"line":121,"column":47},"end":{"line":121,"column":null}}]},"4":{"loc":{"start":{"line":183,"column":9},"end":{"line":183,"column":null}},"type":"binary-expr","locations":[{"start":{"line":183,"column":9},"end":{"line":183,"column":null}}]},"5":{"loc":{"start":{"line":189,"column":17},"end":{"line":189,"column":null}},"type":"cond-expr","locations":[{"start":{"line":189,"column":30},"end":{"line":189,"column":64}},{"start":{"line":189,"column":67},"end":{"line":189,"column":null}}]}},"s":{"0":0,"1":0,"2":0,"3":0,"4":0,"5":0,"6":0,"7":0,"8":0,"9":0,"10":0,"11":0,"12":0,"13":0,"14":0,"15":0,"16":0,"17":0,"18":0,"19":0},"f":{"0":0,"1":0,"2":0,"3":0,"4":0,"5":0,"6":0},"b":{"0":[0,0],"1":[0,0],"2":[0,0],"3":[0,0],"4":[0],"5":[0,0]}}
,"C:\\CSHOP\\unecorailelectric\\src\\app\\simple\\page.tsx": {"path":"C:\\CSHOP\\unecorailelectric\\src\\app\\simple\\page.tsx","statementMap":{"0":{"start":{"line":1,"column":24},"end":{"line":1,"column":null}}},"fnMap":{"0":{"name":"SimplePage","decl":{"start":{"line":1,"column":24},"end":{"line":1,"column":null}},"loc":{"start":{"line":1,"column":24},"end":{"line":14,"column":null}}}},"branchMap":{},"s":{"0":0},"f":{"0":0},"b":{}}
,"C:\\CSHOP\\unecorailelectric\\src\\app\\sop\\page.tsx": {"path":"C:\\CSHOP\\unecorailelectric\\src\\app\\sop\\page.tsx","statementMap":{"0":{"start":{"line":8,"column":24},"end":{"line":8,"column":null}},"1":{"start":{"line":3,"column":25},"end":{"line":3,"column":null}},"2":{"start":{"line":4,"column":26},"end":{"line":4,"column":null}},"3":{"start":{"line":5,"column":23},"end":{"line":5,"column":null}},"4":{"start":{"line":6,"column":76},"end":{"line":6,"column":null}},"5":{"start":{"line":9,"column":17},"end":{"line":9,"column":null}},"6":{"start":{"line":10,"column":38},"end":{"line":10,"column":null}},"7":{"start":{"line":11,"column":50},"end":{"line":11,"column":null}},"8":{"start":{"line":14,"column":21},"end":{"line":19,"column":null}},"9":{"start":{"line":22,"column":23},"end":{"line":73,"column":null}},"10":{"start":{"line":76,"column":28},"end":{"line":81,"column":null}},"11":{"start":{"line":77,"column":26},"end":{"line":78,"column":null}},"12":{"start":{"line":79,"column":28},"end":{"line":79,"column":null}},"13":{"start":{"line":80,"column":4},"end":{"line":80,"column":null}},"14":{"start":{"line":97,"column":31},"end":{"line":97,"column":null}},"15":{"start":{"line":172,"column":33},"end":{"line":172,"column":null}},"16":{"start":{"line":176,"column":18},"end":{"line":176,"column":44}},"17":{"start":{"line":189,"column":35},"end":{"line":189,"column":null}},"18":{"start":{"line":243,"column":18},"end":{"line":243,"column":35}}},"fnMap":{"0":{"name":"SOPPage","decl":{"start":{"line":8,"column":24},"end":{"line":8,"column":null}},"loc":{"start":{"line":8,"column":24},"end":{"line":311,"column":null}}},"1":{"name":"(anonymous_2)","decl":{"start":{"line":76,"column":48},"end":{"line":76,"column":null}},"loc":{"start":{"line":76,"column":48},"end":{"line":81,"column":null}}},"2":{"name":"(anonymous_3)","decl":{"start":{"line":97,"column":25},"end":{"line":97,"column":31}},"loc":{"start":{"line":97,"column":31},"end":{"line":97,"column":null}}},"3":{"name":"(anonymous_4)","decl":{"start":{"line":172,"column":26},"end":{"line":172,"column":27}},"loc":{"start":{"line":172,"column":33},"end":{"line":172,"column":null}}},"4":{"name":"(anonymous_5)","decl":{"start":{"line":175,"column":32},"end":{"line":175,"column":null}},"loc":{"start":{"line":176,"column":18},"end":{"line":176,"column":44}}},"5":{"name":"(anonymous_6)","decl":{"start":{"line":189,"column":28},"end":{"line":189,"column":29}},"loc":{"start":{"line":189,"column":35},"end":{"line":189,"column":null}}},"6":{"name":"(anonymous_7)","decl":{"start":{"line":242,"column":39},"end":{"line":242,"column":40}},"loc":{"start":{"line":243,"column":18},"end":{"line":243,"column":35}}}},"branchMap":{"0":{"loc":{"start":{"line":77,"column":26},"end":{"line":78,"column":null}},"type":"binary-expr","locations":[{"start":{"line":77,"column":26},"end":{"line":77,"column":null}},{"start":{"line":78,"column":25},"end":{"line":78,"column":null}}]},"1":{"loc":{"start":{"line":79,"column":28},"end":{"line":79,"column":null}},"type":"binary-expr","locations":[{"start":{"line":79,"column":28},"end":{"line":79,"column":58}},{"start":{"line":79,"column":58},"end":{"line":79,"column":null}}]},"2":{"loc":{"start":{"line":80,"column":11},"end":{"line":80,"column":null}},"type":"binary-expr","locations":[{"start":{"line":80,"column":11},"end":{"line":80,"column":28}},{"start":{"line":80,"column":28},"end":{"line":80,"column":null}}]},"3":{"loc":{"start":{"line":263,"column":25},"end":{"line":263,"column":null}},"type":"cond-expr","locations":[{"start":{"line":263,"column":51},"end":{"line":263,"column":58}},{"start":{"line":263,"column":58},"end":{"line":263,"column":null}}]}},"s":{"0":0,"1":0,"2":0,"3":0,"4":0,"5":0,"6":0,"7":0,"8":0,"9":0,"10":0,"11":0,"12":0,"13":0,"14":0,"15":0,"16":0,"17":0,"18":0},"f":{"0":0,"1":0,"2":0,"3":0,"4":0,"5":0,"6":0},"b":{"0":[0,0],"1":[0,0],"2":[0,0],"3":[0,0]}}
,"C:\\CSHOP\\unecorailelectric\\src\\app\\stock-closing\\page.tsx": {"path":"C:\\CSHOP\\unecorailelectric\\src\\app\\stock-closing\\page.tsx","statementMap":{"0":{"start":{"line":65,"column":24},"end":{"line":65,"column":null}},"1":{"start":{"line":3,"column":36},"end":{"line":3,"column":null}},"2":{"start":{"line":4,"column":26},"end":{"line":4,"column":null}},"3":{"start":{"line":5,"column":23},"end":{"line":5,"column":null}},"4":{"start":{"line":6,"column":57},"end":{"line":6,"column":null}},"5":{"start":{"line":17,"column":7},"end":{"line":17,"column":null}},"6":{"start":{"line":18,"column":28},"end":{"line":18,"column":null}},"7":{"start":{"line":19,"column":33},"end":{"line":19,"column":null}},"8":{"start":{"line":66,"column":17},"end":{"line":66,"column":null}},"9":{"start":{"line":67,"column":46},"end":{"line":67,"column":null}},"10":{"start":{"line":68,"column":40},"end":{"line":68,"column":null}},"11":{"start":{"line":69,"column":38},"end":{"line":69,"column":null}},"12":{"start":{"line":70,"column":46},"end":{"line":70,"column":null}},"13":{"start":{"line":71,"column":56},"end":{"line":71,"column":null}},"14":{"start":{"line":72,"column":56},"end":{"line":72,"column":null}},"15":{"start":{"line":73,"column":48},"end":{"line":73,"column":null}},"16":{"start":{"line":74,"column":42},"end":{"line":74,"column":null}},"17":{"start":{"line":75,"column":48},"end":{"line":75,"column":null}},"18":{"start":{"line":76,"column":48},"end":{"line":76,"column":null}},"19":{"start":{"line":79,"column":2},"end":{"line":93,"column":null}},"20":{"start":{"line":80,"column":16},"end":{"line":80,"column":null}},"21":{"start":{"line":81,"column":18},"end":{"line":81,"column":null}},"22":{"start":{"line":82,"column":17},"end":{"line":82,"column":null}},"23":{"start":{"line":84,"column":18},"end":{"line":84,"column":null}},"24":{"start":{"line":85,"column":4},"end":{"line":88,"column":null}},"25":{"start":{"line":85,"column":34},"end":{"line":85,"column":null}},"26":{"start":{"line":86,"column":9},"end":{"line":88,"column":null}},"27":{"start":{"line":86,"column":39},"end":{"line":86,"column":null}},"28":{"start":{"line":87,"column":9},"end":{"line":88,"column":null}},"29":{"start":{"line":87,"column":41},"end":{"line":87,"column":null}},"30":{"start":{"line":88,"column":9},"end":{"line":88,"column":null}},"31":{"start":{"line":90,"column":4},"end":{"line":90,"column":null}},"32":{"start":{"line":91,"column":4},"end":{"line":91,"column":null}},"33":{"start":{"line":92,"column":4},"end":{"line":92,"column":null}},"34":{"start":{"line":96,"column":26},"end":{"line":111,"column":null}},"35":{"start":{"line":97,"column":16},"end":{"line":97,"column":null}},"36":{"start":{"line":98,"column":25},"end":{"line":98,"column":null}},"37":{"start":{"line":99,"column":24},"end":{"line":99,"column":null}},"38":{"start":{"line":102,"column":50},"end":{"line":102,"column":null}},"39":{"start":{"line":103,"column":25},"end":{"line":103,"column":47}},"40":{"start":{"line":105,"column":4},"end":{"line":110,"column":null}},"41":{"start":{"line":107,"column":6},"end":{"line":107,"column":null}},"42":{"start":{"line":109,"column":6},"end":{"line":109,"column":null}},"43":{"start":{"line":114,"column":31},"end":{"line":132,"column":null}},"44":{"start":{"line":115,"column":4},"end":{"line":115,"column":null}},"45":{"start":{"line":118,"column":30},"end":{"line":128,"column":null}},"46":{"start":{"line":118,"column":49},"end":{"line":128,"column":null}},"47":{"start":{"line":130,"column":4},"end":{"line":130,"column":null}},"48":{"start":{"line":131,"column":4},"end":{"line":131,"column":null}},"49":{"start":{"line":135,"column":31},"end":{"line":152,"column":null}},"50":{"start":{"line":136,"column":4},"end":{"line":136,"column":null}},"51":{"start":{"line":139,"column":30},"end":{"line":148,"column":null}},"52":{"start":{"line":140,"column":25},"end":{"line":140,"column":null}},"53":{"start":{"line":140,"column":49},"end":{"line":140,"column":67}},"54":{"start":{"line":141,"column":6},"end":{"line":146,"column":null}},"55":{"start":{"line":142,"column":8},"end":{"line":145,"column":null}},"56":{"start":{"line":147,"column":6},"end":{"line":147,"column":null}},"57":{"start":{"line":150,"column":4},"end":{"line":150,"column":null}},"58":{"start":{"line":151,"column":4},"end":{"line":151,"column":null}},"59":{"start":{"line":155,"column":31},"end":{"line":190,"column":null}},"60":{"start":{"line":156,"column":4},"end":{"line":159,"column":null}},"61":{"start":{"line":157,"column":6},"end":{"line":157,"column":null}},"62":{"start":{"line":158,"column":6},"end":{"line":158,"column":null}},"63":{"start":{"line":161,"column":4},"end":{"line":164,"column":null}},"64":{"start":{"line":162,"column":6},"end":{"line":162,"column":null}},"65":{"start":{"line":163,"column":6},"end":{"line":163,"column":null}},"66":{"start":{"line":166,"column":4},"end":{"line":189,"column":null}},"67":{"start":{"line":168,"column":27},"end":{"line":171,"column":null}},"68":{"start":{"line":168,"column":51},"end":{"line":171,"column":null}},"69":{"start":{"line":174,"column":38},"end":{"line":180,"column":null}},"70":{"start":{"line":182,"column":6},"end":{"line":182,"column":null}},"71":{"start":{"line":182,"column":32},"end":{"line":182,"column":null}},"72":{"start":{"line":183,"column":6},"end":{"line":183,"column":null}},"73":{"start":{"line":185,"column":6},"end":{"line":185,"column":null}},"74":{"start":{"line":187,"column":6},"end":{"line":187,"column":null}},"75":{"start":{"line":188,"column":6},"end":{"line":188,"column":null}},"76":{"start":{"line":193,"column":30},"end":{"line":208,"column":null}},"77":{"start":{"line":194,"column":4},"end":{"line":207,"column":null}},"78":{"start":{"line":196,"column":27},"end":{"line":196,"column":null}},"79":{"start":{"line":196,"column":54},"end":{"line":196,"column":null}},"80":{"start":{"line":197,"column":6},"end":{"line":200,"column":null}},"81":{"start":{"line":198,"column":8},"end":{"line":198,"column":null}},"82":{"start":{"line":199,"column":8},"end":{"line":199,"column":null}},"83":{"start":{"line":203,"column":6},"end":{"line":203,"column":null}},"84":{"start":{"line":205,"column":6},"end":{"line":205,"column":null}},"85":{"start":{"line":206,"column":6},"end":{"line":206,"column":null}},"86":{"start":{"line":211,"column":29},"end":{"line":222,"column":null}},"87":{"start":{"line":212,"column":20},"end":{"line":212,"column":null}},"88":{"start":{"line":212,"column":45},"end":{"line":212,"column":null}},"89":{"start":{"line":213,"column":4},"end":{"line":213,"column":null}},"90":{"start":{"line":213,"column":18},"end":{"line":213,"column":null}},"91":{"start":{"line":215,"column":4},"end":{"line":221,"column":null}},"92":{"start":{"line":220,"column":57},"end":{"line":220,"column":83}},"93":{"start":{"line":225,"column":25},"end":{"line":235,"column":null}},"94":{"start":{"line":226,"column":19},"end":{"line":226,"column":null}},"95":{"start":{"line":227,"column":4},"end":{"line":230,"column":null}},"96":{"start":{"line":228,"column":6},"end":{"line":228,"column":null}},"97":{"start":{"line":229,"column":6},"end":{"line":229,"column":null}},"98":{"start":{"line":233,"column":23},"end":{"line":233,"column":null}},"99":{"start":{"line":234,"column":4},"end":{"line":234,"column":null}},"100":{"start":{"line":237,"column":28},"end":{"line":259,"column":null}},"101":{"start":{"line":238,"column":20},"end":{"line":238,"column":null}},"102":{"start":{"line":238,"column":45},"end":{"line":238,"column":null}},"103":{"start":{"line":239,"column":4},"end":{"line":239,"column":null}},"104":{"start":{"line":239,"column":18},"end":{"line":239,"column":null}},"105":{"start":{"line":241,"column":20},"end":{"line":241,"column":null}},"106":{"start":{"line":242,"column":17},"end":{"line":256,"column":null}},"107":{"start":{"line":242,"column":52},"end":{"line":256,"column":null}},"108":{"start":{"line":258,"column":4},"end":{"line":258,"column":null}},"109":{"start":{"line":258,"column":41},"end":{"line":258,"column":56}},"110":{"start":{"line":261,"column":22},"end":{"line":267,"column":null}},"111":{"start":{"line":262,"column":17},"end":{"line":262,"column":null}},"112":{"start":{"line":263,"column":17},"end":{"line":263,"column":null}},"113":{"start":{"line":264,"column":4},"end":{"line":264,"column":null}},"114":{"start":{"line":265,"column":4},"end":{"line":265,"column":null}},"115":{"start":{"line":266,"column":4},"end":{"line":266,"column":null}},"116":{"start":{"line":281,"column":29},"end":{"line":281,"column":null}},"117":{"start":{"line":352,"column":37},"end":
[...]
":{"line":192,"column":null}},"97":{"start":{"line":193,"column":4},"end":{"line":193,"column":null}},"98":{"start":{"line":194,"column":4},"end":{"line":194,"column":null}},"99":{"start":{"line":201,"column":24},"end":{"line":211,"column":null}},"100":{"start":{"line":205,"column":39},"end":{"line":205,"column":null}},"101":{"start":{"line":207,"column":2},"end":{"line":210,"column":null}},"102":{"start":{"line":208,"column":4},"end":{"line":208,"column":null}},"103":{"start":{"line":208,"column":17},"end":{"line":208,"column":null}},"104":{"start":{"line":209,"column":4},"end":{"line":209,"column":null}},"105":{"start":{"line":209,"column":31},"end":{"line":209,"column":46}},"106":{"start":{"line":216,"column":24},"end":{"line":229,"column":null}},"107":{"start":{"line":220,"column":28},"end":{"line":220,"column":null}},"108":{"start":{"line":222,"column":2},"end":{"line":228,"column":null}},"109":{"start":{"line":223,"column":4},"end":{"line":227,"column":null}},"110":{"start":{"line":224,"column":6},"end":{"line":224,"column":null}},"111":{"start":{"line":225,"column":6},"end":{"line":225,"column":null}},"112":{"start":{"line":226,"column":6},"end":{"line":226,"column":null}},"113":{"start":{"line":226,"column":23},"end":{"line":226,"column":43}},"114":{"start":{"line":234,"column":32},"end":{"line":273,"column":null}},"115":{"start":{"line":236,"column":4},"end":{"line":241,"column":null}},"116":{"start":{"line":237,"column":6},"end":{"line":237,"column":null}},"117":{"start":{"line":239,"column":6},"end":{"line":239,"column":null}},"118":{"start":{"line":240,"column":6},"end":{"line":240,"column":null}},"119":{"start":{"line":245,"column":4},"end":{"line":251,"column":null}},"120":{"start":{"line":246,"column":6},"end":{"line":246,"column":null}},"121":{"start":{"line":247,"column":6},"end":{"line":247,"column":null}},"122":{"start":{"line":249,"column":6},"end":{"line":249,"column":null}},"123":{"start":{"line":250,"column":6},"end":{"line":250,"column":null}},"124":{"start":{"line":255,"column":4},"end":{"line":261,"column":null}},"125":{"start":{"line":256,"column":6},"end":{"line":256,"column":null}},"126":{"start":{"line":257,"column":6},"end":{"line":257,"column":null}},"127":{"start":{"line":259,"column":6},"end":{"line":259,"column":null}},"128":{"start":{"line":260,"column":6},"end":{"line":260,"column":null}},"129":{"start":{"line":265,"column":4},"end":{"line":271,"column":null}},"130":{"start":{"line":266,"column":6},"end":{"line":266,"column":null}},"131":{"start":{"line":267,"column":6},"end":{"line":267,"column":null}},"132":{"start":{"line":269,"column":6},"end":{"line":269,"column":null}},"133":{"start":{"line":270,"column":6},"end":{"line":270,"column":null}}},"fnMap":{"0":{"name":"cn","decl":{"start":{"line":4,"column":16},"end":{"line":4,"column":19}},"loc":{"start":{"line":4,"column":42},"end":{"line":6,"column":null}}},"1":{"name":"(anonymous_17)","decl":{"start":{"line":11,"column":30},"end":{"line":11,"column":31}},"loc":{"start":{"line":11,"column":31},"end":{"line":21,"column":null}}},"2":{"name":"(anonymous_18)","decl":{"start":{"line":26,"column":35},"end":{"line":26,"column":36}},"loc":{"start":{"line":26,"column":36},"end":{"line":35,"column":null}}},"3":{"name":"(anonymous_19)","decl":{"start":{"line":40,"column":37},"end":{"line":40,"column":38}},"loc":{"start":{"line":40,"column":38},"end":{"line":49,"column":null}}},"4":{"name":"(anonymous_20)","decl":{"start":{"line":54,"column":26},"end":{"line":54,"column":27}},"loc":{"start":{"line":54,"column":27},"end":{"line":69,"column":null}}},"5":{"name":"(anonymous_21)","decl":{"start":{"line":74,"column":30},"end":{"line":74,"column":31}},"loc":{"start":{"line":74,"column":31},"end":{"line":91,"column":null}}},"6":{"name":"(anonymous_22)","decl":{"start":{"line":96,"column":28},"end":{"line":96,"column":29}},"loc":{"start":{"line":96,"column":77},"end":{"line":105,"column":null}}},"7":{"name":"(anonymous_23)","decl":{"start":{"line":110,"column":30},"end":{"line":110,"column":31}},"loc":{"start":{"line":110,"column":79},"end":{"line":119,"column":null}}},"8":{"name":"(anonymous_24)","decl":{"start":{"line":125,"column":12},"end":{"line":125,"column":13}},"loc":{"start":{"line":125,"column":40},"end":{"line":125,"column":null}}},"9":{"name":"(anonymous_25)","decl":{"start":{"line":126,"column":13},"end":{"line":126,"column":14}},"loc":{"start":{"line":126,"column":54},"end":{"line":126,"column":null}}},"10":{"name":"(anonymous_26)","decl":{"start":{"line":127,"column":13},"end":{"line":127,"column":14}},"loc":{"start":{"line":127,"column":54},"end":{"line":127,"column":null}}},"11":{"name":"(anonymous_27)","decl":{"start":{"line":128,"column":9},"end":{"line":128,"column":10}},"loc":{"start":{"line":128,"column":37},"end":{"line":128,"column":null}}},"12":{"name":"(anonymous_28)","decl":{"start":{"line":129,"column":9},"end":{"line":129,"column":10}},"loc":{"start":{"line":129,"column":37},"end":{"line":129,"column":null}}},"13":{"name":"(anonymous_29)","decl":{"start":{"line":130,"column":10},"end":{"line":130,"column":11}},"loc":{"start":{"line":130,"column":38},"end":{"line":130,"column":null}}},"14":{"name":"(anonymous_30)","decl":{"start":{"line":131,"column":18},"end":{"line":131,"column":19}},"loc":{"start":{"line":131,"column":19},"end":{"line":134,"column":null}}},"15":{"name":"(anonymous_31)","decl":{"start":{"line":140,"column":24},"end":{"line":140,"column":25}},"loc":{"start":{"line":140,"column":58},"end":{"line":162,"column":null}}},"16":{"name":"(anonymous_32)","decl":{"start":{"line":167,"column":34},"end":{"line":167,"column":38}},"loc":{"start":{"line":167,"column":52},"end":{"line":179,"column":null}}},"17":{"name":"(anonymous_33)","decl":{"start":{"line":184,"column":39},"end":{"line":184,"column":49}},"loc":{"start":{"line":184,"column":63},"end":{"line":196,"column":null}}},"18":{"name":"(anonymous_34)","decl":{"start":{"line":201,"column":24},"end":{"line":201,"column":null}},"loc":{"start":{"line":203,"column":2},"end":{"line":211,"column":null}}},"19":{"name":"(anonymous_35)","decl":{"start":{"line":207,"column":9},"end":{"line":207,"column":10}},"loc":{"start":{"line":207,"column":13},"end":{"line":210,"column":null}}},"20":{"name":"(anonymous_36)","decl":{"start":{"line":209,"column":25},"end":{"line":209,"column":31}},"loc":{"start":{"line":209,"column":31},"end":{"line":209,"column":46}}},"21":{"name":"(anonymous_37)","decl":{"start":{"line":216,"column":24},"end":{"line":216,"column":null}},"loc":{"start":{"line":218,"column":2},"end":{"line":229,"column":null}}},"22":{"name":"(anonymous_38)","decl":{"start":{"line":222,"column":9},"end":{"line":222,"column":10}},"loc":{"start":{"line":222,"column":13},"end":{"line":228,"column":null}}},"23":{"name":"(anonymous_39)","decl":{"start":{"line":226,"column":17},"end":{"line":226,"column":23}},"loc":{"start":{"line":226,"column":23},"end":{"line":226,"column":43}}},"24":{"name":"(anonymous_40)","decl":{"start":{"line":235,"column":7},"end":{"line":235,"column":8}},"loc":{"start":{"line":235,"column":8},"end":{"line":242,"column":null}}},"25":{"name":"(anonymous_41)","decl":{"start":{"line":244,"column":7},"end":{"line":244,"column":8}},"loc":{"start":{"line":244,"column":21},"end":{"line":252,"column":null}}},"26":{"name":"(anonymous_42)","decl":{"start":{"line":254,"column":10},"end":{"line":254,"column":11}},"loc":{"start":{"line":254,"column":11},"end":{"line":262,"column":null}}},"27":{"name":"(anonymous_43)","decl":{"start":{"line":264,"column":9},"end":{"line":264,"column":null}},"loc":{"start":{"line":264,"column":9},"end":{"line":272,"column":null}}}},"branchMap":{"0":{"loc":{"start":{"line":27,"column":2},"end":{"line":34,"column":null}},"type":"switch","locations":[{"start":{"line":28,"column":4},"end":{"line":29,"column":null}},{"start":{"line":30,"column":4},"end":{"line":31,"column":null}},{"start":{"line":32,"column":4},"end":{"line":33,"column":null}}]},"1":{"loc":{"start":{"line":41,"column":2},"end":{"line":48,"column":null}},"type":"switch","locations":[{"start":{"line":42,"column":4},"end":{"line":43,"column":null}},{"start":{"line":44,"column":4},"end":{"line":45,"column":null}},{"start":{"line":46,"column":4},"end":{"line":47,"column":null}}]},"2":{"loc":{"start":{"line":57,"column":4},"end":{"line":59,"column":null}},"type":"if","locations":[{"start":{"line":57,"column":4},"end":{"line":59,"column":null}}]},"3":{"loc":{"start":{"line":77,"column":4},"end":{"line":79,"column":null}},"type":"if","locations":[{"start":{"line":77,"column":4},"end":{"line":79,"column":null}}]},"4":{"loc":{"start":{"line":96,"column":53},"end":{"line":96,"column":77}},"type":"default-arg","locations":[{"start":{"line":96,"column":76},"end":{"line":96,"column":77}}]},"5":{"loc":{"start":{"line":98,"column":4},"end":{"line":98,"column":null}},"type":"if","locations":[{"start":{"line":98,"column":4},"end":{"line":98,"column":null}}]},"6":{"loc":{"start":{"line":100,"column":11},"end":{"line":100,"column":null}},"type":"cond-expr","locations":[{"start":{"line":100,"column":27},"end":{"line":100,"column":42}},{"start":{"line":100,"column":42},"end":{"line":100,"column":null}}]},"7":{"loc":{"start":{"line":110,"column":55},"end":{"line":110,"column":79}},"type":"default-arg","locations":[{"start":{"line":110,"column":78},"end":{"line":110,"column":79}}]},"8":{"loc":{"start":{"line":112,"column":4},"end":{"line":112,"column":null}},"type":"if","locations":[{"start":{"line":112,"column":4},"end":{"line":112,"column":null}}]},"9":{"loc":{"start":{"line":114,"column":11},"end":{"line":114,"column":null}},"type":"cond-expr","locations":[{"start":{"line":114,"column":27},"end":{"line":114,"column":42}},{"start":{"line":114,"column":42},"end":{"line":114,"column":null}}]},"10":{"loc":{"start":{"line":130,"column":38},"end":{"line":130,"column":null}},"type":"binary-expr","locations":[{"start":{"line":130,"column":38},"end":{"line":130,"column":63}},{"start":{"line":130,"column":63},"end":{"line":130,"column":null}}]},"11":{"loc":{"start":{"line":133,"column":11},"end":{"line":133,"column":null}},"type":"binary-expr","locations":[{"start":{"line":133,"column":11},"end":{"line":133,"column":26}},{"start":{"line":133,"column":26},"end":{"line":133,"column":null}}]},"12":{"loc":{"start":{"line":144,"column":11},"end":{"line":148,"column":null}},"type":"cond-expr","locations":[{"start":{"line":144,"column":36},"end":{"line":148,"column":8}},{"start":{"line":148,"column":8},"end":{"line":148,"column":null}}]},"13":{"loc":{"start":{"line":150,"column":15},"end":{"line":150,"column":null}},"type":"cond-expr","locations":[{"start":{"line":150,"column":47},"end":{"line":150,"column":73}},{"start":{"line":150,"column":76},"end":{"line":150,"column":null}}]},"14":{"loc":{"start":{"line":151,"column":9},"end":{"line":151,"column":null}},"type":"cond-expr","locations":[{"start":{"line":151,"column":41},"end":{"line":151,"column":61}},{"start":{"line":151,"column":64},"end":{"line":151,"column":null}}]},"15":{"loc":{"start":{"line":158,"column":2},"end":{"line":161,"column":null}},"type":"if","locations":[{"start":{"line":158,"column":2},"end":{"line":161,"column":null}}]},"16":{"loc":{"start":{"line":208,"column":4},"end":{"line":208,"column":null}},"type":"if","locations":[{"start":{"line":208,"column":4},"end":{"line":208,"column":null}}]},"17":{"loc":{"start":{"line":223,"column":4},"end":{"line":227,"column":null}},"type":"if","locations":[{"start":{"line":223,"column":4},"end":{"line":227,"column":null}}]}},"s":{"0":0,"1":0,"2":1,"3":1,"4":0,"5":0,"6":0,"7":2,"8":0,"9":0,"10":0,"11":0,"12":2,"13":0,"14":0,"15":4,"16":4,"17":0,"18":4,"19":1,"20":1,"21":0,"22":0,"23":4,"24":0,"25":0,"26":0,"27":0,"28":4,"29":0,"30":0,"31":0,"32":0,"33":4,"34":1,"35":1,"36":1,"37":0,"38":1,"39":0,"40":0,"41":4,"42":0,"43":0,"44":0,"45":0,"46":0,"47":0,"48":0,"49":4,"50":2,"51":2,"52":0,"53":2,"54":2,"55":0,"56":0,"57":4,"58":0,"59":0,"60":0,"61":0,"62":0,"63":0,"64":0,"65":4,"66":0,"67":0,"68":0,"69":0,"70":0,"71":0,"72":0,"73":0,"74":4,"75":2,"76":2,"77":2,"78":0,"79":4,"80":0,"81":0,"82":0,"83":0,"84":0,"85":0,"86":0,"87":0,"88":0,"89":4,"90":0,"91":0,"92":0,"93":0,"94":0,"95":0,"96":0,"97":0,"98":0,"99":4,"100":0,"101":0,"102":0,"103":0,"104":0,"105":0,"106":4,"107":0,"108":0,"109":0,"110":0,"111":0,"112":0,"113":0,"114":4,"115":0,"116":0,"117":0,"118":0,"119":0,"120":0,"121":0,"122":0,"123":0,"124":0,"125":0,"126":0,"127":0,"128":0,"129":0,"130":0,"131":0,"132":0,"133":0},"f":{"0":0,"1":1,"2":0,"3":0,"4":1,"5":0,"6":2,"7":0,"8":0,"9":0,"10":0,"11":0,"12":0,"13":0,"14":0,"15":2,"16":0,"17":0,"18":0,"19":0,"20":0,"21":0,"22":0,"23":0,"24":0,"25":0,"26":0,"27":0},"b":{"0":[0,0,0],"1":[0,0,0],"2":[0],"3":[0],"4":[0],"5":[0],"6":[1,1],"7":[0],"8":[0],"9":[0,0],"10":[0,0],"11":[0,0],"12":[2,0],"13":[2,0],"14":[2,0],"15":[0],"16":[0],"17":[0]}}
,"C:\\CSHOP\\unecorailelectric\\src\\middleware\\rateLimit.ts": {"path":"C:\\CSHOP\\unecorailelectric\\src\\middleware\\rateLimit.ts","statementMap":{"0":{"start":{"line":118,"column":13},"end":{"line":118,"column":30}},"1":{"start":{"line":39,"column":16},"end":{"line":39,"column":34}},"2":{"start":{"line":121,"column":13},"end":{"line":121,"column":34}},"3":{"start":{"line":115,"column":13},"end":{"line":115,"column":32}},"4":{"start":{"line":124,"column":16},"end":{"line":124,"column":36}},"5":{"start":{"line":1,"column":42},"end":{"line":1,"column":null}},"6":{"start":{"line":2,"column":25},"end":{"line":2,"column":null}},"7":{"start":{"line":13,"column":22},"end":{"line":13,"column":null}},"8":{"start":{"line":16,"column":39},"end":{"line":21,"column":null}},"9":{"start":{"line":24,"column":37},"end":{"line":29,"column":null}},"10":{"start":{"line":32,"column":35},"end":{"line":37,"column":null}},"11":{"start":{"line":40,"column":2},"end":{"line":93,"column":null}},"12":{"start":{"line":41,"column":15},"end":{"line":41,"column":null}},"13":{"start":{"line":42,"column":16},"end":{"line":42,"column":null}},"14":{"start":{"line":45,"column":19},"end":{"line":45,"column":null}},"15":{"start":{"line":47,"column":4},"end":{"line":54,"column":null}},"16":{"start":{"line":49,"column":6},"end":{"line":52,"column":null}},"17":{"start":{"line":53,"column":6},"end":{"line":53,"column":null}},"18":{"start":{"line":57,"column":4},"end":{"line":57,"column":null}},"19":{"start":{"line":59,"column":4},"end":{"line":84,"column":null}},"20":{"start":{"line":61,"column":6},"end":{"line":66,"column":null}},"21":{"start":{"line":68,"column":6},"end":{"line":82,"column":null}},"22":{"start":{"line":87,"column":21},"end":{"line":87,"column":null}},"23":{"start":{"line":88,"column":4},"end":{"line":88,"column":null}},"24":{"start":{"line":89,"column":4},"end":{"line":89,"column":null}},"25":{"start":{"line":90,"column":4},"end":{"line":90,"column":null}},"26":{"start":{"line":92,"column":4},"end":{"line":92,"column":null}},"27":{"start":{"line":99,"column":23},"end":{"line":99,"column":null}},"28":{"start":{"line":100,"column":2},"end":{"line":102,"column":null}},"29":{"start":{"line":101,"column":4},"end":{"line":101,"column":null}},"30":{"start":{"line":105,"column":17},"end":{"line":105,"column":null}},"31":{"start":{"line":106,"column":2},"end":{"line":108,"column":null}},"32":{"start":{"line":107,"column":4},"end":{"line":107,"column":null}},"33":{"start":{"line":111,"column":2},"end":{"line":111,"column":null}},"34":{"start":{"line":115,"column":32},"end":{"line":115,"column":null}},"35":{"start":{"line":118,"column":30},"end":{"line":118,"column":null}},"36":{"start":{"line":121,"column":34},"end":{"line":121,"column":null}},"37":{"start":{"line":125,"column":19},"end":{"line":125,"column":43}},"38":{"start":{"line":128,"column":2},"end":{"line":130,"column":null}},"39":{"start":{"line":129,"column":4},"end":{"line":129,"column":null}},"40":{"start":{"line":133,"column":2},"end":{"line":135,"column":null}},"41":{"start":{"line":134,"column":4},"end":{"line":134,"column":null}},"42":{"start":{"line":138,"column":2},"end":{"line":138,"column":null}},"43":{"start":{"line":142,"column":0},"end":{"line":149,"column":14}},"44":{"start":{"line":143,"column":14},"end":{"line":143,"column":null}},"45":{"start":{"line":144,"column":2},"end":{"line":148,"column":null}},"46":{"start":{"line":145,"column":4},"end":{"line":147,"column":null}},"47":{"start":{"line":146,"column":6},"end":{"line":146,"column":null}}},"fnMap":{"0":{"name":"createRateLimiter","decl":{"start":{"line":39,"column":16},"end":{"line":39,"column":34}},"loc":{"start":{"line":39,"column":57},"end":{"line":94,"column":null}}},"1":{"name":"rateLimiter","decl":{"start":{"line":40,"column":18},"end":{"line":40,"column":30}},"loc":{"start":{"line":40,"column":50},"end":{"line":93,"column":null}}},"2":{"name":"getClientIP","decl":{"start":{"line":97,"column":9},"end":{"line":97,"column":21}},"loc":{"start":{"line":97,"column":41},"end":{"line":112,"column":null}}},"3":{"name":"rateLimitMiddleware","decl":{"start":{"line":124,"column":16},"end":{"line":124,"column":36}},"loc":{"start":{"line":124,"column":56},"end":{"line":139,"column":null}}},"4":{"name":"(anonymous_10)","decl":{"start":{"line":142,"column":12},"end":{"line":142,"column":null}},"loc":{"start":{"line":142,"column":12},"end":{"line":149,"column":3}}}},"branchMap":{"0":{"loc":{"start":{"line":47,"column":4},"end":{"line":54,"column":null}},"type":"if","locations":[{"start":{"line":47,"column":4},"end":{"line":54,"column":null}}]},"1":{"loc":{"start":{"line":47,"column":8},"end":{"line":47,"column":41}},"type":"binary-expr","locations":[{"start":{"line":47,"column":8},"end":{"line":47,"column":19}},{"start":{"line":47,"column":19},"end":{"line":47,"column":41}}]},"2":{"loc":{"start":{"line":59,"column":4},"end":{"line":84,"column":null}},"type":"if","locations":[{"start":{"line":59,"column":4},"end":{"line":84,"column":null}}]},"3":{"loc":{"start":{"line":100,"column":2},"end":{"line":102,"column":null}},"type":"if","locations":[{"start":{"line":100,"column":2},"end":{"line":102,"column":null}}]},"4":{"loc":{"start":{"line":101,"column":12},"end":{"line":101,"column":43}},"type":"binary-expr","locations":[{"start":{"line":101,"column":12},"end":{"line":101,"column":38}},{"start":{"line":101,"column":42},"end":{"line":101,"column":43}}]},"5":{"loc":{"start":{"line":106,"column":2},"end":{"line":108,"column":null}},"type":"if","locations":[{"start":{"line":106,"column":2},"end":{"line":108,"column":null}}]},"6":{"loc":{"start":{"line":111,"column":9},"end":{"line":111,"column":null}},"type":"binary-expr","locations":[{"start":{"line":111,"column":9},"end":{"line":111,"column":28}},{"start":{"line":111,"column":32},"end":{"line":111,"column":null}}]},"7":{"loc":{"start":{"line":128,"column":2},"end":{"line":130,"column":null}},"type":"if","locations":[{"start":{"line":128,"column":2},"end":{"line":130,"column":null}}]},"8":{"loc":{"start":{"line":128,"column":6},"end":{"line":128,"column":73}},"type":"binary-expr","locations":[{"start":{"line":128,"column":6},"end":{"line":128,"column":40}},{"start":{"line":128,"column":40},"end":{"line":128,"column":73}}]},"9":{"loc":{"start":{"line":133,"column":2},"end":{"line":135,"column":null}},"type":"if","locations":[{"start":{"line":133,"column":2},"end":{"line":135,"column":null}}]},"10":{"loc":{"start":{"line":145,"column":4},"end":{"line":147,"column":null}},"type":"if","locations":[{"start":{"line":145,"column":4},"end":{"line":147,"column":null}}]}},"s":{"0":0,"1":0,"2":0,"3":0,"4":0,"5":0,"6":0,"7":0,"8":0,"9":0,"10":0,"11":0,"12":0,"13":0,"14":0,"15":0,"16":0,"17":0,"18":0,"19":0,"20":0,"21":0,"22":0,"23":0,"24":0,"25":0,"26":0,"27":0,"28":0,"29":0,"30":0,"31":0,"32":0,"33":0,"34":0,"35":0,"36":0,"37":0,"38":0,"39":0,"40":0,"41":0,"42":0,"43":0,"44":0,"45":0,"46":0,"47":0},"f":{"0":0,"1":0,"2":0,"3":0,"4":0},"b":{"0":[0],"1":[0,0],"2":[0],"3":[0],"4":[0,0],"5":[0],"6":[0,0],"7":[0],"8":[0,0],"9":[0],"10":[0]}}
}
