TN:
SF:src\middleware.ts
FN:4,middleware
FN:65,(anonymous_4)
FNF:2
FNH:0
FNDA:0,middleware
FNDA:0,(anonymous_4)
DA:1,0
DA:4,0
DA:5,0
DA:8,0
DA:29,0
DA:65,0
DA:66,0
DA:70,0
DA:72,0
DA:76,0
LF:10
LH:0
BRF:0
BRH:0
end_of_record
TN:
SF:src\app\index.tsx
FN:10,HomePage
FN:18,(anonymous_2)
FN:47,(anonymous_3)
FN:87,(anonymous_4)
FN:106,(anonymous_5)
FNF:5
FNH:0
FNDA:0,HomePage
FNDA:0,(anonymous_2)
FNDA:0,(anonymous_3)
FNDA:0,(anonymous_4)
FNDA:0,(anonymous_5)
DA:3,0
DA:4,0
DA:5,0
DA:6,0
DA:7,0
DA:8,0
DA:10,0
DA:11,0
DA:12,0
DA:13,0
DA:14,0
DA:15,0
DA:18,0
DA:19,0
DA:20,0
DA:21,0
DA:23,0
DA:25,0
DA:26,0
DA:27,0
DA:31,0
DA:34,0
DA:35,0
DA:37,0
DA:40,0
DA:42,0
DA:47,0
DA:48,0
DA:49,0
DA:50,0
DA:87,0
DA:106,0
LF:32
LH:0
BRDA:25,0,0,0
BRDA:31,1,0,0
BRDA:31,1,1,0
BRDA:31,2,0,0
BRDA:31,2,1,0
BRDA:48,3,0,0
BRDA:49,4,0,0
BRDA:127,5,0,0
BRDA:139,6,0,0
BRDA:139,6,1,0
BRF:10
BRH:0
end_of_record
TN:
SF:src\app\layout.tsx
FN:20,RootLayout
FNF:1
FNH:0
FNDA:0,RootLayout
DA:2,0
DA:3,0
DA:5,0
DA:10,0
DA:15,0
DA:20,0
LF:6
LH:0
BRF:0
BRH:0
end_of_record
TN:
SF:src\app\page.tsx
FN:8,HomePage
FNF:1
FNH:0
FNDA:0,HomePage
DA:4,0
DA:5,0
DA:6,0
DA:8,0
LF:4
LH:0
BRF:0
BRH:0
end_of_record
TN:
SF:src\app\api\stock\in\route.ts
FN:6,POST
FN:148,GET
FNF:2
FNH:0
FNDA:0,POST
FNDA:0,GET
DA:1,0
DA:2,0
DA:3,0
DA:4,0
DA:6,0
DA:7,0
DA:8,0
DA:11,0
DA:14,0
DA:17,0
DA:18,0
DA:19,0
DA:26,0
DA:32,0
DA:33,0
DA:39,0
DA:41,0
DA:42,0
DA:44,0
DA:52,0
DA:53,0
DA:57,0
DA:75,0
DA:76,0
DA:79,0
DA:80,0
DA:84,0
DA:97,0
DA:98,0
DA:102,0
DA:117,0
DA:118,0
DA:121,0
DA:134,0
DA:136,0
DA:148,0
DA:149,0
DA:150,0
DA:153,0
DA:154,0
DA:155,0
DA:162,0
DA:163,0
DA:164,0
DA:165,0
DA:168,0
DA:177,0
DA:178,0
DA:181,0
DA:183,0
DA:184,0
DA:187,0
DA:199,0
DA:201,0
LF:54
LH:0
BRDA:18,0,0,0
BRDA:18,1,0,0
BRDA:18,1,1,0
BRDA:32,2,0,0
BRDA:32,3,0,0
BRDA:32,3,1,0
BRDA:39,4,0,0
BRDA:39,4,1,0
BRDA:42,5,0,0
BRDA:42,5,1,0
BRDA:52,6,0,0
BRDA:67,7,0,0
BRDA:67,7,1,0
BRDA:75,8,0,0
BRDA:93,9,0,0
BRDA:93,9,1,0
BRDA:97,10,0,0
BRDA:111,11,0,0
BRDA:111,11,1,0
BRDA:113,12,0,0
BRDA:113,12,1,0
BRDA:117,13,0,0
BRDA:139,14,0,0
BRDA:139,14,1,0
BRDA:154,15,0,0
BRDA:154,16,0,0
BRDA:154,16,1,0
BRDA:163,17,0,0
BRDA:163,17,1,0
BRDA:164,18,0,0
BRDA:164,18,1,0
BRDA:177,19,0,0
BRDA:183,20,0,0
BRDA:204,21,0,0
BRDA:204,21,1,0
BRF:35
BRH:0
end_of_record
TN:
SF:src\app\api\stock\transaction\route.ts
FN:8,POST
FN:9,(anonymous_4)
FN:58,handleStockIn
FN:108,handleStockOut
FN:171,handleStockAdjustment
FN:230,handleBulkOperation
FN:288,GET
FNF:7
FNH:0
FNDA:0,POST
FNDA:0,(anonymous_4)
FNDA:0,handleStockIn
FNDA:0,handleStockOut
FNDA:0,handleStockAdjustment
FNDA:0,handleBulkOperation
FNDA:0,GET
DA:1,0
DA:2,0
DA:3,0
DA:4,0
DA:5,0
DA:8,0
DA:9,0
DA:10,0
DA:11,0
DA:14,0
DA:15,0
DA:18,0
DA:19,0
DA:20,0
DA:27,0
DA:29,0
DA:31,0
DA:33,0
DA:35,0
DA:37,0
DA:43,0
DA:45,0
DA:60,0
DA:63,0
DA:74,0
DA:75,0
DA:79,0
DA:95,0
DA:110,0
DA:113,0
DA:119,0
DA:120,0
DA:123,0
DA:124,0
DA:128,0
DA:138,0
DA:139,0
DA:143,0
DA:159,0
DA:172,0
DA:175,0
DA:181,0
DA:182,0
DA:189,0
DA:197,0
DA:198,0
DA:202,0
DA:217,0
DA:231,0
DA:233,0
DA:234,0
DA:241,0
DA:242,0
DA:249,0
DA:255,0
DA:256,0
DA:260,0
DA:274,0
DA:288,0
DA:289,0
DA:290,0
DA:293,0
DA:294,0
DA:295,0
DA:302,0
DA:303,0
DA:304,0
DA:305,0
DA:306,0
DA:307,0
DA:310,0
DA:320,0
DA:321,0
DA:323,0
DA:324,0
DA:326,0
DA:327,0
DA:330,0
DA:332,0
DA:333,0
DA:336,0
DA:348,0
DA:350,0
LF:83
LH:0
BRDA:19,0,0,0
BRDA:19,1,0,0
BRDA:19,1,1,0
BRDA:27,2,0,0
BRDA:27,2,1,0
BRDA:27,2,2,0
BRDA:27,2,3,0
BRDA:27,2,4,0
BRDA:48,3,0,0
BRDA:48,3,1,0
BRDA:70,4,0,0
BRDA:70,4,1,0
BRDA:74,5,0,0
BRDA:82,6,0,0
BRDA:82,6,1,0
BRDA:119,7,0,0
BRDA:119,8,0,0
BRDA:119,8,1,0
BRDA:123,9,0,0
BRDA:134,10,0,0
BRDA:134,10,1,0
BRDA:138,11,0,0
BRDA:146,12,0,0
BRDA:146,12,1,0
BRDA:181,13,0,0
BRDA:181,14,0,0
BRDA:181,14,1,0
BRDA:181,14,2,0
BRDA:197,15,0,0
BRDA:205,16,0,0
BRDA:205,16,1,0
BRDA:233,17,0,0
BRDA:233,18,0,0
BRDA:233,18,1,0
BRDA:241,19,0,0
BRDA:255,20,0,0
BRDA:263,21,0,0
BRDA:263,21,1,0
BRDA:294,22,0,0
BRDA:294,23,0,0
BRDA:294,23,1,0
BRDA:303,24,0,0
BRDA:303,24,1,0
BRDA:304,25,0,0
BRDA:304,25,1,0
BRDA:320,26,0,0
BRDA:323,27,0,0
BRDA:326,28,0,0
BRDA:332,29,0,0
BRDA:353,30,0,0
BRDA:353,30,1,0
BRF:51
BRH:0
end_of_record
TN:
SF:src\app\api\test\disposal\route.ts
FN:3,POST
FNF:1
FNH:0
FNDA:0,POST
DA:1,0
DA:3,0
DA:4,0
DA:5,0
DA:7,0
DA:10,0
DA:11,0
DA:17,0
DA:18,0
DA:24,0
DA:25,0
DA:31,0
DA:32,0
DA:39,0
DA:52,0
DA:60,0
DA:61,0
LF:17
LH:0
BRDA:10,0,0,0
BRDA:10,1,0,0
BRDA:10,1,1,0
BRDA:17,2,0,0
BRDA:17,3,0,0
BRDA:17,3,1,0
BRDA:24,4,0,0
BRDA:24,5,0,0
BRDA:24,5,1,0
BRDA:31,6,0,0
BRDA:31,7,0,0
BRDA:31,7,1,0
BRDA:44,8,0,0
BRDA:44,8,1,0
BRDA:64,9,0,0
BRDA:64,9,1,0
BRF:16
BRH:0
end_of_record
TN:
SF:src\app\api\test\run-all\route.ts
FN:3,POST
FN:106,(anonymous_2)
FN:107,(anonymous_3)
FNF:3
FNH:0
FNDA:0,POST
FNDA:0,(anonymous_2)
FNDA:0,(anonymous_3)
DA:1,0
DA:3,0
DA:4,0
DA:5,0
DA:6,0
DA:9,0
DA:10,0
DA:18,0
DA:19,0
DA:32,0
DA:33,0
DA:47,0
DA:48,0
DA:62,0
DA:63,0
DA:76,0
DA:77,0
DA:89,0
DA:90,0
DA:102,0
DA:103,0
DA:106,0
DA:107,0
DA:108,0
DA:110,0
DA:125,0
DA:126,0
LF:27
LH:0
BRDA:108,0,0,0
BRDA:108,0,1,0
BRDA:129,1,0,0
BRDA:129,1,1,0
BRF:4
BRH:0
end_of_record
TN:
SF:src\app\api\test\search\route.ts
FN:3,POST
FN:49,(anonymous_4)
FN:56,(anonymous_5)
FN:57,(anonymous_6)
FN:61,(anonymous_7)
FN:96,GET
FN:134,(anonymous_9)
FN:146,(anonymous_10)
FN:147,(anonymous_11)
FNF:9
FNH:0
FNDA:0,POST
FNDA:0,(anonymous_4)
FNDA:0,(anonymous_5)
FNDA:0,(anonymous_6)
FNDA:0,(anonymous_7)
FNDA:0,GET
FNDA:0,(anonymous_9)
FNDA:0,(anonymous_10)
FNDA:0,(anonymous_11)
DA:1,0
DA:3,0
DA:4,0
DA:5,0
DA:7,0
DA:10,0
DA:11,0
DA:17,0
DA:18,0
DA:25,0
DA:49,0
DA:50,0
DA:56,0
DA:57,0
DA:58,0
DA:61,0
DA:62,0
DA:63,0
DA:64,0
DA:67,0
DA:87,0
DA:88,0
DA:96,0
DA:97,0
DA:98,0
DA:99,0
DA:102,0
DA:103,0
DA:110,0
DA:134,0
DA:135,0
DA:140,0
DA:146,0
DA:147,0
DA:154,0
DA:155,0
LF:36
LH:0
BRDA:10,0,0,0
BRDA:10,1,0,0
BRDA:10,1,1,0
BRDA:17,2,0,0
BRDA:50,3,0,0
BRDA:50,3,1,0
BRDA:50,3,2,0
BRDA:56,4,0,0
BRDA:56,4,1,0
BRDA:57,5,0,0
BRDA:57,5,1,0
BRDA:58,6,0,0
BRDA:58,6,1,0
BRDA:62,7,0,0
BRDA:62,7,1,0
BRDA:63,8,0,0
BRDA:63,8,1,0
BRDA:91,9,0,0
BRDA:91,9,1,0
BRDA:99,10,0,0
BRDA:99,10,1,0
BRDA:102,11,0,0
BRDA:102,12,0,0
BRDA:102,12,1,0
BRDA:135,13,0,0
BRDA:135,13,1,0
BRDA:135,13,2,0
BRDA:146,14,0,0
BRDA:146,14,1,0
BRDA:147,15,0,0
BRDA:147,15,1,0
BRDA:158,16,0,0
BRDA:158,16,1,0
BRF:33
BRH:0
end_of_record
TN:
SF:src\app\api\test\setup\route.ts
FN:4,POST
FN:135,DELETE
FNF:2
FNH:0
FNDA:0,POST
FNDA:0,DELETE
DA:1,0
DA:2,0
DA:4,0
DA:5,0
DA:6,0
DA:9,0
DA:52,0
DA:89,0
DA:90,0
DA:93,0
DA:94,0
DA:98,0
DA:99,0
DA:104,0
DA:105,0
DA:109,0
DA:110,0
DA:114,0
DA:126,0
DA:127,0
DA:135,0
DA:136,0
DA:137,0
DA:140,0
DA:145,0
DA:150,0
DA:151,0
DA:154,0
DA:160,0
DA:161,0
LF:30
LH:0
BRDA:98,0,0,0
BRDA:109,1,0,0
BRDA:130,2,0,0
BRDA:130,2,1,0
BRDA:150,3,0,0
BRDA:150,4,0,0
BRDA:150,4,1,0
BRDA:164,5,0,0
BRDA:164,5,1,0
BRF:9
BRH:0
end_of_record
TN:
SF:src\app\api\test\stock-in\route.ts
FN:3,POST
FNF:1
FNH:0
FNDA:0,POST
DA:1,0
DA:3,0
DA:4,0
DA:5,0
DA:7,0
DA:10,0
DA:11,0
DA:17,0
DA:18,0
DA:24,0
DA:25,0
DA:31,0
DA:32,0
DA:38,0
DA:39,0
DA:45,0
DA:46,0
DA:52,0
DA:53,0
DA:60,0
DA:74,0
DA:82,0
DA:83,0
LF:23
LH:0
BRDA:10,0,0,0
BRDA:10,1,0,0
BRDA:10,1,1,0
BRDA:17,2,0,0
BRDA:17,3,0,0
BRDA:17,3,1,0
BRDA:24,4,0,0
BRDA:24,5,0,0
BRDA:24,5,1,0
BRDA:31,6,0,0
BRDA:31,7,0,0
BRDA:31,7,1,0
BRDA:38,8,0,0
BRDA:38,9,0,0
BRDA:38,9,1,0
BRDA:45,10,0,0
BRDA:45,11,0,0
BRDA:45,11,1,0
BRDA:52,12,0,0
BRDA:52,13,0,0
BRDA:52,13,1,0
BRDA:65,14,0,0
BRDA:65,14,1,0
BRDA:86,15,0,0
BRDA:86,15,1,0
BRF:25
BRH:0
end_of_record
TN:
SF:src\app\api\test\stock-out\route.ts
FN:3,POST
FNF:1
FNH:0
FNDA:0,POST
DA:1,0
DA:3,0
DA:4,0
DA:5,0
DA:7,0
DA:10,0
DA:11,0
DA:17,0
DA:18,0
DA:24,0
DA:25,0
DA:32,0
DA:46,0
DA:54,0
DA:55,0
LF:15
LH:0
BRDA:10,0,0,0
BRDA:10,1,0,0
BRDA:10,1,1,0
BRDA:17,2,0,0
BRDA:17,3,0,0
BRDA:17,3,1,0
BRDA:24,4,0,0
BRDA:24,5,0,0
BRDA:24,5,1,0
BRDA:36,6,0,0
BRDA:36,6,1,0
BRDA:37,7,0,0
BRDA:37,7,1,0
BRDA:38,8,0,0
BRDA:38,8,1,0
BRDA:58,9,0,0
BRDA:58,9,1,0
BRF:17
BRH:0
end_of_record
TN:
SF:src\app\manual-management\page.tsx
FN:18,ManualManagementPage
FN:55,(anonymous_2)
FN:77,(anonymous_3)
FN:108,(anonymous_4)
FN:116,(anonymous_5)
FN:119,(anonymous_6)
FN:139,(anonymous_7)
FNF:7
FNH:0
FNDA:0,ManualManagementPage
FNDA:0,(anonymous_2)
FNDA:0,(anonymous_3)
FNDA:0,(anonymous_4)
FNDA:0,(anonymous_5)
FNDA:0,(anonymous_6)
FNDA:0,(anonymous_7)
DA:3,0
DA:4,0
DA:5,0
DA:6,0
DA:7,0
DA:18,0
DA:19,0
DA:20,0
DA:21,0
DA:24,0
DA:52,0
DA:55,0
DA:56,0
DA:58,0
DA:59,0
DA:77,0
DA:108,0
DA:116,0
DA:120,0
DA:140,0
LF:20
LH:0
BRDA:56,0,0,0
BRDA:56,0,1,0
BRDA:58,1,0,0
BRDA:58,1,1,0
BRDA:59,2,0,0
BRDA:59,2,1,0
BRDA:121,3,0,0
BRDA:121,3,1,0
BRDA:183,4,0,0
BRDA:189,5,0,0
BRDA:189,5,1,0
BRF:11
BRH:0
end_of_record
TN:
SF:src\app\simple\page.tsx
FN:1,SimplePage
FNF:1
FNH:0
FNDA:0,SimplePage
DA:1,0
LF:1
LH:0
BRF:0
BRH:0
end_of_record
TN:
SF:src\app\sop\page.tsx
FN:8,SOPPage
FN:76,(anonymous_2)
FN:97,(anonymous_3)
FN:172,(anonymous_4)
FN:175,(anonymous_5)
FN:189,(anonymous_6)
FN:242,(anonymous_7)
FNF:7
FNH:0
FNDA:0,SOPPage
FNDA:0,(anonymous_2)
FNDA:0,(anonymous_3)
FNDA:0,(anonymous_4)
FNDA:0,(anonymous_5)
FNDA:0,(anonymous_6)
FNDA:0,(anonymous_7)
DA:3,0
DA:4,0
DA:5,0
DA:6,0
DA:8,0
DA:9,0
DA:10,0
DA:11,0
DA:14,0
DA:22,0
DA:76,0
DA:77,0
DA:79,0
DA:80,0
DA:97,0
DA:172,0
DA:176,0
DA:189,0
DA:243,0
LF:19
LH:0
BRDA:77,0,0,0
BRDA:77,0,1,0
BRDA:79,1,0,0
BRDA:79,1,1,0
BRDA:80,2,0,0
BRDA:80,2,1,0
BRDA:263,3,0,0
BRDA:263,3,1,0
BRF:8
BRH:0
end_of_record
TN:
SF:src\app\stock-closing\page.tsx
FN:65,StockClosingPage
FN:79,(anonymous_3)
FN:96,(anonymous_4)
FN:114,(anonymous_5)
FN:118,(anonymous_6)
FN:135,(anonymous_7)
FN:139,(anonymous_8)
FN:140,(anonymous_9)
FN:155,(anonymous_10)
FN:168,(anonymous_11)
FN:182,(anonymous_12)
FN:193,(anonymous_13)
FN:196,(anonymous_14)
FN:211,(anonymous_15)
FN:212,(anonymous_16)
FN:220,(anonymous_17)
FN:225,(anonymous_18)
FN:237,(anonymous_19)
FN:238,(anonymous_20)
FN:242,(anonymous_21)
FN:258,(anonymous_22)
FN:261,(anonymous_23)
FN:281,(anonymous_24)
FN:352,(anonymous_25)
FN:366,(anonymous_26)
FN:374,(anonymous_27)
FN:405,(anonymous_28)
FN:411,(anonymous_29)
FN:435,(anonymous_30)
FN:442,(anonymous_31)
FN:456,(anonymous_32)
FN:494,(anonymous_33)
FN:516,(anonymous_34)
FN:543,(anonymous_35)
FN:551,(anonymous_36)
FN:553,(anonymous_37)
FNF:36
FNH:0
FNDA:0,StockClosingPage
FNDA:0,(anonymous_3)
FNDA:0,(anonymous_4)
FNDA:0,(anonymous_5)
FNDA:0,(anonymous_6)
FNDA:0,(anonymous_7)
FNDA:0,(anonymous_8)
FNDA:0,(anonymous_9)
FNDA:0,(anonymous_10)
FNDA:0,(anonymous_11)
FNDA:0,(anonymous_12)
FNDA:0,(anonymous_13)
FNDA:0,(anonymous_14)
FNDA:0,(anonymous_15)
FNDA:0,(anonymous_16)
FNDA:0,(anonymous_17)
FNDA:0,(anonymous_18)
FNDA:0,(anonymous_19)
FNDA:0,(anonymous_20)
FNDA:0,(anonymous_21)
FNDA:0,(anonymous_22)
FNDA:0,(anonymous_23)
FNDA:0,(anonymous_24)
FNDA:0,(anonymous_25)
FNDA:0,(anonymous_26)
FNDA:0,(anonymous_27)
FNDA:0,(anonymous_28)
FNDA:0,(anonymous_29)
FNDA:0,(anonymous_30)
FNDA:0,(anonymous_31)
FNDA:0,(anonymous_32)
FNDA:0,(anonymous_33)
FNDA:0,(anonymous_34)
FNDA:0,(anonymous_35)
FNDA:0,(anonymous_36)
FNDA:0,(anonymous_37)
DA:3,0
DA:4,0
DA:5,0
DA:6,0
DA:17,0
DA:18,0
DA:19,0
DA:65,0
DA:66,0
DA:67,0
DA:68,0
DA:69,0
DA:70,0
DA:71,0
DA:72,0
DA:73,0
DA:74,0
DA:75,0
DA:76,0
DA:79,0
DA:80,0
DA:81,0
DA:82,0
DA:84,0
DA:85,0
DA:86,0
DA:87,0
DA:88,0
DA:90,0
DA:91,0
DA:92,0
DA:96,0
DA:97,0
DA:98,0
DA:99,0
DA:102,0
DA:103,0
DA:105,0
DA:107,0
DA:109,0
DA:114,0
DA:115,0
DA:118,0
DA:130,0
DA:131,0
DA:135,0
DA:136,0
DA:139,0
DA:140,0
DA:141,0
DA:142,0
DA:147,0
DA:150,0
DA:151,0
DA:155,0
DA:156,0
DA:157,0
DA:158,0
DA:161,0
DA:162,0
DA:163,0
DA:166,0
DA:168,0
DA:174,0
DA:182,0
DA:183,0
DA:185,0
DA:187,0
DA:188,0
DA:193,0
DA:194,0
DA:196,0
DA:197,0
DA:198,0
DA:199,0
DA:203,0
DA:205,0
DA:206,0
DA:211,0
DA:212,0
DA:213,0
DA:215,0
DA:220,0
DA:225,0
DA:226,0
DA:227,0
DA:228,0
DA:229,0
DA:233,0
DA:234,0
DA:237,0
DA:238,0
DA:239,0
DA:241,0
DA:242,0
DA:258,0
DA:261,0
DA:262,0
DA:263,0
DA:264,0
DA:265,0
DA:266,0
DA:281,0
DA:352,0
DA:366,0
DA:374,0
DA:405,0
DA:411,0
DA:435,0
DA:442,0
DA:456,0
DA:495,0
DA:516,0
DA:543,0
DA:551,0
DA:553,0
LF:116
LH:0
BRDA:85,0,0,0
BRDA:85,0,1,0
BRDA:85,1,0,0
BRDA:85,1,1,0
BRDA:86,2,0,0
BRDA:86,2,1,0
BRDA:86,3,0,0
BRDA:86,3,1,0
BRDA:87,4,0,0
BRDA:87,4,1,0
BRDA:87,5,0,0
BRDA:87,5,1,0
BRDA:105,6,0,0
BRDA:105,6,1,0
BRDA:107,7,0,0
BRDA:107,7,1,0
BRDA:109,8,0,0
BRDA:109,8,1,0
BRDA:141,9,0,0
BRDA:156,10,0,0
BRDA:161,11,0,0
BRDA:197,12,0,0
BRDA:212,13,0,0
BRDA:212,13,1,0
BRDA:213,14,0,0
BRDA:227,15,0,0
BRDA:238,16,0,0
BRDA:238,16,1,0
BRDA:239,17,0,0
BRDA:312,18,0,0
BRDA:382,19,0,0
BRDA:382,19,1,0
BRDA:383,20,0,0
BRDA:383,20,1,0
BRDA:384,21,0,0
BRDA:384,21,1,0
BRDA:385,22,0,0
BRDA:385,22,1,0
BRDA:451,23,0,0
BRDA:462,24,0,0
BRDA:507,25,0,0
BRDA:507,25,1,0
BRDA:511,26,0,0
BRDA:511,26,1,0
BRDA:529,27,0,0
BRF:45
BRH:0
end_of_record
TN:
SF:src\app\stock-management\page.tsx
FN:33,StockManagementPage
FN:66,(anonymous_3)
FN:88,(anonymous_4)
FN:105,(anonymous_5)
FN:110,(anonymous_6)
FN:157,(anonymous_7)
FN:163,(anonymous_8)
FN:186,(anonymous_9)
FN:232,(anonymous_10)
FN:249,(anonymous_11)
FN:255,(anonymous_12)
FN:289,(anonymous_13)
FN:299,(anonymous_14)
FN:301,(anonymous_15)
FN:315,(anonymous_16)
FN:321,(anonymous_17)
FN:322,(anonymous_18)
FN:391,(anonymous_19)
FN:424,(anonymous_20)
FN:484,(anonymous_21)
FN:514,(anonymous_22)
FN:515,(anonymous_23)
FN:517,(anonymous_24)
FN:521,(anonymous_25)
FN:525,(anonymous_26)
FN:568,(anonymous_27)
FN:587,(anonymous_28)
FN:608,(anonymous_29)
FN:679,(anonymous_30)
FN:691,(anonymous_31)
FN:703,(anonymous_32)
FN:715,(anonymous_33)
FN:727,(anonymous_34)
FN:744,(anonymous_35)
FN:756,(anonymous_36)
FN:768,(anonymous_37)
FN:780,(anonymous_38)
FN:797,(anonymous_39)
FN:809,(anonymous_40)
FN:842,(anonymous_41)
FN:860,(anonymous_42)
FN:883,(anonymous_43)
FN:895,(anonymous_44)
FN:907,(anonymous_45)
FN:919,(anonymous_46)
FN:931,(anonymous_47)
FN:943,(anonymous_48)
FN:955,(anonymous_49)
FN:972,(anonymous_50)
FN:990,(anonymous_51)
FN:1013,(anonymous_52)
FN:1025,(anonymous_53)
FN:1068,(anonymous_54)
FN:1080,(anonymous_55)
FN:1110,(anonymous_56)
FN:1137,(anonymous_57)
FN:1138,(anonymous_58)
FN:1168,(anonymous_59)
FN:1172,(anonymous_60)
FN:1206,(anonymous_61)
FN:1208,(anonymous_62)
FN:1262,(anonymous_63)
FN:1268,(anonymous_64)
FN:1326,(anonymous_65)
FN:1386,(anonymous_66)
FN:1397,(anonymous_67)
FN:1409,(anonymous_68)
FN:1431,(anonymous_69)
FN:1437,(anonymous_70)
FN:1439,(anonymous_71)
FN:1440,(anonymous_72)
FN:1451,(anonymous_73)
FN:1452,(anonymous_74)
FN:1460,(anonymous_75)
FN:1466,(anonymous_76)
FN:1468,(anonymous_77)
FN:1473,(anonymous_78)
FN:1481,(anonymous_79)
FN:1487,(anonymous_80)
FN:1493,(anonymous_81)
FN:1500,(anonymous_82)
FN:1506,(anonymous_83)
FN:1512,(anonymous_84)
FN:1518,(anonymous_85)
FN:1524,(anonymous_86)
FN:1531,(anonymous_87)
FNF:86
FNH:0
FNDA:0,StockManagementPage
FNDA:0,(anonymous_3)
FNDA:0,(anonymous_4)
FNDA:0,(anonymous_5)
FNDA:0,(anonymous_6)
FNDA:0,(anonymous_7)
FNDA:0,(anonymous_8)
FNDA:0,(anonymous_9)
FNDA:0,(anonymous_10)
FNDA:0,(anonymous_11)
FNDA:0,(anonymous_12)
FNDA:0,(anonymous_13)
FNDA:0,(anonymous_14)
FNDA:0,(anonymous_15)
FNDA:0,(anonymous_16)
FNDA:0,(anonymous_17)
FNDA:0,(anonymous_18)
FNDA:0,(anonymous_19)
FNDA:0,(anonymous_20)
FNDA:0,(anonymous_21)
FNDA:0,(anonymous_22)
FNDA:0,(anonymous_23)
FNDA:0,(anonymous_24)
FNDA:0,(anonymous_25)
FNDA:0,(anonymous_26)
FNDA:0,(anonymous_27)
FNDA:0,(anonymous_28)
FNDA:0,(anonymous_29)
FNDA:0,(anonymous_30)
FNDA:0,(anonymous_31)
FNDA:0,(anonymous_32)
FNDA:0,(anonymous_33)
FNDA:0,(anonymous_34)
FNDA:0,(anonymous_35)
FNDA:0,(anonymous_36)
FNDA:0,(anonymous_37)
FNDA:0,(anonymous_38)
FNDA:0,(anonymous_39)
FNDA:0,(anonymous_40)
FNDA:0,(anonymous_41)
FNDA:0,(anonymous_42)
FNDA:0,(anonymous_43)
FNDA:0,(anonymous_44)
FNDA:0,(anonymous_45)
FNDA:0,(anonymous_46)
FNDA:0,(anonymous_47)
FNDA:0,(anonymous_48)
FNDA:0,(anonymous_49)
FNDA:0,(anonymous_50)
FNDA:0,(anonymous_51)
FNDA:0,(anonymous_52)
FNDA:0,(anonymous_53)
FNDA:0,(anonymous_54)
FNDA:0,(anonymous_55)
FNDA:0,(anonymous_56)
FNDA:0,(anonymous_57)
FNDA:0,(anonymous_58)
FNDA:0,(anonymous_59)
FNDA:0,(anonymous_60)
FNDA:0,(anonymous_61)
FNDA:0,(anonymous_62)
FNDA:0,(anonymous_63)
FNDA:0,(anonymous_64)
FNDA:0,(anonymous_65)
FNDA:0,(anonymous_66)
FNDA:0,(anonymous_67)
FNDA:0,(anonymous_68)
FNDA:0,(anonymous_69)
FNDA:0,(anonymous_70)
FNDA:0,(anonymous_71)
FNDA:0,(anonymous_72)
FNDA:0,(anonymous_73)
FNDA:0,(anonymous_74)
FNDA:0,(anonymous_75)
FNDA:0,(anonymous_76)
FNDA:0,(anonymous_77)
FNDA:0,(anonymous_78)
FNDA:0,(anonymous_79)
FNDA:0,(anonymous_80)
FNDA:0,(anonymous_81)
FNDA:0,(anonymous_82)
FNDA:0,(anonymous_83)
FNDA:0,(anonymous_84)
FNDA:0,(anonymous_85)
FNDA:0,(anonymous_86)
FNDA:0,(anonymous_87)
DA:11,0
DA:12,0
DA:13,0
DA:14,0
DA:15,0
DA:16,0
DA:17,0
DA:18,0
DA:19,0
DA:20,0
DA:21,0
DA:22,0
DA:23,0
DA:24,0
DA:25,0
DA:26,0
DA:27,0
DA:28,0
DA:29,0
DA:30,0
DA:31,0
DA:33,0
DA:34,0
DA:35,0
DA:36,0
DA:37,0
DA:38,0
DA:41,0
DA:42,0
DA:43,0
DA:44,0
DA:45,0
DA:46,0
DA:48,0
DA:49,0
DA:50,0
DA:51,0
DA:52,0
DA:53,0
DA:54,0
DA:55,0
DA:56,0
DA:57,0
DA:58,0
DA:59,0
DA:60,0
DA:61,0
DA:62,0
DA:63,0
DA:66,0
DA:67,0
DA:68,0
DA:69,0
DA:74,0
DA:75,0
DA:77,0
DA:79,0
DA:80,0
DA:81,0
DA:83,0
DA:88,0
DA:89,0
DA:90,0
DA:95,0
DA:96,0
DA:98,0
DA:100,0
DA:101,0
DA:105,0
DA:106,0
DA:107,0
DA:110,0
DA:112,0
DA:113,0
DA:114,0
DA:115,0
DA:116,0
DA:117,0
DA:118,0
DA:119,0
DA:121,0
DA:122,0
DA:127,0
DA:128,0
DA:129,0
DA:131,0
DA:134,0
DA:135,0
DA:136,0
DA:137,0
DA:138,0
DA:139,0
DA:141,0
DA:142,0
DA:145,0
DA:148,0
DA:149,0
DA:153,0
DA:157,0
DA:158,0
DA:159,0
DA:163,0
DA:164,0
DA:165,0
DA:166,0
DA:169,0
DA:171,0
DA:186,0
DA:187,0
DA:190,0
DA:192,0
DA:193,0
DA:194,0
DA:195,0
DA:196,0
DA:202,0
DA:203,0
DA:206,0
DA:218,0
DA:219,0
DA:223,0
DA:226,0
DA:227,0
DA:232,0
DA:233,0
DA:234,0
DA:235,0
DA:238,0
DA:240,0
DA:241,0
DA:242,0
DA:245,0
DA:246,0
DA:248,0
DA:249,0
DA:250,0
DA:251,0
DA:253,0
DA:255,0
DA:256,0
DA:264,0
DA:265,0
DA:267,0
DA:272,0
DA:273,0
DA:274,0
DA:278,0
DA:279,0
DA:289,0
DA:290,0
DA:291,0
DA:299,0
DA:300,0
DA:301,0
DA:303,0
DA:309,0
DA:311,0
DA:315,0
DA:316,0
DA:317,0
DA:321,0
DA:322,0
DA:323,0
DA:324,0
DA:327,0
DA:328,0
DA:331,0
DA:332,0
DA:333,0
DA:337,0
DA:338,0
DA:341,0
DA:346,0
DA:347,0
DA:391,0
DA:392,0
DA:424,0
DA:425,0
DA:427,0
DA:428,0
DA:429,0
DA:430,0
DA:431,0
DA:433,0
DA:434,0
DA:438,0
DA:439,0
DA:440,0
DA:441,0
DA:442,0
DA:444,0
DA:445,0
DA:449,0
DA:456,0
DA:457,0
DA:461,0
DA:462,0
DA:463,0
DA:464,0
DA:465,0
DA:466,0
DA:467,0
DA:469,0
DA:472,0
DA:473,0
DA:474,0
DA:476,0
DA:477,0
DA:479,0
DA:480,0
DA:484,0
DA:485,0
DA:486,0
DA:487,0
DA:489,0
DA:491,0
DA:492,0
DA:493,0
DA:494,0
DA:495,0
DA:496,0
DA:497,0
DA:498,0
DA:499,0
DA:500,0
DA:501,0
DA:502,0
DA:503,0
DA:505,0
DA:507,0
DA:508,0
DA:512,0
DA:514,0
DA:515,0
DA:517,0
DA:518,0
DA:521,0
DA:522,0
DA:525,0
DA:526,0
DA:529,0
DA:540,0
DA:568,0
DA:587,0
DA:608,0
DA:679,0
DA:691,0
DA:703,0
DA:715,0
DA:727,0
DA:744,0
DA:756,0
DA:768,0
DA:780,0
DA:797,0
DA:809,0
DA:842,0
DA:860,0
DA:883,0
DA:895,0
DA:907,0
DA:919,0
DA:931,0
DA:943,0
DA:955,0
DA:972,0
DA:990,0
DA:1013,0
DA:1025,0
DA:1068,0
DA:1080,0
DA:1110,0
DA:1137,0
DA:1138,0
DA:1169,0
DA:1170,0
DA:1172,0
DA:1207,0
DA:1208,0
DA:1210,0
DA:1263,0
DA:1269,0
DA:1270,0
DA:1271,0
DA:1273,0
DA:1275,0
DA:1326,0
DA:1386,0
DA:1397,0
DA:1409,0
DA:1431,0
DA:1437,0
DA:1440,0
DA:1441,0
DA:1451,0
DA:1453,0
DA:1454,0
DA:1460,0
DA:1466,0
DA:1468,0
DA:1473,0
DA:1481,0
DA:1487,0
DA:1493,0
DA:1500,0
DA:1506,0
DA:1512,0
DA:1518,0
DA:1524,0
DA:1531,0
LF:310
LH:0
BRDA:74,0,0,0
BRDA:75,1,0,0
BRDA:75,1,1,0
BRDA:95,2,0,0
BRDA:96,3,0,0
BRDA:96,3,1,0
BRDA:113,4,0,0
BRDA:131,5,0,0
BRDA:131,6,0,0
BRDA:131,6,1,0
BRDA:134,7,0,0
BRDA:134,7,1,0
BRDA:137,8,0,0
BRDA:137,8,1,0
BRDA:164,9,0,0
BRDA:176,10,0,0
BRDA:176,10,1,0
BRDA:180,11,0,0
BRDA:180,11,1,0
BRDA:190,12,0,0
BRDA:190,12,1,0
BRDA:194,13,0,0
BRDA:195,14,0,0
BRDA:195,14,1,0
BRDA:199,15,0,0
BRDA:199,15,1,0
BRDA:210,16,0,0
BRDA:210,16,1,0
BRDA:211,17,0,0
BRDA:211,17,1,0
BRDA:212,18,0,0
BRDA:212,18,1,0
BRDA:212,19,0,0
BRDA:212,19,1,0
BRDA:213,20,0,0
BRDA:213,20,1,0
BRDA:233,21,0,0
BRDA:240,22,0,0
BRDA:250,23,0,0
BRDA:251,24,0,0
BRDA:251,24,1,0
BRDA:253,25,0,0
BRDA:253,25,1,0
BRDA:256,26,0,0
BRDA:256,26,1,0
BRDA:260,27,0,0
BRDA:260,27,1,0
BRDA:272,28,0,0
BRDA:273,29,0,0
BRDA:273,29,1,0
BRDA:300,30,0,0
BRDA:300,30,1,0
BRDA:303,31,0,0
BRDA:303,31,1,0
BRDA:303,31,2,0
BRDA:303,32,0,0
BRDA:303,32,1,0
BRDA:305,33,0,0
BRDA:305,33,1,0
BRDA:307,34,0,0
BRDA:307,34,1,0
BRDA:327,35,0,0
BRDA:327,36,0,0
BRDA:327,36,1,0
BRDA:328,37,0,0
BRDA:328,38,0,0
BRDA:328,38,1,0
BRDA:331,39,0,0
BRDA:331,40,0,0
BRDA:331,40,1,0
BRDA:333,41,0,0
BRDA:333,41,1,0
BRDA:337,42,0,0
BRDA:337,43,0,0
BRDA:337,43,1,0
BRDA:338,44,0,0
BRDA:338,44,1,0
BRDA:346,45,0,0
BRDA:346,45,1,0
BRDA:346,46,0,0
BRDA:346,46,1,0
BRDA:427,47,0,0
BRDA:427,48,0,0
BRDA:427,48,1,0
BRDA:438,49,0,0
BRDA:438,50,0,0
BRDA:438,50,1,0
BRDA:456,51,0,0
BRDA:456,52,0,0
BRDA:456,52,1,0
BRDA:462,53,0,0
BRDA:462,53,1,0
BRDA:462,54,0,0
BRDA:462,54,1,0
BRDA:465,55,0,0
BRDA:465,55,1,0
BRDA:465,56,0,0
BRDA:465,56,1,0
BRDA:515,57,0,0
BRDA:515,57,1,0
BRDA:529,58,0,0
BRDA:540,59,0,0
BRDA:579,60,0,0
BRDA:584,61,0,0
BRDA:663,62,0,0
BRDA:676,63,0,0
BRDA:741,64,0,0
BRDA:794,65,0,0
BRDA:794,65,1,0
BRDA:826,66,0,0
BRDA:839,67,0,0
BRDA:847,68,0,0
BRDA:847,68,1,0
BRDA:851,69,0,0
BRDA:851,69,1,0
BRDA:865,70,0,0
BRDA:865,70,1,0
BRDA:869,71,0,0
BRDA:869,71,1,0
BRDA:874,72,0,0
BRDA:969,73,0,0
BRDA:977,74,0,0
BRDA:977,74,1,0
BRDA:981,75,0,0
BRDA:981,75,1,0
BRDA:995,76,0,0
BRDA:995,76,1,0
BRDA:999,77,0,0
BRDA:999,77,1,0
BRDA:1004,78,0,0
BRDA:1039,79,0,0
BRDA:1039,79,1,0
BRDA:1097,80,0,0
BRDA:1122,81,0,0
BRDA:1135,82,0,0
BRDA:1137,83,0,0
BRDA:1137,83,1,0
BRDA:1138,84,0,0
BRDA:1138,84,1,0
BRDA:1172,85,0,0
BRDA:1172,85,1,0
BRDA:1184,86,0,0
BRDA:1205,87,0,0
BRDA:1205,87,1,0
BRDA:1207,88,0,0
BRDA:1207,88,1,0
BRDA:1262,89,0,0
BRDA:1270,90,0,0
BRDA:1270,90,1,0
BRDA:1281,91,0,0
BRDA:1281,91,1,0
BRDA:1285,92,0,0
BRDA:1285,92,1,0
BRDA:1294,93,0,0
BRDA:1294,93,1,0
BRDA:1297,94,0,0
BRDA:1297,94,1,0
BRDA:1300,95,0,0
BRDA:1300,95,1,0
BRDA:1303,96,0,0
BRDA:1303,96,1,0
BRDA:1306,97,0,0
BRDA:1306,97,1,0
BRDA:1309,98,0,0
BRDA:1309,98,1,0
BRDA:1312,99,0,0
BRDA:1312,99,1,0
BRDA:1315,100,0,0
BRDA:1315,100,1,0
BRDA:1318,101,0,0
BRDA:1318,101,1,0
BRDA:1321,102,0,0
BRDA:1321,102,1,0
BRDA:1340,103,0,0
BRDA:1371,104,0,0
BRDA:1407,105,0,0
BRDA:1419,106,0,0
BRDA:1441,107,0,0
BRDA:1441,107,1,0
BRDA:1444,108,0,0
BRDA:1444,108,1,0
BRF:181
BRH:0
end_of_record
TN:
SF:src\app\test\page.tsx
FN:3,TestPage
FNF:1
FNH:0
FNDA:0,TestPage
DA:1,0
DA:3,0
DA:4,0
LF:3
LH:0
BRF:0
BRH:0
end_of_record
TN:
SF:src\app\test-results\page.tsx
FN:34,TestResultsPage
FN:40,(anonymous_2)
FN:71,(anonymous_3)
FN:84,(anonymous_4)
FN:97,(anonymous_5)
FN:219,(anonymous_6)
FNF:6
FNH:0
FNDA:0,TestResultsPage
FNDA:0,(anonymous_2)
FNDA:0,(anonymous_3)
FNDA:0,(anonymous_4)
FNDA:0,(anonymous_5)
FNDA:0,(anonymous_6)
DA:3,0
DA:4,0
DA:5,0
DA:6,0
DA:16,0
DA:34,0
DA:35,0
DA:36,0
DA:37,0
DA:38,0
DA:40,0
DA:41,0
DA:42,0
DA:43,0
DA:45,0
DA:46,0
DA:50,0
DA:51,0
DA:52,0
DA:53,0
DA:54,0
DA:56,0
DA:59,0
DA:60,0
DA:67,0
DA:71,0
DA:72,0
DA:84,0
DA:85,0
DA:87,0
DA:89,0
DA:91,0
DA:93,0
DA:97,0
DA:98,0
DA:100,0
DA:102,0
DA:104,0
DA:106,0
DA:220,0
LF:40
LH:0
BRDA:50,0,0,0
BRDA:50,0,1,0
BRDA:64,1,0,0
BRDA:64,1,1,0
BRDA:85,2,0,0
BRDA:85,2,1,0
BRDA:85,2,2,0
BRDA:85,2,3,0
BRDA:98,3,0,0
BRDA:98,3,1,0
BRDA:98,3,2,0
BRDA:98,3,3,0
BRDA:139,4,0,0
BRDA:151,5,0,0
BRDA:161,6,0,0
BRDA:215,7,0,0
BRDA:236,8,0,0
BRDA:256,9,0,0
BRDA:256,9,1,0
BRF:19
BRH:0
end_of_record
TN:
SF:src\app\test-simple\page.tsx
FN:1,TestSimplePage
FNF:1
FNH:0
FNDA:0,TestSimplePage
DA:1,0
LF:1
LH:0
BRF:0
BRH:0
end_of_record
TN:
SF:src\app\work-diary\page.tsx
FN:20,WorkDiaryContent
FN:35,(anonymous_2)
FN:47,(anonymous_3)
FN:83,(anonymous_4)
FN:103,(anonymous_5)
FN:112,(anonymous_6)
FN:119,(anonymous_7)
FN:124,(anonymous_8)
FN:151,(anonymous_9)
FN:161,(anonymous_10)
FN:173,(anonymous_11)
FN:190,(anonymous_12)
FN:203,(anonymous_13)
FN:214,(anonymous_14)
FN:227,(anonymous_15)
FN:229,(anonymous_16)
FN:234,(anonymous_17)
FN:239,(anonymous_18)
FN:242,(anonymous_19)
FN:244,(anonymous_20)
FN:249,(anonymous_21)
FN:253,(anonymous_22)
FN:280,(anonymous_23)
FN:338,(anonymous_24)
FN:347,(anonymous_25)
FN:359,(anonymous_26)
FN:368,(anonymous_27)
FN:428,(anonymous_28)
FN:458,(anonymous_29)
FN:481,(anonymous_30)
FN:489,(anonymous_31)
FN:529,(anonymous_32)
FN:530,(anonymous_33)
FN:532,(anonymous_34)
FN:555,(anonymous_35)
FN:583,(anonymous_36)
FN:594,(anonymous_37)
FN:602,(anonymous_38)
FN:622,WorkDiaryPage
FNF:39
FNH:0
FNDA:0,WorkDiaryContent
FNDA:0,(anonymous_2)
FNDA:0,(anonymous_3)
FNDA:0,(anonymous_4)
FNDA:0,(anonymous_5)
FNDA:0,(anonymous_6)
FNDA:0,(anonymous_7)
FNDA:0,(anonymous_8)
FNDA:0,(anonymous_9)
FNDA:0,(anonymous_10)
FNDA:0,(anonymous_11)
FNDA:0,(anonymous_12)
FNDA:0,(anonymous_13)
FNDA:0,(anonymous_14)
FNDA:0,(anonymous_15)
FNDA:0,(anonymous_16)
FNDA:0,(anonymous_17)
FNDA:0,(anonymous_18)
FNDA:0,(anonymous_19)
FNDA:0,(anonymous_20)
FNDA:0,(anonymous_21)
FNDA:0,(anonymous_22)
FNDA:0,(anonymous_23)
FNDA:0,(anonymous_24)
FNDA:0,(anonymous_25)
FNDA:0,(anonymous_26)
FNDA:0,(anonymous_27)
FNDA:0,(anonymous_28)
FNDA:0,(anonymous_29)
FNDA:0,(anonymous_30)
FNDA:0,(anonymous_31)
FNDA:0,(anonymous_32)
FNDA:0,(anonymous_33)
FNDA:0,(anonymous_34)
FNDA:0,(anonymous_35)
FNDA:0,(anonymous_36)
FNDA:0,(anonymous_37)
FNDA:0,(anonymous_38)
FNDA:0,WorkDiaryPage
DA:3,0
DA:4,0
DA:5,0
DA:6,0
DA:21,0
DA:22,0
DA:23,0
DA:24,0
DA:25,0
DA:26,0
DA:27,0
DA:28,0
DA:29,0
DA:30,0
DA:31,0
DA:32,0
DA:33,0
DA:35,0
DA:37,0
DA:38,0
DA:39,0
DA:40,0
DA:43,0
DA:47,0
DA:48,0
DA:79,0
DA:83,0
DA:84,0
DA:85,0
DA:86,0
DA:87,0
DA:88,0
DA:89,0
DA:91,0
DA:92,0
DA:94,0
DA:95,0
DA:96,0
DA:99,0
DA:103,0
DA:104,0
DA:105,0
DA:106,0
DA:107,0
DA:108,0
DA:112,0
DA:113,0
DA:114,0
DA:115,0
DA:119,0
DA:120,0
DA:122,0
DA:124,0
DA:125,0
DA:129,0
DA:132,0
DA:141,0
DA:144,0
DA:145,0
DA:146,0
DA:147,0
DA:151,0
DA:152,0
DA:153,0
DA:154,0
DA:156,0
DA:161,0
DA:164,0
DA:165,0
DA:166,0
DA:167,0
DA:169,0
DA:173,0
DA:174,0
DA:175,0
DA:176,0
DA:179,0
DA:181,0
DA:182,0
DA:184,0
DA:190,0
DA:191,0
DA:193,0
DA:195,0
DA:197,0
DA:198,0
DA:203,0
DA:204,0
DA:206,0
DA:208,0
DA:214,0
DA:215,0
DA:217,0
DA:219,0
DA:221,0
DA:222,0
DA:227,0
DA:228,0
DA:229,0
DA:230,0
DA:232,0
DA:234,0
DA:239,0
DA:240,0
DA:241,0
DA:242,0
DA:244,0
DA:249,0
DA:250,0
DA:253,0
DA:254,0
DA:257,0
DA:258,0
DA:259,0
DA:280,0
DA:339,0
DA:348,0
DA:349,0
DA:350,0
DA:351,0
DA:353,0
DA:359,0
DA:369,0
DA:428,0
DA:458,0
DA:481,0
DA:489,0
DA:529,0
DA:530,0
DA:533,0
DA:555,0
DA:583,0
DA:594,0
DA:602,0
DA:622,0
LF:135
LH:0
BRDA:37,0,0,0
BRDA:37,0,1,0
BRDA:38,1,0,0
BRDA:38,1,1,0
BRDA:94,2,0,0
BRDA:94,2,1,0
BRDA:105,3,0,0
BRDA:105,3,1,0
BRDA:120,4,0,0
BRDA:120,5,0,0
BRDA:120,5,1,0
BRDA:122,6,0,0
BRDA:122,6,1,0
BRDA:125,7,0,0
BRDA:125,7,1,0
BRDA:136,8,0,0
BRDA:136,8,1,0
BRDA:152,9,0,0
BRDA:152,9,1,0
BRDA:174,10,0,0
BRDA:174,11,0,0
BRDA:174,11,1,0
BRDA:191,12,0,0
BRDA:191,12,1,0
BRDA:204,13,0,0
BRDA:215,14,0,0
BRDA:215,14,1,0
BRDA:228,15,0,0
BRDA:230,16,0,0
BRDA:241,17,0,0
BRDA:241,17,1,0
BRDA:244,18,0,0
BRDA:244,18,1,0
BRDA:277,19,0,0
BRDA:277,19,1,0
BRDA:313,20,0,0
BRDA:313,20,1,0
BRDA:314,21,0,0
BRDA:314,21,1,0
BRDA:317,22,0,0
BRDA:357,23,0,0
BRDA:357,23,1,0
BRDA:358,24,0,0
BRDA:358,24,1,0
BRDA:359,25,0,0
BRDA:359,25,1,0
BRDA:366,26,0,0
BRDA:377,27,0,0
BRDA:391,28,0,0
BRDA:449,29,0,0
BRDA:455,30,0,0
BRDA:455,30,1,0
BRDA:499,31,0,0
BRDA:499,31,1,0
BRDA:508,32,0,0
BRDA:529,33,0,0
BRDA:529,33,1,0
BRDA:543,34,0,0
BRDA:550,35,0,0
BRDA:550,35,1,0
BRDA:553,36,0,0
BRDA:555,37,0,0
BRDA:555,37,1,0
BRDA:561,38,0,0
BRDA:561,38,1,0
BRDA:567,39,0,0
BRDA:581,40,0,0
BRF:67
BRH:0
end_of_record
TN:
SF:src\app\work-tool\page.tsx
FN:18,WorkToolContent
FN:24,(anonymous_2)
FN:60,(anonymous_3)
FN:65,(anonymous_4)
FN:70,(anonymous_5)
FN:75,(anonymous_6)
FN:129,(anonymous_7)
FN:133,(anonymous_8)
FN:190,WorkToolPage
FNF:9
FNH:0
FNDA:0,WorkToolContent
FNDA:0,(anonymous_2)
FNDA:0,(anonymous_3)
FNDA:0,(anonymous_4)
FNDA:0,(anonymous_5)
FNDA:0,(anonymous_6)
FNDA:0,(anonymous_7)
FNDA:0,(anonymous_8)
FNDA:0,WorkToolPage
DA:3,0
DA:4,0
DA:5,0
DA:6,0
DA:7,0
DA:19,0
DA:20,0
DA:21,0
DA:22,0
DA:24,0
DA:25,0
DA:26,0
DA:27,0
DA:28,0
DA:32,0
DA:60,0
DA:61,0
DA:65,0
DA:66,0
DA:70,0
DA:71,0
DA:75,0
DA:76,0
DA:77,0
DA:78,0
DA:79,0
DA:80,0
DA:130,0
DA:133,0
DA:190,0
LF:30
LH:0
BRDA:25,0,0,0
BRDA:25,0,1,0
BRDA:26,1,0,0
BRDA:26,1,1,0
BRDA:76,2,0,0
BRDA:76,2,1,0
BRDA:76,2,2,0
BRDA:76,2,3,0
BRDA:149,3,0,0
BRF:9
BRH:0
end_of_record
TN:
SF:src\components\BasicStockModal.tsx
FN:26,BasicStockModal
FN:43,(anonymous_2)
FN:60,(anonymous_3)
FN:72,(anonymous_4)
FN:73,(anonymous_5)
FN:73,(anonymous_6)
FN:76,(anonymous_7)
FN:77,(anonymous_8)
FN:77,(anonymous_9)
FN:84,(anonymous_10)
FN:124,(anonymous_11)
FN:124,(anonymous_12)
FN:131,(anonymous_13)
FN:131,(anonymous_14)
FN:138,(anonymous_15)
FN:138,(anonymous_16)
FN:145,(anonymous_17)
FN:145,(anonymous_18)
FN:152,(anonymous_19)
FN:152,(anonymous_20)
FN:159,(anonymous_21)
FN:159,(anonymous_22)
FN:168,(anonymous_23)
FN:168,(anonymous_24)
FN:195,(anonymous_25)
FN:223,(anonymous_26)
FN:234,(anonymous_27)
FN:245,(anonymous_28)
FNF:28
FNH:0
FNDA:0,BasicStockModal
FNDA:0,(anonymous_2)
FNDA:0,(anonymous_3)
FNDA:0,(anonymous_4)
FNDA:0,(anonymous_5)
FNDA:0,(anonymous_6)
FNDA:0,(anonymous_7)
FNDA:0,(anonymous_8)
FNDA:0,(anonymous_9)
FNDA:0,(anonymous_10)
FNDA:0,(anonymous_11)
FNDA:0,(anonymous_12)
FNDA:0,(anonymous_13)
FNDA:0,(anonymous_14)
FNDA:0,(anonymous_15)
FNDA:0,(anonymous_16)
FNDA:0,(anonymous_17)
FNDA:0,(anonymous_18)
FNDA:0,(anonymous_19)
FNDA:0,(anonymous_20)
FNDA:0,(anonymous_21)
FNDA:0,(anonymous_22)
FNDA:0,(anonymous_23)
FNDA:0,(anonymous_24)
FNDA:0,(anonymous_25)
FNDA:0,(anonymous_26)
FNDA:0,(anonymous_27)
FNDA:0,(anonymous_28)
DA:3,0
DA:4,0
DA:5,0
DA:6,0
DA:26,0
DA:32,0
DA:33,0
DA:43,0
DA:44,0
DA:45,0
DA:46,0
DA:49,0
DA:60,0
DA:61,0
DA:72,0
DA:73,0
DA:76,0
DA:77,0
DA:78,0
DA:84,0
DA:85,0
DA:86,0
DA:87,0
DA:89,0
DA:90,0
DA:93,0
DA:124,0
DA:131,0
DA:138,0
DA:145,0
DA:152,0
DA:159,0
DA:168,0
DA:196,0
DA:223,0
DA:234,0
DA:245,0
LF:37
LH:0
BRDA:30,0,0,0
BRDA:44,1,0,0
BRDA:44,2,0,0
BRDA:44,2,1,0
BRDA:53,3,0,0
BRDA:53,3,1,0
BRDA:54,4,0,0
BRDA:54,4,1,0
BRDA:55,5,0,0
BRDA:55,5,1,0
BRDA:56,6,0,0
BRDA:56,6,1,0
BRDA:57,7,0,0
BRDA:57,7,1,0
BRDA:78,8,0,0
BRDA:78,8,1,0
BRDA:85,9,0,0
BRDA:93,10,0,0
BRDA:189,11,0,0
BRDA:209,12,0,0
BRDA:209,12,1,0
BRDA:213,13,0,0
BRDA:213,13,1,0
BRDA:217,14,0,0
BRDA:217,14,1,0
BRDA:253,15,0,0
BRF:26
BRH:0
end_of_record
TN:
SF:src\components\BulkStockInModal.tsx
FN:30,BulkStockInModal
FN:50,(anonymous_2)
FN:93,(anonymous_3)
FN:100,(anonymous_4)
FN:101,(anonymous_5)
FN:105,(anonymous_6)
FN:110,(anonymous_7)
FN:126,(anonymous_8)
FN:128,(anonymous_9)
FN:134,(anonymous_10)
FN:145,(anonymous_11)
FN:168,(anonymous_12)
FN:184,(anonymous_13)
FN:194,(anonymous_14)
FN:195,(anonymous_15)
FN:199,(anonymous_16)
FN:203,(anonymous_17)
FN:209,(anonymous_18)
FN:213,(anonymous_19)
FN:222,(anonymous_20)
FN:231,(anonymous_21)
FN:255,(anonymous_22)
FN:356,(anonymous_23)
FN:370,(anonymous_24)
FN:375,(anonymous_25)
FN:379,(anonymous_26)
FN:386,(anonymous_27)
FN:389,(anonymous_28)
FN:392,(anonymous_29)
FN:393,(anonymous_30)
FN:397,(anonymous_31)
FN:432,(anonymous_32)
FN:449,(anonymous_33)
FN:456,(anonymous_34)
FN:570,(anonymous_35)
FN:580,(anonymous_36)
FN:591,(anonymous_37)
FN:603,(anonymous_38)
FN:615,(anonymous_39)
FN:627,(anonymous_40)
FN:641,(anonymous_41)
FN:653,(anonymous_42)
FN:665,(anonymous_43)
FN:681,(anonymous_44)
FN:690,(anonymous_45)
FN:699,(anonymous_46)
FN:713,(anonymous_47)
FN:725,(anonymous_48)
FN:733,(anonymous_49)
FN:742,(anonymous_50)
FN:751,(anonymous_51)
FNF:51
FNH:0
FNDA:0,BulkStockInModal
FNDA:0,(anonymous_2)
FNDA:0,(anonymous_3)
FNDA:0,(anonymous_4)
FNDA:0,(anonymous_5)
FNDA:0,(anonymous_6)
FNDA:0,(anonymous_7)
FNDA:0,(anonymous_8)
FNDA:0,(anonymous_9)
FNDA:0,(anonymous_10)
FNDA:0,(anonymous_11)
FNDA:0,(anonymous_12)
FNDA:0,(anonymous_13)
FNDA:0,(anonymous_14)
FNDA:0,(anonymous_15)
FNDA:0,(anonymous_16)
FNDA:0,(anonymous_17)
FNDA:0,(anonymous_18)
FNDA:0,(anonymous_19)
FNDA:0,(anonymous_20)
FNDA:0,(anonymous_21)
FNDA:0,(anonymous_22)
FNDA:0,(anonymous_23)
FNDA:0,(anonymous_24)
FNDA:0,(anonymous_25)
FNDA:0,(anonymous_26)
FNDA:0,(anonymous_27)
FNDA:0,(anonymous_28)
FNDA:0,(anonymous_29)
FNDA:0,(anonymous_30)
FNDA:0,(anonymous_31)
FNDA:0,(anonymous_32)
FNDA:0,(anonymous_33)
FNDA:0,(anonymous_34)
FNDA:0,(anonymous_35)
FNDA:0,(anonymous_36)
FNDA:0,(anonymous_37)
FNDA:0,(anonymous_38)
FNDA:0,(anonymous_39)
FNDA:0,(anonymous_40)
FNDA:0,(anonymous_41)
FNDA:0,(anonymous_42)
FNDA:0,(anonymous_43)
FNDA:0,(anonymous_44)
FNDA:0,(anonymous_45)
FNDA:0,(anonymous_46)
FNDA:0,(anonymous_47)
FNDA:0,(anonymous_48)
FNDA:0,(anonymous_49)
FNDA:0,(anonymous_50)
FNDA:0,(anonymous_51)
DA:3,0
DA:4,0
DA:5,0
DA:6,0
DA:7,0
DA:30,0
DA:31,0
DA:46,0
DA:47,0
DA:50,0
DA:51,0
DA:54,0
DA:55,0
DA:57,0
DA:58,0
DA:60,0
DA:61,0
DA:63,0
DA:64,0
DA:66,0
DA:67,0
DA:69,0
DA:70,0
DA:72,0
DA:73,0
DA:77,0
DA:78,0
DA:79,0
DA:80,0
DA:85,0
DA:86,0
DA:89,0
DA:93,0
DA:94,0
DA:95,0
DA:96,0
DA:100,0
DA:101,0
DA:105,0
DA:106,0
DA:107,0
DA:110,0
DA:111,0
DA:126,0
DA:127,0
DA:128,0
DA:130,0
DA:131,0
DA:133,0
DA:134,0
DA:135,0
DA:136,0
DA:138,0
DA:141,0
DA:145,0
DA:146,0
DA:147,0
DA:149,0
DA:163,0
DA:164,0
DA:165,0
DA:168,0
DA:169,0
DA:170,0
DA:172,0
DA:173,0
DA:174,0
DA:175,0
DA:177,0
DA:179,0
DA:180,0
DA:181,0
DA:184,0
DA:185,0
DA:186,0
DA:187,0
DA:189,0
DA:191,0
DA:194,0
DA:195,0
DA:196,0
DA:199,0
DA:200,0
DA:203,0
DA:204,0
DA:205,0
DA:206,0
DA:207,0
DA:209,0
DA:210,0
DA:213,0
DA:214,0
DA:215,0
DA:216,0
DA:218,0
DA:219,0
DA:222,0
DA:223,0
DA:224,0
DA:226,0
DA:227,0
DA:228,0
DA:231,0
DA:232,0
DA:241,0
DA:242,0
DA:244,0
DA:245,0
DA:246,0
DA:250,0
DA:251,0
DA:252,0
DA:255,0
DA:256,0
DA:260,0
DA:264,0
DA:266,0
DA:267,0
DA:270,0
DA:271,0
DA:272,0
DA:287,0
DA:288,0
DA:289,0
DA:292,0
DA:293,0
DA:296,0
DA:297,0
DA:299,0
DA:300,0
DA:305,0
DA:306,0
DA:316,0
DA:318,0
DA:319,0
DA:320,0
DA:322,0
DA:323,0
DA:327,0
DA:328,0
DA:329,0
DA:343,0
DA:344,0
DA:350,0
DA:352,0
DA:356,0
DA:357,0
DA:361,0
DA:362,0
DA:363,0
DA:364,0
DA:365,0
DA:366,0
DA:367,0
DA:370,0
DA:371,0
DA:372,0
DA:374,0
DA:375,0
DA:376,0
DA:377,0
DA:379,0
DA:381,0
DA:382,0
DA:383,0
DA:386,0
DA:387,0
DA:389,0
DA:390,0
DA:392,0
DA:393,0
DA:394,0
DA:397,0
DA:398,0
DA:399,0
DA:400,0
DA:404,0
DA:405,0
DA:406,0
DA:407,0
DA:410,0
DA:424,0
DA:425,0
DA:428,0
DA:430,0
DA:432,0
DA:434,0
DA:438,0
DA:441,0
DA:443,0
DA:445,0
DA:449,0
DA:450,0
DA:453,0
DA:456,0
DA:457,0
DA:458,0
DA:459,0
DA:460,0
DA:571,0
DA:572,0
DA:574,0
DA:580,0
DA:591,0
DA:603,0
DA:615,0
DA:627,0
DA:641,0
DA:653,0
DA:665,0
DA:681,0
DA:690,0
DA:699,0
DA:713,0
DA:725,0
DA:733,0
DA:742,0
DA:751,0
LF:218
LH:0
BRDA:43,0,0,0
BRDA:43,0,1,0
BRDA:54,1,0,0
BRDA:57,2,0,0
BRDA:60,3,0,0
BRDA:63,4,0,0
BRDA:66,5,0,0
BRDA:69,6,0,0
BRDA:72,7,0,0
BRDA:77,8,0,0
BRDA:79,9,0,0
BRDA:85,10,0,0
BRDA:95,11,0,0
BRDA:107,12,0,0
BRDA:107,12,1,0
BRDA:122,13,0,0
BRDA:122,13,1,0
BRDA:127,14,0,0
BRDA:135,15,0,0
BRDA:135,15,1,0
BRDA:147,16,0,0
BRDA:151,17,0,0
BRDA:151,17,1,0
BRDA:152,18,0,0
BRDA:152,18,1,0
BRDA:153,19,0,0
BRDA:153,19,1,0
BRDA:154,20,0,0
BRDA:154,20,1,0
BRDA:155,21,0,0
BRDA:155,21,1,0
BRDA:156,22,0,0
BRDA:156,22,1,0
BRDA:157,23,0,0
BRDA:157,23,1,0
BRDA:158,24,0,0
BRDA:158,24,1,0
BRDA:159,25,0,0
BRDA:159,25,1,0
BRDA:160,26,0,0
BRDA:160,26,1,0
BRDA:161,27,0,0
BRDA:161,27,1,0
BRDA:161,27,2,0
BRDA:169,28,0,0
BRDA:169,29,0,0
BRDA:169,29,1,0
BRDA:170,30,0,0
BRDA:170,31,0,0
BRDA:170,31,1,0
BRDA:173,32,0,0
BRDA:173,32,1,0
BRDA:177,33,0,0
BRDA:177,34,0,0
BRDA:177,34,1,0
BRDA:186,35,0,0
BRDA:186,35,1,0
BRDA:204,36,0,0
BRDA:205,37,0,0
BRDA:216,38,0,0
BRDA:232,39,0,0
BRDA:232,39,1,0
BRDA:232,39,2,0
BRDA:232,39,3,0
BRDA:232,39,4,0
BRDA:232,39,5,0
BRDA:232,39,6,0
BRDA:244,40,0,0
BRDA:256,41,0,0
BRDA:256,41,1,0
BRDA:256,42,0,0
BRDA:256,42,1,0
BRDA:257,43,0,0
BRDA:257,43,1,0
BRDA:264,44,0,0
BRDA:264,44,1,0
BRDA:275,45,0,0
BRDA:275,45,1,0
BRDA:276,46,0,0
BRDA:276,46,1,0
BRDA:277,47,0,0
BRDA:277,47,1,0
BRDA:278,48,0,0
BRDA:278,48,1,0
BRDA:279,49,0,0
BRDA:279,49,1,0
BRDA:287,50,0,0
BRDA:292,51,0,0
BRDA:308,52,0,0
BRDA:308,52,1,0
BRDA:309,53,0,0
BRDA:309,53,1,0
BRDA:310,54,0,0
BRDA:310,54,1,0
BRDA:311,55,0,0
BRDA:311,55,1,0
BRDA:312,56,0,0
BRDA:312,56,1,0
BRDA:313,57,0,0
BRDA:313,57,1,0
BRDA:314,58,0,0
BRDA:314,58,1,0
BRDA:314,58,2,0
BRDA:340,59,0,0
BRDA:340,59,1,0
BRDA:345,60,0,0
BRDA:345,60,1,0
BRDA:350,61,0,0
BRDA:350,61,1,0
BRDA:372,62,0,0
BRDA:381,63,0,0
BRDA:386,64,0,0
BRDA:386,64,1,0
BRDA:398,65,0,0
BRDA:400,66,0,0
BRDA:400,66,1,0
BRDA:404,67,0,0
BRDA:404,67,1,0
BRDA:404,67,2,0
BRDA:405,68,0,0
BRDA:407,69,0,0
BRDA:407,69,1,0
BRDA:411,70,0,0
BRDA:411,70,1,0
BRDA:412,71,0,0
BRDA:412,71,1,0
BRDA:413,72,0,0
BRDA:413,72,1,0
BRDA:414,73,0,0
BRDA:414,73,1,0
BRDA:414,74,0,0
BRDA:414,74,1,0
BRDA:415,75,0,0
BRDA:415,75,1,0
BRDA:416,76,0,0
BRDA:416,76,1,0
BRDA:416,77,0,0
BRDA:416,77,1,0
BRDA:417,78,0,0
BRDA:417,78,1,0
BRDA:417,79,0,0
BRDA:417,79,1,0
BRDA:418,80,0,0
BRDA:418,80,1,0
BRDA:419,81,0,0
BRDA:419,81,1,0
BRDA:420,82,0,0
BRDA:420,82,1,0
BRDA:430,83,0,0
BRDA:430,83,1,0
BRDA:434,84,0,0
BRDA:434,85,0,0
BRDA:434,85,1,0
BRDA:434,85,2,0
BRDA:434,85,3,0
BRDA:437,86,0,0
BRDA:437,86,1,0
BRDA:457,87,0,0
BRDA:458,88,0,0
BRDA:459,89,0,0
BRDA:460,90,0,0
BRDA:506,91,0,0
BRDA:575,92,0,0
BRDA:575,92,1,0
BRDA:575,93,0,0
BRDA:575,93,1,0
BRDA:595,94,0,0
BRDA:607,95,0,0
BRDA:619,96,0,0
BRDA:627,97,0,0
BRDA:627,97,1,0
BRDA:633,98,0,0
BRDA:645,99,0,0
BRDA:653,100,0,0
BRDA:653,100,1,0
BRDA:658,101,0,0
BRDA:673,102,0,0
BRDA:703,103,0,0
BRDA:716,104,0,0
BRDA:786,105,0,0
BRDA:786,105,1,0
BRDA:787,106,0,0
BRDA:787,106,1,0
BRDA:789,107,0,0
BRDA:789,107,1,0
BRDA:789,108,0,0
BRDA:789,108,1,0
BRDA:794,109,0,0
BRF:188
BRH:0
end_of_record
TN:
SF:src\components\BulkStockOutModal.tsx
FN:13,BulkStockOutModal
FNF:1
FNH:0
FNDA:0,BulkStockOutModal
DA:3,0
DA:4,0
DA:5,0
DA:13,0
LF:4
LH:0
BRF:0
BRH:0
end_of_record
TN:
SF:src\components\CSVUploadModal.tsx
FN:25,CSVUploadModal
FN:35,(anonymous_2)
FN:36,(anonymous_3)
FN:52,(anonymous_4)
FN:68,(anonymous_5)
FN:70,(anonymous_6)
FN:73,(anonymous_7)
FN:77,(anonymous_8)
FN:78,(anonymous_9)
FN:90,(anonymous_10)
FN:110,(anonymous_11)
FN:178,(anonymous_12)
FN:193,(anonymous_13)
FN:201,(anonymous_14)
FN:224,(anonymous_15)
FN:232,(anonymous_16)
FN:320,(anonymous_17)
FNF:17
FNH:0
FNDA:0,CSVUploadModal
FNDA:0,(anonymous_2)
FNDA:0,(anonymous_3)
FNDA:0,(anonymous_4)
FNDA:0,(anonymous_5)
FNDA:0,(anonymous_6)
FNDA:0,(anonymous_7)
FNDA:0,(anonymous_8)
FNDA:0,(anonymous_9)
FNDA:0,(anonymous_10)
FNDA:0,(anonymous_11)
FNDA:0,(anonymous_12)
FNDA:0,(anonymous_13)
FNDA:0,(anonymous_14)
FNDA:0,(anonymous_15)
FNDA:0,(anonymous_16)
FNDA:0,(anonymous_17)
DA:3,0
DA:4,0
DA:5,0
DA:6,0
DA:7,0
DA:25,0
DA:26,0
DA:27,0
DA:28,0
DA:29,0
DA:30,0
DA:31,0
DA:32,0
DA:35,0
DA:36,0
DA:37,0
DA:38,0
DA:39,0
DA:40,0
DA:43,0
DA:47,0
DA:48,0
DA:52,0
DA:53,0
DA:54,0
DA:55,0
DA:56,0
DA:57,0
DA:58,0
DA:59,0
DA:60,0
DA:61,0
DA:62,0
DA:63,0
DA:64,0
DA:68,0
DA:69,0
DA:70,0
DA:71,0
DA:72,0
DA:73,0
DA:76,0
DA:77,0
DA:78,0
DA:81,0
DA:82,0
DA:83,0
DA:84,0
DA:87,0
DA:88,0
DA:89,0
DA:90,0
DA:91,0
DA:92,0
DA:105,0
DA:107,0
DA:110,0
DA:111,0
DA:113,0
DA:114,0
DA:116,0
DA:118,0
DA:120,0
DA:127,0
DA:129,0
DA:130,0
DA:144,0
DA:159,0
DA:162,0
DA:177,0
DA:178,0
DA:179,0
DA:180,0
DA:181,0
DA:185,0
DA:186,0
DA:187,0
DA:189,0
DA:193,0
DA:194,0
DA:195,0
DA:196,0
DA:197,0
DA:198,0
DA:201,0
DA:202,0
DA:203,0
DA:224,0
DA:232,0
DA:321,0
LF:90
LH:0
BRDA:39,0,0,0
BRDA:39,1,0,0
BRDA:39,1,1,0
BRDA:40,2,0,0
BRDA:40,2,1,0
BRDA:47,3,0,0
BRDA:54,4,0,0
BRDA:54,4,1,0
BRDA:54,5,0,0
BRDA:54,5,1,0
BRDA:60,6,0,0
BRDA:73,7,0,0
BRDA:73,7,1,0
BRDA:81,8,0,0
BRDA:89,9,0,0
BRDA:90,10,0,0
BRDA:90,10,1,0
BRDA:91,11,0,0
BRDA:93,12,0,0
BRDA:93,12,1,0
BRDA:94,13,0,0
BRDA:94,13,1,0
BRDA:95,14,0,0
BRDA:95,14,1,0
BRDA:96,15,0,0
BRDA:96,15,1,0
BRDA:97,16,0,0
BRDA:97,16,1,0
BRDA:98,17,0,0
BRDA:98,17,1,0
BRDA:99,18,0,0
BRDA:99,18,1,0
BRDA:111,19,0,0
BRDA:111,20,0,0
BRDA:111,20,1,0
BRDA:127,21,0,0
BRDA:127,21,1,0
BRDA:127,22,0,0
BRDA:127,22,1,0
BRDA:134,23,0,0
BRDA:134,23,1,0
BRDA:138,24,0,0
BRDA:138,24,1,0
BRDA:139,25,0,0
BRDA:139,25,1,0
BRDA:151,26,0,0
BRDA:151,26,1,0
BRDA:159,27,0,0
BRDA:166,28,0,0
BRDA:166,28,1,0
BRDA:170,29,0,0
BRDA:170,29,1,0
BRDA:171,30,0,0
BRDA:171,30,1,0
BRDA:249,31,0,0
BRDA:249,31,1,0
BRDA:256,32,0,0
BRDA:268,33,0,0
BRDA:277,34,0,0
BRDA:287,35,0,0
BRDA:326,36,0,0
BRDA:326,36,1,0
BRDA:327,37,0,0
BRDA:327,37,1,0
BRDA:328,38,0,0
BRDA:328,38,1,0
BRDA:352,39,0,0
BRDA:352,39,1,0
BRDA:352,39,2,0
BRDA:355,40,0,0
BRDA:355,40,1,0
BRF:71
BRH:0
end_of_record
TN:
SF:src\components\DisposalListModal.tsx
FN:12,DisposalListModal
FNF:1
FNH:0
FNDA:0,DisposalListModal
DA:3,0
DA:4,0
DA:5,0
DA:12,0
LF:4
LH:0
BRF:0
BRH:0
end_of_record
TN:
SF:src\components\DisposalModal.tsx
FN:13,DisposalModal
FNF:1
FNH:0
FNDA:0,DisposalModal
DA:3,0
DA:4,0
DA:5,0
DA:13,0
LF:4
LH:0
BRF:0
BRH:0
end_of_record
TN:
SF:src\components\ErrorBoundary.tsx
FN:21,(anonymous_8)
FN:57,(anonymous_9)
FN:65,(anonymous_10)
FN:30,(anonymous_11)
FN:38,(anonymous_12)
FN:69,(anonymous_13)
FN:150,withErrorBoundary
FN:155,WrappedComponent
FN:165,handleSpecificError
FN:190,getErrorRecoveryStrategy
FNF:10
FNH:0
FNDA:0,(anonymous_8)
FNDA:0,(anonymous_9)
FNDA:0,(anonymous_10)
FNDA:0,(anonymous_11)
FNDA:0,(anonymous_12)
FNDA:0,(anonymous_13)
FNDA:0,withErrorBoundary
FNDA:0,WrappedComponent
FNDA:0,handleSpecificError
FNDA:0,getErrorRecoveryStrategy
DA:3,0
DA:4,0
DA:5,0
DA:6,0
DA:20,0
DA:22,0
DA:23,0
DA:31,0
DA:40,0
DA:46,0
DA:52,0
DA:53,0
DA:58,0
DA:66,0
DA:70,0
DA:72,0
DA:73,0
DA:145,0
DA:150,0
DA:155,0
DA:165,0
DA:166,0
DA:167,0
DA:170,0
DA:171,0
DA:174,0
DA:175,0
DA:178,0
DA:179,0
DA:182,0
DA:183,0
DA:186,0
DA:190,0
DA:195,0
DA:196,0
DA:203,0
DA:204,0
DA:211,0
DA:212,0
DA:219,0
LF:40
LH:0
BRDA:52,0,0,0
BRDA:70,1,0,0
BRDA:72,2,0,0
BRDA:93,3,0,0
BRDA:93,3,1,0
BRDA:102,4,0,0
BRDA:137,5,0,0
BRDA:137,5,1,0
BRDA:157,6,0,0
BRDA:157,6,1,0
BRDA:166,7,0,0
BRDA:166,8,0,0
BRDA:166,8,1,0
BRDA:170,9,0,0
BRDA:170,10,0,0
BRDA:170,10,1,0
BRDA:174,11,0,0
BRDA:178,12,0,0
BRDA:178,13,0,0
BRDA:178,13,1,0
BRDA:182,14,0,0
BRDA:195,15,0,0
BRDA:203,16,0,0
BRDA:211,17,0,0
BRF:24
BRH:0
end_of_record
TN:
SF:src\components\HistoryModal.tsx
FN:26,HistoryModal
FN:34,(anonymous_2)
FN:43,(anonymous_3)
FN:77,(anonymous_4)
FN:87,(anonymous_5)
FN:98,(anonymous_6)
FN:104,(anonymous_7)
FN:108,(anonymous_8)
FN:129,(anonymous_9)
FN:139,(anonymous_10)
FN:148,(anonymous_11)
FN:201,(anonymous_12)
FN:261,(anonymous_13)
FN:265,(anonymous_14)
FN:270,(anonymous_15)
FNF:15
FNH:0
FNDA:0,HistoryModal
FNDA:0,(anonymous_2)
FNDA:0,(anonymous_3)
FNDA:0,(anonymous_4)
FNDA:0,(anonymous_5)
FNDA:0,(anonymous_6)
FNDA:0,(anonymous_7)
FNDA:0,(anonymous_8)
FNDA:0,(anonymous_9)
FNDA:0,(anonymous_10)
FNDA:0,(anonymous_11)
FNDA:0,(anonymous_12)
FNDA:0,(anonymous_13)
FNDA:0,(anonymous_14)
FNDA:0,(anonymous_15)
DA:3,0
DA:4,0
DA:5,0
DA:6,0
DA:26,0
DA:27,0
DA:28,0
DA:29,0
DA:30,0
DA:31,0
DA:34,0
DA:35,0
DA:36,0
DA:38,0
DA:39,0
DA:43,0
DA:44,0
DA:45,0
DA:48,0
DA:73,0
DA:76,0
DA:77,0
DA:78,0
DA:79,0
DA:80,0
DA:81,0
DA:86,0
DA:87,0
DA:90,0
DA:92,0
DA:94,0
DA:98,0
DA:99,0
DA:100,0
DA:104,0
DA:105,0
DA:108,0
DA:109,0
DA:129,0
DA:139,0
DA:148,0
DA:202,0
DA:261,0
DA:265,0
DA:270,0
LF:45
LH:0
BRDA:38,0,0,0
BRDA:38,0,1,0
BRDA:39,1,0,0
BRDA:39,1,1,0
BRDA:76,2,0,0
BRDA:76,3,0,0
BRDA:76,3,1,0
BRDA:81,4,0,0
BRDA:81,4,1,0
BRDA:86,5,0,0
BRDA:99,6,0,0
BRDA:99,7,0,0
BRDA:99,7,1,0
BRDA:99,7,2,0
BRDA:163,8,0,0
BRDA:163,8,1,0
BRDA:201,9,0,0
BRDA:205,10,0,0
BRDA:205,10,1,0
BRDA:208,11,0,0
BRDA:213,12,0,0
BRDA:213,12,1,0
BRDA:230,13,0,0
BRDA:230,13,1,0
BRDA:230,13,2,0
BRDA:243,14,0,0
BRDA:243,14,1,0
BRDA:252,15,0,0
BRF:28
BRH:0
end_of_record
TN:
SF:src\components\ItemModal.tsx
FN:15,ItemModal
FN:28,(anonymous_2)
FN:54,(anonymous_3)
FN:83,(anonymous_4)
FN:97,(anonymous_5)
FN:109,(anonymous_6)
FN:126,(anonymous_7)
FN:140,(anonymous_8)
FN:153,(anonymous_9)
FN:165,(anonymous_10)
FN:176,(anonymous_11)
FNF:11
FNH:0
FNDA:0,ItemModal
FNDA:0,(anonymous_2)
FNDA:0,(anonymous_3)
FNDA:0,(anonymous_4)
FNDA:0,(anonymous_5)
FNDA:0,(anonymous_6)
FNDA:0,(anonymous_7)
FNDA:0,(anonymous_8)
FNDA:0,(anonymous_9)
FNDA:0,(anonymous_10)
FNDA:0,(anonymous_11)
DA:3,0
DA:4,0
DA:5,0
DA:15,0
DA:16,0
DA:26,0
DA:28,0
DA:29,0
DA:30,0
DA:41,0
DA:54,0
DA:55,0
DA:56,0
DA:58,0
DA:59,0
DA:60,0
DA:62,0
DA:64,0
DA:83,0
DA:97,0
DA:109,0
DA:126,0
DA:140,0
DA:153,0
DA:165,0
DA:176,0
LF:26
LH:0
BRDA:29,0,0,0
BRDA:29,0,1,0
BRDA:37,1,0,0
BRDA:37,1,1,0
BRDA:38,2,0,0
BRDA:38,2,1,0
BRDA:72,3,0,0
BRDA:72,3,1,0
BRDA:126,4,0,0
BRDA:126,4,1,0
BRDA:140,5,0,0
BRDA:140,5,1,0
BRDA:187,6,0,0
BRDA:187,6,1,0
BRDA:187,7,0,0
BRDA:187,7,1,0
BRF:16
BRH:0
end_of_record
TN:
SF:src\components\LoginModal.tsx
FN:14,LoginModal
FN:20,(anonymous_2)
FN:61,(anonymous_3)
FN:80,(anonymous_4)
FNF:4
FNH:0
FNDA:0,LoginModal
FNDA:0,(anonymous_2)
FNDA:0,(anonymous_3)
FNDA:0,(anonymous_4)
DA:3,0
DA:4,0
DA:5,0
DA:6,0
DA:14,0
DA:15,0
DA:16,0
DA:17,0
DA:18,0
DA:20,0
DA:21,0
DA:22,0
DA:23,0
DA:25,0
DA:26,0
DA:27,0
DA:28,0
DA:29,0
DA:30,0
DA:31,0
DA:33,0
DA:36,0
DA:38,0
DA:61,0
DA:80,0
LF:25
LH:0
BRDA:27,0,0,0
BRDA:27,0,1,0
BRDA:89,1,0,0
BRDA:102,2,0,0
BRDA:102,2,1,0
BRF:5
BRH:0
end_of_record
TN:
SF:src\components\PermissionManagementModal.tsx
FN:41,PermissionManagementModal
FN:52,(anonymous_2)
FN:59,(anonymous_3)
FN:60,(anonymous_4)
FN:67,(anonymous_5)
FN:90,(anonymous_6)
FN:96,(anonymous_7)
FN:100,(anonymous_8)
FN:110,(anonymous_9)
FN:111,(anonymous_10)
FN:112,(anonymous_11)
FN:120,(anonymous_12)
FN:159,(anonymous_13)
FN:171,(anonymous_14)
FN:195,(anonymous_15)
FN:201,(anonymous_16)
FN:208,(anonymous_17)
FN:265,(anonymous_18)
FN:277,(anonymous_19)
FNF:19
FNH:0
FNDA:0,PermissionManagementModal
FNDA:0,(anonymous_2)
FNDA:0,(anonymous_3)
FNDA:0,(anonymous_4)
FNDA:0,(anonymous_5)
FNDA:0,(anonymous_6)
FNDA:0,(anonymous_7)
FNDA:0,(anonymous_8)
FNDA:0,(anonymous_9)
FNDA:0,(anonymous_10)
FNDA:0,(anonymous_11)
FNDA:0,(anonymous_12)
FNDA:0,(anonymous_13)
FNDA:0,(anonymous_14)
FNDA:0,(anonymous_15)
FNDA:0,(anonymous_16)
FNDA:0,(anonymous_17)
FNDA:0,(anonymous_18)
FNDA:0,(anonymous_19)
DA:3,0
DA:4,0
DA:5,0
DA:6,0
DA:27,0
DA:41,0
DA:42,0
DA:43,0
DA:44,0
DA:45,0
DA:46,0
DA:47,0
DA:48,0
DA:49,0
DA:52,0
DA:53,0
DA:54,0
DA:59,0
DA:60,0
DA:61,0
DA:64,0
DA:67,0
DA:68,0
DA:69,0
DA:72,0
DA:81,0
DA:82,0
DA:84,0
DA:86,0
DA:90,0
DA:91,0
DA:93,0
DA:96,0
DA:97,0
DA:100,0
DA:104,0
DA:106,0
DA:110,0
DA:111,0
DA:112,0
DA:113,0
DA:120,0
DA:121,0
DA:123,0
DA:124,0
DA:126,0
DA:129,0
DA:131,0
DA:132,0
DA:134,0
DA:159,0
DA:171,0
DA:196,0
DA:201,0
DA:208,0
DA:266,0
DA:277,0
LF:57
LH:0
BRDA:53,0,0,0
BRDA:61,1,0,0
BRDA:61,1,1,0
BRDA:113,2,0,0
BRDA:113,2,1,0
BRDA:121,3,0,0
BRDA:199,4,0,0
BRDA:199,4,1,0
BRDA:232,5,0,0
BRDA:295,6,0,0
BRF:10
BRH:0
end_of_record
TN:
SF:src\components\RentalModal.tsx
FN:16,RentalModal
FN:34,(anonymous_2)
FN:36,(anonymous_3)
FN:48,(anonymous_4)
FN:53,(anonymous_5)
FN:68,(anonymous_6)
FN:102,(anonymous_7)
FN:114,(anonymous_8)
FN:118,(anonymous_9)
FN:153,(anonymous_10)
FN:186,(anonymous_11)
FN:198,(anonymous_12)
FN:235,(anonymous_13)
FN:241,(anonymous_14)
FN:261,(anonymous_15)
FN:373,(anonymous_16)
FN:382,(anonymous_17)
FN:391,(anonymous_18)
FN:400,(anonymous_19)
FN:409,(anonymous_20)
FNF:20
FNH:0
FNDA:0,RentalModal
FNDA:0,(anonymous_2)
FNDA:0,(anonymous_3)
FNDA:0,(anonymous_4)
FNDA:0,(anonymous_5)
FNDA:0,(anonymous_6)
FNDA:0,(anonymous_7)
FNDA:0,(anonymous_8)
FNDA:0,(anonymous_9)
FNDA:0,(anonymous_10)
FNDA:0,(anonymous_11)
FNDA:0,(anonymous_12)
FNDA:0,(anonymous_13)
FNDA:0,(anonymous_14)
FNDA:0,(anonymous_15)
FNDA:0,(anonymous_16)
FNDA:0,(anonymous_17)
FNDA:0,(anonymous_18)
FNDA:0,(anonymous_19)
FNDA:0,(anonymous_20)
DA:3,0
DA:4,0
DA:5,0
DA:6,0
DA:7,0
DA:16,0
DA:17,0
DA:18,0
DA:19,0
DA:20,0
DA:21,0
DA:28,0
DA:34,0
DA:35,0
DA:36,0
DA:37,0
DA:42,0
DA:44,0
DA:48,0
DA:49,0
DA:50,0
DA:53,0
DA:54,0
DA:55,0
DA:62,0
DA:65,0
DA:68,0
DA:69,0
DA:71,0
DA:79,0
DA:87,0
DA:94,0
DA:98,0
DA:102,0
DA:104,0
DA:110,0
DA:114,0
DA:115,0
DA:118,0
DA:119,0
DA:121,0
DA:122,0
DA:133,0
DA:135,0
DA:136,0
DA:139,0
DA:148,0
DA:149,0
DA:153,0
DA:154,0
DA:155,0
DA:163,0
DA:186,0
DA:198,0
DA:236,0
DA:241,0
DA:262,0
DA:263,0
DA:373,0
DA:382,0
DA:391,0
DA:400,0
DA:409,0
LF:63
LH:0
BRDA:35,0,0,0
BRDA:35,0,1,0
BRDA:37,1,0,0
BRDA:37,1,1,0
BRDA:37,1,2,0
BRDA:37,1,3,0
BRDA:37,2,0,0
BRDA:37,2,1,0
BRDA:38,3,0,0
BRDA:38,3,1,0
BRDA:39,4,0,0
BRDA:39,4,1,0
BRDA:40,5,0,0
BRDA:40,5,1,0
BRDA:56,6,0,0
BRDA:56,6,1,0
BRDA:57,7,0,0
BRDA:57,7,1,0
BRDA:58,8,0,0
BRDA:58,8,1,0
BRDA:59,9,0,0
BRDA:59,9,1,0
BRDA:60,10,0,0
BRDA:60,10,1,0
BRDA:94,11,0,0
BRDA:94,11,1,0
BRDA:98,12,0,0
BRDA:98,12,1,0
BRDA:99,13,0,0
BRDA:99,13,1,0
BRDA:102,14,0,0
BRDA:102,14,1,0
BRDA:119,15,0,0
BRDA:133,16,0,0
BRDA:154,17,0,0
BRDA:156,18,0,0
BRDA:156,18,1,0
BRDA:157,19,0,0
BRDA:157,19,1,0
BRDA:158,20,0,0
BRDA:158,20,1,0
BRDA:159,21,0,0
BRDA:159,21,1,0
BRDA:160,22,0,0
BRDA:160,22,1,0
BRDA:193,23,0,0
BRDA:206,24,0,0
BRDA:213,25,0,0
BRDA:239,26,0,0
BRDA:239,26,1,0
BRDA:247,27,0,0
BRDA:247,27,1,0
BRDA:250,28,0,0
BRDA:250,28,1,0
BRDA:253,29,0,0
BRDA:253,29,1,0
BRDA:287,30,0,0
BRDA:297,31,0,0
BRDA:304,32,0,0
BRDA:335,33,0,0
BRDA:343,34,0,0
BRDA:343,34,1,0
BRDA:347,35,0,0
BRDA:347,35,1,0
BRDA:351,36,0,0
BRDA:351,36,1,0
BRDA:355,37,0,0
BRDA:355,37,1,0
BRDA:432,38,0,0
BRDA:432,38,1,0
BRF:70
BRH:0
end_of_record
TN:
SF:src\components\SearchModal.tsx
FN:14,SearchModal
FN:17,(anonymous_2)
FN:40,(anonymous_3)
FNF:3
FNH:0
FNDA:0,SearchModal
FNDA:0,(anonymous_2)
FNDA:0,(anonymous_3)
DA:3,0
DA:4,0
DA:5,0
DA:6,0
DA:14,0
DA:15,0
DA:17,0
DA:18,0
DA:19,0
DA:40,0
LF:10
LH:0
BRF:0
BRH:0
end_of_record
TN:
SF:src\components\StockAdjustmentModal.tsx
FN:28,StockAdjustmentModal
FN:41,(anonymous_2)
FN:45,(anonymous_3)
FN:55,(anonymous_4)
FN:56,(anonymous_5)
FN:56,(anonymous_6)
FN:63,(anonymous_7)
FN:64,(anonymous_8)
FN:64,(anonymous_9)
FN:71,(anonymous_10)
FN:72,(anonymous_11)
FN:72,(anonymous_12)
FN:79,(anonymous_13)
FN:84,(anonymous_14)
FN:87,(anonymous_15)
FN:87,(anonymous_16)
FN:96,(anonymous_17)
FN:97,(anonymous_18)
FN:112,(anonymous_19)
FN:116,(anonymous_20)
FN:156,(anonymous_21)
FN:175,(anonymous_22)
FN:208,(anonymous_23)
FN:231,(anonymous_24)
FN:241,(anonymous_25)
FN:252,(anonymous_26)
FN:302,(anonymous_27)
FN:302,(anonymous_28)
FN:311,(anonymous_29)
FN:311,(anonymous_30)
FN:320,(anonymous_31)
FN:320,(anonymous_32)
FN:330,(anonymous_33)
FN:330,(anonymous_34)
FN:338,(anonymous_35)
FN:338,(anonymous_36)
FN:346,(anonymous_37)
FNF:37
FNH:0
FNDA:0,StockAdjustmentModal
FNDA:0,(anonymous_2)
FNDA:0,(anonymous_3)
FNDA:0,(anonymous_4)
FNDA:0,(anonymous_5)
FNDA:0,(anonymous_6)
FNDA:0,(anonymous_7)
FNDA:0,(anonymous_8)
FNDA:0,(anonymous_9)
FNDA:0,(anonymous_10)
FNDA:0,(anonymous_11)
FNDA:0,(anonymous_12)
FNDA:0,(anonymous_13)
FNDA:0,(anonymous_14)
FNDA:0,(anonymous_15)
FNDA:0,(anonymous_16)
FNDA:0,(anonymous_17)
FNDA:0,(anonymous_18)
FNDA:0,(anonymous_19)
FNDA:0,(anonymous_20)
FNDA:0,(anonymous_21)
FNDA:0,(anonymous_22)
FNDA:0,(anonymous_23)
FNDA:0,(anonymous_24)
FNDA:0,(anonymous_25)
FNDA:0,(anonymous_26)
FNDA:0,(anonymous_27)
FNDA:0,(anonymous_28)
FNDA:0,(anonymous_29)
FNDA:0,(anonymous_30)
FNDA:0,(anonymous_31)
FNDA:0,(anonymous_32)
FNDA:0,(anonymous_33)
FNDA:0,(anonymous_34)
FNDA:0,(anonymous_35)
FNDA:0,(anonymous_36)
FNDA:0,(anonymous_37)
DA:3,0
DA:4,0
DA:5,0
DA:6,0
DA:28,0
DA:34,0
DA:35,0
DA:36,0
DA:37,0
DA:38,0
DA:41,0
DA:42,0
DA:43,0
DA:45,0
DA:46,0
DA:51,0
DA:55,0
DA:56,0
DA:57,0
DA:63,0
DA:64,0
DA:65,0
DA:71,0
DA:72,0
DA:73,0
DA:79,0
DA:80,0
DA:81,0
DA:84,0
DA:85,0
DA:87,0
DA:88,0
DA:92,0
DA:93,0
DA:96,0
DA:97,0
DA:98,0
DA:103,0
DA:104,0
DA:105,0
DA:108,0
DA:109,0
DA:112,0
DA:113,0
DA:116,0
DA:117,0
DA:118,0
DA:119,0
DA:120,0
DA:123,0
DA:156,0
DA:176,0
DA:208,0
DA:231,0
DA:241,0
DA:252,0
DA:302,0
DA:311,0
DA:320,0
DA:330,0
DA:338,0
DA:346,0
LF:62
LH:0
BRDA:32,0,0,0
BRDA:42,1,0,0
BRDA:42,1,1,0
BRDA:46,2,0,0
BRDA:46,2,1,0
BRDA:46,2,2,0
BRDA:46,2,3,0
BRDA:57,3,0,0
BRDA:57,3,1,0
BRDA:65,4,0,0
BRDA:65,4,1,0
BRDA:73,5,0,0
BRDA:73,5,1,0
BRDA:85,6,0,0
BRDA:88,7,0,0
BRDA:88,7,1,0
BRDA:98,8,0,0
BRDA:98,8,1,0
BRDA:98,8,2,0
BRDA:103,9,0,0
BRDA:118,10,0,0
BRDA:119,11,0,0
BRDA:123,12,0,0
BRDA:169,13,0,0
BRDA:169,13,1,0
BRDA:191,14,0,0
BRDA:191,14,1,0
BRDA:216,15,0,0
BRDA:216,15,1,0
BRDA:261,16,0,0
BRDA:289,17,0,0
BRDA:289,17,1,0
BRDA:302,18,0,0
BRDA:302,18,1,0
BRDA:311,19,0,0
BRDA:311,19,1,0
BRDA:320,20,0,0
BRDA:320,20,1,0
BRDA:330,21,0,0
BRDA:330,21,1,0
BRDA:338,22,0,0
BRDA:338,22,1,0
BRF:42
BRH:0
end_of_record
TN:
SF:src\components\StockHistoryModal.tsx
FN:13,StockHistoryModal
FNF:1
FNH:0
FNDA:0,StockHistoryModal
DA:3,0
DA:4,0
DA:5,0
DA:13,0
LF:4
LH:0
BRDA:26,0,0,0
BRDA:29,1,0,0
BRDA:29,1,1,0
BRF:3
BRH:0
end_of_record
TN:
SF:src\components\StockInListModal.tsx
FN:12,StockInListModal
FNF:1
FNH:0
FNDA:0,StockInListModal
DA:3,0
DA:4,0
DA:5,0
DA:12,0
LF:4
LH:0
BRF:0
BRH:0
end_of_record
TN:
SF:src\components\StockInModal.tsx
FN:22,StockInModal
FN:30,(anonymous_2)
FN:54,(anonymous_3)
FN:82,(anonymous_4)
FN:97,(anonymous_5)
FN:113,(anonymous_6)
FN:128,(anonymous_7)
FNF:7
FNH:0
FNDA:0,StockInModal
FNDA:0,(anonymous_2)
FNDA:0,(anonymous_3)
FNDA:0,(anonymous_4)
FNDA:0,(anonymous_5)
FNDA:0,(anonymous_6)
FNDA:0,(anonymous_7)
DA:3,0
DA:4,0
DA:5,0
DA:6,0
DA:22,0
DA:23,0
DA:30,0
DA:31,0
DA:34,0
DA:35,0
DA:36,0
DA:39,0
DA:40,0
DA:41,0
DA:44,0
DA:45,0
DA:46,0
DA:49,0
DA:50,0
DA:54,0
DA:55,0
DA:61,0
DA:82,0
DA:97,0
DA:113,0
DA:128,0
LF:26
LH:0
BRDA:34,0,0,0
BRDA:39,1,0,0
BRDA:39,2,0,0
BRDA:39,2,1,0
BRDA:44,3,0,0
BRDA:44,4,0,0
BRDA:44,4,1,0
BRF:7
BRH:0
end_of_record
TN:
SF:src\components\StockOutListModal.tsx
FN:19,StockOutListModal
FN:27,(anonymous_2)
FN:33,(anonymous_3)
FN:38,(anonymous_4)
FN:51,(anonymous_5)
FN:58,(anonymous_6)
FN:66,(anonymous_7)
FN:94,(anonymous_8)
FN:123,(anonymous_9)
FN:130,(anonymous_10)
FN:135,(anonymous_11)
FN:178,(anonymous_12)
FN:267,(anonymous_13)
FN:273,(anonymous_14)
FN:279,(anonymous_15)
FNF:15
FNH:0
FNDA:0,StockOutListModal
FNDA:0,(anonymous_2)
FNDA:0,(anonymous_3)
FNDA:0,(anonymous_4)
FNDA:0,(anonymous_5)
FNDA:0,(anonymous_6)
FNDA:0,(anonymous_7)
FNDA:0,(anonymous_8)
FNDA:0,(anonymous_9)
FNDA:0,(anonymous_10)
FNDA:0,(anonymous_11)
FNDA:0,(anonymous_12)
FNDA:0,(anonymous_13)
FNDA:0,(anonymous_14)
FNDA:0,(anonymous_15)
DA:3,0
DA:4,0
DA:5,0
DA:6,0
DA:7,0
DA:19,0
DA:20,0
DA:21,0
DA:22,0
DA:23,0
DA:24,0
DA:25,0
DA:27,0
DA:28,0
DA:29,0
DA:33,0
DA:34,0
DA:37,0
DA:38,0
DA:39,0
DA:50,0
DA:51,0
DA:52,0
DA:57,0
DA:58,0
DA:59,0
DA:63,0
DA:66,0
DA:67,0
DA:68,0
DA:70,0
DA:85,0
DA:86,0
DA:88,0
DA:90,0
DA:94,0
DA:95,0
DA:96,0
DA:97,0
DA:100,0
DA:123,0
DA:130,0
DA:135,0
DA:179,0
DA:267,0
DA:273,0
DA:279,0
LF:47
LH:0
BRDA:28,0,0,0
BRDA:37,1,0,0
BRDA:39,2,0,0
BRDA:39,2,1,0
BRDA:39,2,2,0
BRDA:39,2,3,0
BRDA:39,2,4,0
BRDA:39,2,5,0
BRDA:39,2,6,0
BRDA:50,3,0,0
BRDA:57,4,0,0
BRDA:59,5,0,0
BRDA:59,5,1,0
BRDA:85,6,0,0
BRDA:86,7,0,0
BRDA:86,7,1,0
BRDA:100,8,0,0
BRDA:100,8,1,0
BRDA:100,9,0,0
BRDA:100,9,1,0
BRDA:100,9,2,0
BRDA:142,10,0,0
BRDA:142,10,1,0
BRDA:142,10,2,0
BRDA:151,11,0,0
BRDA:184,12,0,0
BRDA:184,12,1,0
BRDA:187,13,0,0
BRDA:187,13,1,0
BRDA:193,14,0,0
BRDA:193,14,1,0
BRDA:196,15,0,0
BRDA:196,15,1,0
BRDA:200,16,0,0
BRDA:200,16,1,0
BRDA:204,17,0,0
BRDA:204,17,1,0
BRDA:210,18,0,0
BRDA:210,18,1,0
BRDA:220,19,0,0
BRDA:220,19,1,0
BRDA:225,20,0,0
BRDA:225,20,1,0
BRDA:229,21,0,0
BRDA:229,21,1,0
BRDA:229,22,0,0
BRDA:229,22,1,0
BRDA:237,23,0,0
BRDA:237,23,1,0
BRDA:244,24,0,0
BRDA:248,25,0,0
BRDA:248,25,1,0
BRDA:248,26,0,0
BRDA:248,26,1,0
BRDA:248,26,2,0
BRDA:256,27,0,0
BRDA:273,28,0,0
BRDA:273,28,1,0
BRDA:285,29,0,0
BRDA:285,29,1,0
BRDA:285,30,0,0
BRDA:285,30,1,0
BRF:62
BRH:0
end_of_record
TN:
SF:src\components\StockOutModal.tsx
FN:28,StockOutModal
FN:36,(anonymous_2)
FN:46,(anonymous_3)
FN:61,(anonymous_4)
FN:64,(anonymous_5)
FN:74,(anonymous_6)
FN:101,(anonymous_7)
FN:127,(anonymous_8)
FN:136,(anonymous_9)
FN:148,(anonymous_10)
FN:161,(anonymous_11)
FNF:11
FNH:0
FNDA:0,StockOutModal
FNDA:0,(anonymous_2)
FNDA:0,(anonymous_3)
FNDA:0,(anonymous_4)
FNDA:0,(anonymous_5)
FNDA:0,(anonymous_6)
FNDA:0,(anonymous_7)
FNDA:0,(anonymous_8)
FNDA:0,(anonymous_9)
FNDA:0,(anonymous_10)
FNDA:0,(anonymous_11)
DA:3,0
DA:4,0
DA:5,0
DA:6,0
DA:28,0
DA:29,0
DA:36,0
DA:37,0
DA:38,0
DA:46,0
DA:47,0
DA:49,0
DA:50,0
DA:51,0
DA:54,0
DA:55,0
DA:56,0
DA:60,0
DA:61,0
DA:63,0
DA:64,0
DA:65,0
DA:66,0
DA:69,0
DA:70,0
DA:74,0
DA:75,0
DA:80,0
DA:102,0
DA:127,0
DA:136,0
DA:148,0
DA:161,0
LF:33
LH:0
BRDA:28,0,0,0
BRDA:37,1,0,0
BRDA:49,2,0,0
BRDA:54,3,0,0
BRDA:54,4,0,0
BRDA:54,4,1,0
BRDA:63,5,0,0
BRDA:95,6,0,0
BRDA:111,7,0,0
BRDA:134,8,0,0
BRF:10
BRH:0
end_of_record
TN:
SF:src\components\UserManagementModal.tsx
FN:13,UserManagementModal
FN:44,(anonymous_2)
FNF:2
FNH:0
FNDA:0,UserManagementModal
FNDA:0,(anonymous_2)
DA:3,0
DA:4,0
DA:5,0
DA:6,0
DA:13,0
DA:14,0
DA:45,0
LF:7
LH:0
BRF:0
BRH:0
end_of_record
TN:
SF:src\components\auth\RequireAuth.tsx
FN:19,RequireAuth
FN:31,(anonymous_12)
FN:63,(anonymous_13)
FN:104,(anonymous_14)
FN:131,(anonymous_15)
FN:134,(anonymous_16)
FN:150,withAuth
FN:154,AuthenticatedComponent
FN:164,withRole
FN:172,withPermission
FN:180,AdminOnly
FN:185,ManagerOnly
FN:190,AuthenticatedOnly
FNF:13
FNH:0
FNDA:0,RequireAuth
FNDA:0,(anonymous_12)
FNDA:0,(anonymous_13)
FNDA:0,(anonymous_14)
FNDA:0,(anonymous_15)
FNDA:0,(anonymous_16)
FNDA:0,withAuth
FNDA:0,AuthenticatedComponent
FNDA:0,withRole
FNDA:0,withPermission
FNDA:0,AdminOnly
FNDA:0,ManagerOnly
FNDA:0,AuthenticatedOnly
DA:3,0
DA:4,0
DA:5,0
DA:6,0
DA:7,0
DA:8,0
DA:19,0
DA:27,0
DA:28,0
DA:29,0
DA:31,0
DA:32,0
DA:34,0
DA:35,0
DA:39,0
DA:40,0
DA:44,0
DA:45,0
DA:46,0
DA:47,0
DA:49,0
DA:50,0
DA:56,0
DA:57,0
DA:62,0
DA:63,0
DA:64,0
DA:67,0
DA:68,0
DA:74,0
DA:75,0
DA:80,0
DA:85,0
DA:97,0
DA:104,0
DA:113,0
DA:114,0
DA:131,0
DA:134,0
DA:142,0
DA:150,0
DA:154,0
DA:164,0
DA:168,0
DA:172,0
DA:176,0
DA:180,0
DA:181,0
DA:185,0
DA:186,0
DA:190,0
DA:191,0
LF:52
LH:0
BRDA:21,0,0,0
BRDA:24,1,0,0
BRDA:25,2,0,0
BRDA:32,3,0,0
BRDA:34,4,0,0
BRDA:44,5,0,0
BRDA:44,6,0,0
BRDA:44,6,1,0
BRDA:46,7,0,0
BRDA:46,7,1,0
BRDA:47,8,0,0
BRDA:47,8,1,0
BRDA:49,9,0,0
BRDA:62,10,0,0
BRDA:67,11,0,0
BRDA:85,12,0,0
BRDA:86,13,0,0
BRDA:97,14,0,0
BRDA:98,15,0,0
BRDA:113,16,0,0
BRDA:114,17,0,0
BRDA:122,18,0,0
BRDA:152,19,0,0
BRF:23
BRH:0
end_of_record
TN:
SF:src\components\stock\StockManagementHeader.tsx
FN:15,StockManagementHeader
FN:37,(anonymous_2)
FNF:2
FNH:0
FNDA:0,StockManagementHeader
FNDA:0,(anonymous_2)
DA:3,0
DA:4,0
DA:5,0
DA:15,0
DA:22,0
DA:37,0
LF:6
LH:0
BRDA:48,0,0,0
BRDA:53,1,0,0
BRF:2
BRH:0
end_of_record
TN:
SF:src\components\stock\StockStatistics.tsx
FN:12,StockStatistics
FNF:1
FNH:0
FNDA:0,StockStatistics
DA:3,0
DA:12,0
LF:2
LH:0
BRDA:64,0,0,0
BRDA:64,0,1,0
BRDA:66,1,0,0
BRDA:66,1,1,0
BRDA:68,2,0,0
BRDA:68,2,1,0
BRF:6
BRH:0
end_of_record
TN:
SF:src\components\test\StockTestPanel.tsx
FN:47,StockTestPanel
FN:62,(anonymous_2)
FN:132,(anonymous_3)
FN:134,(anonymous_4)
FN:147,(anonymous_5)
FN:151,(anonymous_6)
FN:157,(anonymous_7)
FN:162,(anonymous_8)
FN:170,(anonymous_9)
FN:217,(anonymous_10)
FN:251,(anonymous_11)
FN:256,(anonymous_12)
FN:286,(anonymous_13)
FN:291,(anonymous_14)
FN:321,(anonymous_15)
FN:326,(anonymous_16)
FN:356,(anonymous_17)
FN:361,(anonymous_18)
FN:391,(anonymous_19)
FN:396,(anonymous_20)
FN:426,(anonymous_21)
FN:431,(anonymous_22)
FN:442,(anonymous_23)
FN:452,(anonymous_24)
FN:462,(anonymous_25)
FN:470,(anonymous_26)
FN:478,(anonymous_27)
FN:490,(anonymous_28)
FN:519,(anonymous_29)
FN:543,(anonymous_30)
FN:564,(anonymous_31)
FN:584,(anonymous_32)
FN:605,(anonymous_33)
FN:634,(anonymous_34)
FN:635,(anonymous_35)
FN:636,(anonymous_36)
FN:637,(anonymous_37)
FN:638,(anonymous_38)
FN:640,(anonymous_39)
FN:650,(anonymous_40)
FN:655,(anonymous_41)
FN:673,(anonymous_42)
FN:828,(anonymous_43)
FN:898,(anonymous_44)
FNF:44
FNH:0
FNDA:0,StockTestPanel
FNDA:0,(anonymous_2)
FNDA:0,(anonymous_3)
FNDA:0,(anonymous_4)
FNDA:0,(anonymous_5)
FNDA:0,(anonymous_6)
FNDA:0,(anonymous_7)
FNDA:0,(anonymous_8)
FNDA:0,(anonymous_9)
FNDA:0,(anonymous_10)
FNDA:0,(anonymous_11)
FNDA:0,(anonymous_12)
FNDA:0,(anonymous_13)
FNDA:0,(anonymous_14)
FNDA:0,(anonymous_15)
FNDA:0,(anonymous_16)
FNDA:0,(anonymous_17)
FNDA:0,(anonymous_18)
FNDA:0,(anonymous_19)
FNDA:0,(anonymous_20)
FNDA:0,(anonymous_21)
FNDA:0,(anonymous_22)
FNDA:0,(anonymous_23)
FNDA:0,(anonymous_24)
FNDA:0,(anonymous_25)
FNDA:0,(anonymous_26)
FNDA:0,(anonymous_27)
FNDA:0,(anonymous_28)
FNDA:0,(anonymous_29)
FNDA:0,(anonymous_30)
FNDA:0,(anonymous_31)
FNDA:0,(anonymous_32)
FNDA:0,(anonymous_33)
FNDA:0,(anonymous_34)
FNDA:0,(anonymous_35)
FNDA:0,(anonymous_36)
FNDA:0,(anonymous_37)
FNDA:0,(anonymous_38)
FNDA:0,(anonymous_39)
FNDA:0,(anonymous_40)
FNDA:0,(anonymous_41)
FNDA:0,(anonymous_42)
FNDA:0,(anonymous_43)
FNDA:0,(anonymous_44)
DA:3,0
DA:4,0
DA:5,0
DA:6,0
DA:7,0
DA:19,0
DA:47,0
DA:48,0
DA:49,0
DA:50,0
DA:51,0
DA:52,0
DA:62,0
DA:63,0
DA:120,0
DA:121,0
DA:132,0
DA:133,0
DA:134,0
DA:137,0
DA:138,0
DA:140,0
DA:141,0
DA:142,0
DA:145,0
DA:146,0
DA:147,0
DA:151,0
DA:152,0
DA:153,0
DA:157,0
DA:158,0
DA:162,0
DA:163,0
DA:164,0
DA:165,0
DA:166,0
DA:170,0
DA:171,0
DA:172,0
DA:174,0
DA:175,0
DA:177,0
DA:179,0
DA:180,0
DA:182,0
DA:183,0
DA:185,0
DA:186,0
DA:188,0
DA:189,0
DA:191,0
DA:192,0
DA:194,0
DA:195,0
DA:197,0
DA:198,0
DA:201,0
DA:202,0
DA:203,0
DA:206,0
DA:207,0
DA:208,0
DA:209,0
DA:212,0
DA:213,0
DA:217,0
DA:218,0
DA:220,0
DA:221,0
DA:223,0
DA:226,0
DA:227,0
DA:229,0
DA:231,0
DA:233,0
DA:234,0
DA:236,0
DA:237,0
DA:241,0
DA:242,0
DA:247,0
DA:248,0
DA:251,0
DA:256,0
DA:257,0
DA:259,0
DA:260,0
DA:262,0
DA:264,0
DA:265,0
DA:267,0
DA:268,0
DA:270,0
DA:271,0
DA:273,0
DA:274,0
DA:278,0
DA:279,0
DA:283,0
DA:284,0
DA:286,0
DA:291,0
DA:292,0
DA:294,0
DA:295,0
DA:297,0
DA:299,0
DA:300,0
DA:302,0
DA:303,0
DA:305,0
DA:306,0
DA:308,0
DA:309,0
DA:313,0
DA:314,0
DA:318,0
DA:319,0
DA:321,0
DA:326,0
DA:327,0
DA:329,0
DA:330,0
DA:332,0
DA:334,0
DA:335,0
DA:337,0
DA:338,0
DA:340,0
DA:341,0
DA:343,0
DA:344,0
DA:348,0
DA:349,0
DA:353,0
DA:354,0
DA:356,0
DA:361,0
DA:362,0
DA:364,0
DA:365,0
DA:367,0
DA:369,0
DA:370,0
DA:372,0
DA:373,0
DA:375,0
DA:376,0
DA:378,0
DA:379,0
DA:383,0
DA:384,0
DA:388,0
DA:389,0
DA:391,0
DA:396,0
DA:397,0
DA:399,0
DA:400,0
DA:402,0
DA:404,0
DA:405,0
DA:407,0
DA:408,0
DA:410,0
DA:411,0
DA:413,0
DA:414,0
DA:418,0
DA:419,0
DA:423,0
DA:424,0
DA:426,0
DA:431,0
DA:442,0
DA:452,0
DA:462,0
DA:470,0
DA:478,0
DA:490,0
DA:491,0
DA:493,0
DA:494,0
DA:497,0
DA:498,0
DA:501,0
DA:502,0
DA:506,0
DA:508,0
DA:509,0
DA:512,0
DA:515,0
DA:519,0
DA:520,0
DA:521,0
DA:522,0
DA:525,0
DA:526,0
DA:530,0
DA:532,0
DA:533,0
DA:536,0
DA:539,0
DA:543,0
DA:544,0
DA:545,0
DA:546,0
DA:549,0
DA:550,0
DA:553,0
DA:554,0
DA:557,0
DA:560,0
DA:564,0
DA:565,0
DA:566,0
DA:567,0
DA:570,0
DA:571,0
DA:575,0
DA:577,0
DA:580,0
DA:584,0
DA:585,0
DA:587,0
DA:588,0
DA:590,0
DA:591,0
DA:594,0
DA:595,0
DA:598,0
DA:601,0
DA:605,0
DA:606,0
DA:608,0
DA:609,0
DA:612,0
DA:613,0
DA:616,0
DA:617,0
DA:621,0
DA:622,0
DA:623,0
DA:626,0
DA:629,0
DA:634,0
DA:635,0
DA:636,0
DA:637,0
DA:638,0
DA:640,0
DA:650,0
DA:651,0
DA:655,0
DA:656,0
DA:673,0
DA:674,0
DA:676,0
DA:678,0
DA:680,0
DA:682,0
DA:684,0
DA:686,0
DA:829,0
DA:899,0
LF:266
LH:0
BRDA:138,0,0,0
BRDA:140,1,0,0
BRDA:140,1,1,0
BRDA:172,2,0,0
BRDA:180,3,0,0
BRDA:180,3,1,0
BRDA:180,3,2,0
BRDA:180,3,3,0
BRDA:180,3,4,0
BRDA:180,3,5,0
BRDA:209,4,0,0
BRDA:209,4,1,0
BRDA:221,5,0,0
BRDA:233,6,0,0
BRDA:233,6,1,0
BRDA:242,7,0,0
BRDA:242,7,1,0
BRDA:260,8,0,0
BRDA:270,9,0,0
BRDA:270,9,1,0
BRDA:279,10,0,0
BRDA:279,10,1,0
BRDA:295,11,0,0
BRDA:305,12,0,0
BRDA:305,12,1,0
BRDA:314,13,0,0
BRDA:314,13,1,0
BRDA:330,14,0,0
BRDA:340,15,0,0
BRDA:340,15,1,0
BRDA:349,16,0,0
BRDA:349,16,1,0
BRDA:365,17,0,0
BRDA:375,18,0,0
BRDA:375,18,1,0
BRDA:384,19,0,0
BRDA:384,19,1,0
BRDA:400,20,0,0
BRDA:410,21,0,0
BRDA:410,21,1,0
BRDA:419,22,0,0
BRDA:419,22,1,0
BRDA:448,23,0,0
BRDA:448,23,1,0
BRDA:493,24,0,0
BRDA:493,25,0,0
BRDA:493,25,1,0
BRDA:497,26,0,0
BRDA:497,27,0,0
BRDA:497,27,1,0
BRDA:501,28,0,0
BRDA:501,29,0,0
BRDA:501,29,1,0
BRDA:508,30,0,0
BRDA:521,31,0,0
BRDA:525,32,0,0
BRDA:525,33,0,0
BRDA:525,33,1,0
BRDA:532,34,0,0
BRDA:545,35,0,0
BRDA:549,36,0,0
BRDA:553,37,0,0
BRDA:553,38,0,0
BRDA:553,38,1,0
BRDA:566,39,0,0
BRDA:566,40,0,0
BRDA:566,40,1,0
BRDA:570,41,0,0
BRDA:590,42,0,0
BRDA:594,43,0,0
BRDA:608,44,0,0
BRDA:608,45,0,0
BRDA:608,45,1,0
BRDA:612,46,0,0
BRDA:616,47,0,0
BRDA:622,48,0,0
BRDA:674,49,0,0
BRDA:674,49,1,0
BRDA:674,49,2,0
BRDA:674,49,3,0
BRDA:674,49,4,0
BRDA:674,49,5,0
BRDA:753,50,0,0
BRDA:760,51,0,0
BRDA:810,52,0,0
BRDA:813,53,0,0
BRDA:837,54,0,0
BRDA:837,54,1,0
BRDA:838,55,0,0
BRDA:838,55,1,0
BRDA:839,56,0,0
BRDA:839,56,1,0
BRDA:840,57,0,0
BRDA:840,57,1,0
BRDA:841,58,0,0
BRDA:841,58,1,0
BRDA:852,59,0,0
BRDA:852,59,1,0
BRDA:859,60,0,0
BRDA:859,60,1,0
BRDA:884,61,0,0
BRDA:891,62,0,0
BRF:102
BRH:0
end_of_record
TN:
SF:src\components\ui\badge.tsx
FN:30,Badge
FNF:1
FNH:0
FNDA:0,Badge
DA:1,0
DA:2,0
DA:4,0
DA:6,0
DA:36,0
LF:5
LH:0
BRF:0
BRH:0
end_of_record
TN:
SF:src\components\ui\button.tsx
FN:41,(anonymous_6)
FNF:1
FNH:0
FNDA:0,(anonymous_6)
DA:1,0
DA:2,0
DA:3,0
DA:5,0
DA:40,0
DA:51,0
DA:53,0
LF:7
LH:0
BRDA:41,0,0,0
BRF:1
BRH:0
end_of_record
TN:
SF:src\components\ui\card.tsx
FNF:0
FNH:0
DA:1,0
DA:2,0
DA:17,0
DA:29,0
DA:44,0
DA:56,0
DA:64,0
DA:76,0
DA:78,0
LF:9
LH:0
BRF:0
BRH:0
end_of_record
TN:
SF:src\components\ui\dialog.tsx
FNF:0
FNH:0
DA:3,0
DA:4,0
DA:5,0
DA:7,0
DA:9,0
DA:11,0
DA:13,0
DA:15,0
DA:30,0
DA:54,0
DA:68,0
DA:82,0
DA:97,0
DA:109,0
DA:112,0
DA:113,0
DA:114,0
DA:115,0
DA:116,0
DA:117,0
DA:118,0
DA:119,0
DA:120,0
DA:121,0
LF:24
LH:0
BRF:0
BRH:0
end_of_record
TN:
SF:src\components\ui\input.tsx
FN:8,(anonymous_4)
FNF:1
FNH:0
FNDA:0,(anonymous_4)
DA:1,0
DA:2,0
DA:7,0
DA:22,0
DA:24,0
LF:5
LH:0
BRF:0
BRH:0
end_of_record
TN:
SF:src\components\ui\label.tsx
FNF:0
FNH:0
DA:1,0
DA:2,0
DA:19,0
DA:21,0
LF:4
LH:0
BRF:0
BRH:0
end_of_record
TN:
SF:src\components\ui\progress.tsx
FNF:0
FNH:0
DA:3,0
DA:4,0
DA:6,0
DA:26,0
DA:28,0
LF:5
LH:0
BRDA:22,0,0,0
BRDA:22,0,1,0
BRF:2
BRH:0
end_of_record
TN:
SF:src\components\ui\textarea.tsx
FN:8,(anonymous_4)
FNF:1
FNH:0
FNDA:0,(anonymous_4)
DA:1,0
DA:2,0
DA:7,0
DA:21,0
DA:23,0
LF:5
LH:0
BRF:0
BRH:0
end_of_record
TN:
SF:src\hooks\useAuth.ts
FN:4,useAuth
FN:8,(anonymous_2)
FN:9,(anonymous_3)
FN:24,(anonymous_4)
FN:37,(anonymous_5)
FN:53,(anonymous_6)
FN:54,(anonymous_7)
FNF:7
FNH:0
FNDA:0,useAuth
FNDA:0,(anonymous_2)
FNDA:0,(anonymous_3)
FNDA:0,(anonymous_4)
FNDA:0,(anonymous_5)
FNDA:0,(anonymous_6)
FNDA:0,(anonymous_7)
DA:1,0
DA:2,0
DA:4,0
DA:5,0
DA:6,0
DA:8,0
DA:9,0
DA:10,0
DA:11,0
DA:12,0
DA:14,0
DA:15,0
DA:17,0
DA:21,0
DA:24,0
DA:25,0
DA:26,0
DA:27,0
DA:28,0
DA:29,0
DA:31,0
DA:33,0
DA:37,0
DA:38,0
DA:39,0
DA:40,0
DA:41,0
DA:43,0
DA:47,0
DA:53,0
DA:54,0
LF:31
LH:0
BRDA:12,0,0,0
BRDA:12,0,1,0
BRDA:27,1,0,0
BRDA:33,2,0,0
BRDA:33,2,1,0
BRDA:43,3,0,0
BRDA:43,3,1,0
BRDA:53,4,0,0
BRDA:53,4,1,0
BRDA:54,5,0,0
BRDA:54,5,1,0
BRF:11
BRH:0
end_of_record
TN:
SF:src\hooks\useStockQuery.ts
FN:9,(anonymous_9)
FN:12,(anonymous_10)
FN:13,(anonymous_11)
FN:33,(anonymous_12)
FN:36,(anonymous_13)
FN:37,(anonymous_14)
FN:57,(anonymous_15)
FN:60,(anonymous_16)
FN:61,(anonymous_17)
FN:91,(anonymous_18)
FN:94,(anonymous_19)
FN:95,(anonymous_20)
FN:125,(anonymous_21)
FN:128,(anonymous_22)
FN:129,(anonymous_23)
FN:153,(anonymous_24)
FN:157,(anonymous_25)
FN:158,(anonymous_26)
FN:173,(anonymous_27)
FN:179,(anonymous_28)
FN:186,(anonymous_29)
FN:190,(anonymous_30)
FN:191,(anonymous_31)
FN:206,(anonymous_32)
FN:211,(anonymous_33)
FN:218,(anonymous_34)
FN:222,(anonymous_35)
FN:223,(anonymous_36)
FN:242,(anonymous_37)
FN:246,(anonymous_38)
FNF:30
FNH:0
FNDA:0,(anonymous_9)
FNDA:0,(anonymous_10)
FNDA:0,(anonymous_11)
FNDA:0,(anonymous_12)
FNDA:0,(anonymous_13)
FNDA:0,(anonymous_14)
FNDA:0,(anonymous_15)
FNDA:0,(anonymous_16)
FNDA:0,(anonymous_17)
FNDA:0,(anonymous_18)
FNDA:0,(anonymous_19)
FNDA:0,(anonymous_20)
FNDA:0,(anonymous_21)
FNDA:0,(anonymous_22)
FNDA:0,(anonymous_23)
FNDA:0,(anonymous_24)
FNDA:0,(anonymous_25)
FNDA:0,(anonymous_26)
FNDA:0,(anonymous_27)
FNDA:0,(anonymous_28)
FNDA:0,(anonymous_29)
FNDA:0,(anonymous_30)
FNDA:0,(anonymous_31)
FNDA:0,(anonymous_32)
FNDA:0,(anonymous_33)
FNDA:0,(anonymous_34)
FNDA:0,(anonymous_35)
FNDA:0,(anonymous_36)
FNDA:0,(anonymous_37)
FNDA:0,(anonymous_38)
DA:1,0
DA:2,0
DA:3,0
DA:6,0
DA:9,0
DA:10,0
DA:13,0
DA:14,0
DA:19,0
DA:20,0
DA:21,0
DA:24,0
DA:33,0
DA:34,0
DA:37,0
DA:38,0
DA:43,0
DA:44,0
DA:45,0
DA:48,0
DA:57,0
DA:58,0
DA:61,0
DA:62,0
DA:70,0
DA:71,0
DA:74,0
DA:76,0
DA:77,0
DA:78,0
DA:81,0
DA:91,0
DA:92,0
DA:95,0
DA:96,0
DA:104,0
DA:105,0
DA:108,0
DA:110,0
DA:111,0
DA:112,0
DA:115,0
DA:125,0
DA:126,0
DA:129,0
DA:130,0
DA:132,0
DA:138,0
DA:139,0
DA:140,0
DA:143,0
DA:153,0
DA:154,0
DA:156,0
DA:158,0
DA:159,0
DA:165,0
DA:166,0
DA:167,0
DA:170,0
DA:175,0
DA:176,0
DA:177,0
DA:180,0
DA:186,0
DA:187,0
DA:189,0
DA:191,0
DA:192,0
DA:198,0
DA:199,0
DA:200,0
DA:203,0
DA:208,0
DA:209,0
DA:212,0
DA:218,0
DA:219,0
DA:221,0
DA:223,0
DA:224,0
DA:234,0
DA:235,0
DA:236,0
DA:239,0
DA:244,0
DA:247,0
LF:87
LH:0
BRDA:19,0,0,0
BRDA:24,1,0,0
BRDA:24,1,1,0
BRDA:43,2,0,0
BRDA:48,3,0,0
BRDA:48,3,1,0
BRDA:70,4,0,0
BRDA:76,5,0,0
BRDA:81,6,0,0
BRDA:81,6,1,0
BRDA:104,7,0,0
BRDA:110,8,0,0
BRDA:115,9,0,0
BRDA:115,9,1,0
BRDA:130,10,0,0
BRDA:138,11,0,0
BRDA:143,12,0,0
BRDA:143,12,1,0
BRDA:165,13,0,0
BRDA:198,14,0,0
BRDA:234,15,0,0
BRF:21
BRH:0
end_of_record
TN:
SF:src\lib\audit.ts
FN:84,(anonymous_14)
FN:86,(anonymous_15)
FN:96,(anonymous_16)
FN:132,(anonymous_17)
FN:156,(anonymous_18)
FN:184,(anonymous_19)
FN:208,(anonymous_20)
FN:232,(anonymous_21)
FN:246,(anonymous_22)
FN:256,(anonymous_23)
FN:326,(anonymous_24)
FN:362,(anonymous_25)
FNF:12
FNH:6
FNDA:3,(anonymous_14)
FNDA:6,(anonymous_15)
FNDA:1,(anonymous_16)
FNDA:1,(anonymous_17)
FNDA:0,(anonymous_18)
FNDA:0,(anonymous_19)
FNDA:0,(anonymous_20)
FNDA:1,(anonymous_21)
FNDA:1,(anonymous_22)
FNDA:0,(anonymous_23)
FNDA:0,(anonymous_24)
FNDA:0,(anonymous_25)
DA:1,3
DA:2,3
DA:5,8
DA:13,7
DA:24,12
DA:80,0
DA:82,3
DA:87,6
DA:88,3
DA:90,6
DA:97,1
DA:98,1
DA:106,1
DA:110,0
DA:111,0
DA:115,0
DA:116,0
DA:125,1
DA:140,1
DA:166,0
DA:192,0
DA:216,0
DA:233,1
DA:235,1
DA:236,0
DA:237,0
DA:239,1
DA:247,1
DA:248,1
DA:250,0
DA:268,0
DA:269,0
DA:275,0
DA:276,0
DA:278,0
DA:279,0
DA:281,0
DA:282,0
DA:284,0
DA:285,0
DA:287,0
DA:288,0
DA:290,0
DA:291,0
DA:295,0
DA:296,0
DA:298,0
DA:299,0
DA:302,0
DA:304,0
DA:305,0
DA:308,0
DA:314,0
DA:315,0
DA:336,0
DA:337,0
DA:339,0
DA:340,0
DA:344,0
DA:360,0
DA:362,0
DA:378,0
DA:381,0
DA:382,0
DA:388,3
DA:391,3
DA:394,3
DA:395,3
DA:396,3
DA:397,3
LF:70
LH:25
BRDA:87,0,0,3
BRDA:110,1,0,0
BRDA:115,2,0,0
BRDA:115,3,0,0
BRDA:115,3,1,0
BRDA:137,4,0,0
BRDA:138,5,0,0
BRDA:163,6,0,0
BRDA:164,7,0,0
BRDA:189,8,0,0
BRDA:190,9,0,0
BRDA:213,10,0,0
BRDA:214,11,0,0
BRDA:237,12,0,0
BRDA:237,12,1,0
BRDA:247,13,0,1
BRDA:248,14,0,1
BRDA:248,14,1,0
BRDA:257,15,0,0
BRDA:275,16,0,0
BRDA:278,17,0,0
BRDA:281,18,0,0
BRDA:284,19,0,0
BRDA:287,20,0,0
BRDA:290,21,0,0
BRDA:295,22,0,0
BRDA:298,23,0,0
BRDA:299,24,0,0
BRDA:299,24,1,0
BRDA:299,25,0,0
BRDA:299,25,1,0
BRDA:304,26,0,0
BRDA:309,27,0,0
BRDA:309,27,1,0
BRDA:310,28,0,0
BRDA:310,28,1,0
BRDA:318,29,0,0
BRDA:318,29,1,0
BRDA:327,30,0,0
BRDA:339,31,0,0
BRDA:371,32,0,0
BRDA:371,32,1,0
BRDA:372,33,0,0
BRDA:372,33,1,0
BRDA:374,34,0,0
BRDA:374,34,1,0
BRF:46
BRH:3
end_of_record
TN:
SF:src\lib\auth.ts
FN:12,(anonymous_3)
FN:19,(anonymous_4)
FN:26,(anonymous_5)
FN:32,(anonymous_6)
FN:38,(anonymous_7)
FN:91,(anonymous_8)
FN:124,(anonymous_9)
FN:160,(anonymous_10)
FN:200,(anonymous_11)
FN:206,(anonymous_12)
FNF:10
FNH:4
FNDA:0,(anonymous_3)
FNDA:2,(anonymous_4)
FNDA:0,(anonymous_5)
FNDA:1,(anonymous_6)
FNDA:1,(anonymous_7)
FNDA:1,(anonymous_8)
FNDA:0,(anonymous_9)
FNDA:0,(anonymous_10)
FNDA:0,(anonymous_11)
FNDA:0,(anonymous_12)
DA:1,1
DA:2,1
DA:3,1
DA:6,8
DA:7,1
DA:8,1
DA:9,1
DA:13,0
DA:14,0
DA:20,2
DA:21,2
DA:27,0
DA:28,0
DA:33,1
DA:34,1
DA:39,1
DA:40,1
DA:43,1
DA:48,0
DA:49,0
DA:52,0
DA:54,0
DA:56,0
DA:59,0
DA:72,0
DA:83,0
DA:85,1
DA:86,1
DA:92,1
DA:93,1
DA:96,1
DA:99,1
DA:102,1
DA:114,1
DA:116,0
DA:118,0
DA:119,0
DA:125,0
DA:126,0
DA:129,0
DA:131,0
DA:132,0
DA:136,0
DA:138,0
DA:139,0
DA:142,0
DA:144,0
DA:154,0
DA:155,0
DA:161,0
DA:162,0
DA:164,0
DA:170,0
DA:174,0
DA:176,0
DA:183,0
DA:184,1
DA:201,0
DA:202,0
DA:207,0
DA:215,0
DA:216,0
LF:62
LH:23
BRDA:13,0,0,0
BRDA:20,1,0,2
BRDA:48,2,0,0
BRDA:52,3,0,0
BRDA:52,4,0,0
BRDA:52,4,1,0
BRDA:131,5,0,0
BRDA:131,6,0,0
BRDA:131,6,1,0
BRDA:138,7,0,0
BRDA:138,8,0,0
BRDA:138,8,1,0
BRDA:149,9,0,0
BRDA:149,9,1,0
BRDA:170,10,0,0
BRDA:170,11,0,0
BRDA:170,11,1,0
BRDA:174,12,0,0
BRDA:174,12,1,0
BRDA:201,13,0,0
BRDA:201,13,1,0
BRDA:216,14,0,0
BRDA:216,14,1,0
BRF:23
BRH:1
end_of_record
TN:
SF:src\lib\env.ts
FN:34,(anonymous_3)
FN:39,(anonymous_4)
FNF:2
FNH:0
FNDA:0,(anonymous_3)
FNDA:0,(anonymous_4)
DA:1,0
DA:4,0
DA:28,0
DA:34,0
DA:35,0
DA:36,0
DA:38,0
DA:39,0
DA:40,0
DA:44,0
DA:49,0
DA:50,0
LF:12
LH:0
BRDA:38,0,0,0
BRDA:49,1,0,0
BRDA:54,2,0,0
BRDA:54,2,1,0
BRDA:55,3,0,0
BRDA:55,3,1,0
BRF:6
BRH:0
end_of_record
TN:
SF:src\lib\google-calendar.ts
FN:4,transformWorkDiaryEntry
FN:38,(anonymous_9)
FN:46,(anonymous_10)
FN:70,(anonymous_11)
FN:96,(anonymous_12)
FN:124,(anonymous_13)
FN:146,(anonymous_14)
FNF:7
FNH:1
FNDA:4,transformWorkDiaryEntry
FNDA:0,(anonymous_9)
FNDA:0,(anonymous_10)
FNDA:0,(anonymous_11)
FNDA:0,(anonymous_12)
FNDA:0,(anonymous_13)
FNDA:0,(anonymous_14)
DA:1,1
DA:4,4
DA:12,4
DA:13,4
DA:14,1
DA:18,3
DA:19,3
DA:20,3
DA:22,3
DA:38,1
DA:39,0
DA:40,0
DA:42,0
DA:46,1
DA:47,0
DA:70,1
DA:75,0
DA:76,0
DA:81,0
DA:87,0
DA:88,0
DA:96,1
DA:102,0
DA:103,0
DA:109,0
DA:115,0
DA:116,0
DA:124,1
DA:129,0
DA:130,0
DA:135,0
DA:137,0
DA:138,0
DA:146,1
DA:151,0
DA:152,0
DA:160,0
DA:165,0
DA:166,0
LF:39
LH:15
BRDA:13,0,0,1
BRDA:19,1,0,3
BRDA:19,1,1,1
BRDA:77,2,0,0
BRDA:77,2,1,0
BRDA:90,3,0,0
BRDA:90,3,1,0
BRDA:104,4,0,0
BRDA:104,4,1,0
BRDA:118,5,0,0
BRDA:118,5,1,0
BRDA:131,6,0,0
BRDA:131,6,1,0
BRDA:140,7,0,0
BRDA:140,7,1,0
BRDA:153,8,0,0
BRDA:153,8,1,0
BRDA:162,9,0,0
BRDA:162,9,1,0
BRDA:168,10,0,0
BRDA:168,10,1,0
BRF:21
BRH:3
end_of_record
TN:
SF:src\lib\rbac.ts
FN:139,(anonymous_15)
FN:141,(anonymous_16)
FN:151,(anonymous_17)
FN:160,(anonymous_18)
FN:161,(anonymous_19)
FN:167,(anonymous_20)
FN:168,(anonymous_21)
FN:174,(anonymous_22)
FN:182,(anonymous_23)
FN:190,(anonymous_24)
FN:197,(anonymous_25)
FN:215,(anonymous_26)
FN:223,(anonymous_27)
FN:258,(anonymous_28)
FN:289,(anonymous_29)
FN:318,(anonymous_30)
FN:356,requirePermission
FN:357,(anonymous_32)
FN:358,(anonymous_33)
FN:366,requireRole
FN:367,(anonymous_35)
FN:368,(anonymous_36)
FNF:22
FNH:4
FNDA:1,(anonymous_15)
FNDA:7,(anonymous_16)
FNDA:13,(anonymous_17)
FNDA:0,(anonymous_18)
FNDA:0,(anonymous_19)
FNDA:0,(anonymous_20)
FNDA:0,(anonymous_21)
FNDA:0,(anonymous_22)
FNDA:0,(anonymous_23)
FNDA:0,(anonymous_24)
FNDA:0,(anonymous_25)
FNDA:13,(anonymous_26)
FNDA:0,(anonymous_27)
FNDA:0,(anonymous_28)
FNDA:0,(anonymous_29)
FNDA:0,(anonymous_30)
FNDA:0,requirePermission
FNDA:0,(anonymous_32)
FNDA:0,(anonymous_33)
FNDA:0,requireRole
FNDA:0,(anonymous_35)
FNDA:0,(anonymous_36)
DA:1,1
DA:4,18
DA:35,15
DA:44,1
DA:100,1
DA:136,6
DA:142,7
DA:143,1
DA:145,7
DA:152,13
DA:153,13
DA:154,13
DA:161,0
DA:168,0
DA:175,0
DA:176,0
DA:183,0
DA:184,0
DA:191,0
DA:198,0
DA:206,0
DA:207,0
DA:209,0
DA:216,13
DA:217,13
DA:232,0
DA:234,0
DA:236,0
DA:252,0
DA:268,0
DA:298,0
DA:327,0
DA:346,1
DA:349,1
DA:350,1
DA:351,1
DA:352,1
DA:353,1
DA:356,0
DA:357,0
DA:358,0
DA:360,0
DA:366,0
DA:367,0
DA:368,0
DA:370,0
LF:46
LH:20
BRDA:142,0,0,1
BRDA:153,1,0,13
BRDA:153,1,1,0
BRDA:176,2,0,0
BRDA:176,2,1,0
BRDA:184,3,0,0
BRDA:184,3,1,0
BRDA:206,4,0,0
BRDA:206,4,1,0
BRDA:207,5,0,0
BRDA:207,5,1,0
BRDA:217,6,0,12
BRDA:217,6,1,1
BRDA:234,7,0,0
BRF:14
BRH:4
end_of_record
TN:
SF:src\lib\schemas.ts
FN:79,(anonymous_23)
FN:91,(anonymous_24)
FN:109,(anonymous_25)
FN:128,(anonymous_26)
FN:129,(anonymous_27)
FN:130,(anonymous_28)
FN:131,(anonymous_29)
FN:132,(anonymous_30)
FN:133,(anonymous_31)
FN:134,(anonymous_32)
FN:135,(anonymous_33)
FN:136,(anonymous_34)
FN:139,(anonymous_35)
FNF:13
FNH:1
FNDA:0,(anonymous_23)
FNDA:0,(anonymous_24)
FNDA:0,(anonymous_25)
FNDA:0,(anonymous_26)
FNDA:2,(anonymous_27)
FNDA:0,(anonymous_28)
FNDA:0,(anonymous_29)
FNDA:0,(anonymous_30)
FNDA:0,(anonymous_31)
FNDA:0,(anonymous_32)
FNDA:0,(anonymous_33)
FNDA:0,(anonymous_34)
FNDA:0,(anonymous_35)
DA:1,1
DA:4,1
DA:5,1
DA:6,1
DA:7,1
DA:10,1
DA:22,1
DA:33,1
DA:42,1
DA:50,1
DA:61,1
DA:67,1
DA:76,1
DA:79,0
DA:83,1
DA:91,1
DA:92,0
DA:100,1
DA:109,1
DA:110,0
DA:128,1
DA:129,2
DA:130,1
DA:131,1
DA:132,1
DA:133,1
DA:134,1
DA:135,1
DA:136,1
DA:139,1
DA:140,0
DA:141,0
DA:143,0
DA:144,0
LF:34
LH:27
BRF:0
BRH:0
end_of_record
TN:
SF:src\lib\supabase.ts
FN:13,(anonymous_4)
FN:24,(anonymous_5)
FNF:2
FNH:1
FNDA:2,(anonymous_4)
FNDA:0,(anonymous_5)
DA:1,2
DA:4,2
DA:5,2
DA:8,2
DA:9,0
DA:13,2
DA:14,2
DA:24,2
DA:25,0
DA:34,2
LF:10
LH:8
BRDA:4,0,0,2
BRDA:4,0,1,2
BRDA:5,1,0,2
BRDA:5,1,1,2
BRDA:8,2,0,0
BRDA:8,3,0,2
BRDA:8,3,1,0
BRDA:8,3,2,0
BRF:8
BRH:5
end_of_record
TN:
SF:src\lib\utils.ts
FN:4,cn
FN:11,(anonymous_17)
FN:26,(anonymous_18)
FN:40,(anonymous_19)
FN:54,(anonymous_20)
FN:74,(anonymous_21)
FN:96,(anonymous_22)
FN:110,(anonymous_23)
FN:125,(anonymous_24)
FN:126,(anonymous_25)
FN:127,(anonymous_26)
FN:128,(anonymous_27)
FN:129,(anonymous_28)
FN:130,(anonymous_29)
FN:131,(anonymous_30)
FN:140,(anonymous_31)
FN:167,(anonymous_32)
FN:184,(anonymous_33)
FN:201,(anonymous_34)
FN:207,(anonymous_35)
FN:209,(anonymous_36)
FN:216,(anonymous_37)
FN:222,(anonymous_38)
FN:226,(anonymous_39)
FN:235,(anonymous_40)
FN:244,(anonymous_41)
FN:254,(anonymous_42)
FN:264,(anonymous_43)
FNF:28
FNH:4
FNDA:0,cn
FNDA:1,(anonymous_17)
FNDA:0,(anonymous_18)
FNDA:0,(anonymous_19)
FNDA:1,(anonymous_20)
FNDA:0,(anonymous_21)
FNDA:2,(anonymous_22)
FNDA:0,(anonymous_23)
FNDA:0,(anonymous_24)
FNDA:0,(anonymous_25)
FNDA:0,(anonymous_26)
FNDA:0,(anonymous_27)
FNDA:0,(anonymous_28)
FNDA:0,(anonymous_29)
FNDA:0,(anonymous_30)
FNDA:2,(anonymous_31)
FNDA:0,(anonymous_32)
FNDA:0,(anonymous_33)
FNDA:0,(anonymous_34)
FNDA:0,(anonymous_35)
FNDA:0,(anonymous_36)
FNDA:0,(anonymous_37)
FNDA:0,(anonymous_38)
FNDA:0,(anonymous_39)
FNDA:0,(anonymous_40)
FNDA:0,(anonymous_41)
FNDA:0,(anonymous_42)
FNDA:0,(anonymous_43)
DA:1,4
DA:2,4
DA:4,0
DA:5,0
DA:11,4
DA:12,1
DA:13,1
DA:18,0
DA:19,0
DA:26,4
DA:27,0
DA:29,0
DA:31,0
DA:33,0
DA:40,4
DA:41,0
DA:43,0
DA:45,0
DA:47,0
DA:54,4
DA:55,1
DA:56,1
DA:57,1
DA:58,0
DA:60,1
DA:66,0
DA:67,0
DA:74,4
DA:75,0
DA:76,0
DA:77,0
DA:78,0
DA:80,0
DA:88,0
DA:89,0
DA:96,4
DA:97,2
DA:98,2
DA:99,2
DA:100,2
DA:102,0
DA:103,0
DA:110,4
DA:111,0
DA:112,0
DA:113,0
DA:114,0
DA:116,0
DA:117,0
DA:124,4
DA:125,0
DA:126,0
DA:127,0
DA:128,0
DA:129,0
DA:130,0
DA:132,0
DA:133,0
DA:140,4
DA:141,2
DA:154,2
DA:158,2
DA:160,0
DA:167,4
DA:168,0
DA:169,0
DA:170,0
DA:171,0
DA:172,0
DA:173,0
DA:175,0
DA:176,0
DA:177,0
DA:184,4
DA:185,0
DA:186,0
DA:187,0
DA:188,0
DA:189,0
DA:190,0
DA:192,0
DA:193,0
DA:194,0
DA:201,4
DA:205,0
DA:207,0
DA:208,0
DA:209,0
DA:216,4
DA:220,0
DA:222,0
DA:223,0
DA:224,0
DA:225,0
DA:226,0
DA:234,4
DA:236,0
DA:237,0
DA:239,0
DA:240,0
DA:245,0
DA:246,0
DA:247,0
DA:249,0
DA:250,0
DA:255,0
DA:256,0
DA:257,0
DA:259,0
DA:260,0
DA:265,0
DA:266,0
DA:267,0
DA:269,0
DA:270,0
LF:115
LH:29
BRDA:27,0,0,0
BRDA:27,0,1,0
BRDA:27,0,2,0
BRDA:41,1,0,0
BRDA:41,1,1,0
BRDA:41,1,2,0
BRDA:57,2,0,0
BRDA:77,3,0,0
BRDA:96,4,0,0
BRDA:98,5,0,0
BRDA:100,6,0,1
BRDA:100,6,1,1
BRDA:110,7,0,0
BRDA:112,8,0,0
BRDA:114,9,0,0
BRDA:114,9,1,0
BRDA:130,10,0,0
BRDA:130,10,1,0
BRDA:133,11,0,0
BRDA:133,11,1,0
BRDA:144,12,0,2
BRDA:144,12,1,0
BRDA:150,13,0,2
BRDA:150,13,1,0
BRDA:151,14,0,2
BRDA:151,14,1,0
BRDA:158,15,0,0
BRDA:208,16,0,0
BRDA:223,17,0,0
BRF:29
BRH:5
end_of_record
TN:
SF:src\middleware\rateLimit.ts
FN:39,createRateLimiter
FN:40,rateLimiter
FN:97,getClientIP
FN:124,rateLimitMiddleware
FN:142,(anonymous_10)
FNF:5
FNH:0
FNDA:0,createRateLimiter
FNDA:0,rateLimiter
FNDA:0,getClientIP
FNDA:0,rateLimitMiddleware
FNDA:0,(anonymous_10)
DA:1,0
DA:2,0
DA:13,0
DA:16,0
DA:24,0
DA:32,0
DA:39,0
DA:40,0
DA:41,0
DA:42,0
DA:45,0
DA:47,0
DA:49,0
DA:53,0
DA:57,0
DA:59,0
DA:61,0
DA:68,0
DA:87,0
DA:88,0
DA:89,0
DA:90,0
DA:92,0
DA:99,0
DA:100,0
DA:101,0
DA:105,0
DA:106,0
DA:107,0
DA:111,0
DA:115,0
DA:118,0
DA:121,0
DA:124,0
DA:125,0
DA:128,0
DA:129,0
DA:133,0
DA:134,0
DA:138,0
DA:142,0
DA:143,0
DA:144,0
DA:145,0
DA:146,0
LF:45
LH:0
BRDA:47,0,0,0
BRDA:47,1,0,0
BRDA:47,1,1,0
BRDA:59,2,0,0
BRDA:100,3,0,0
BRDA:101,4,0,0
BRDA:101,4,1,0
BRDA:106,5,0,0
BRDA:111,6,0,0
BRDA:111,6,1,0
BRDA:128,7,0,0
BRDA:128,8,0,0
BRDA:128,8,1,0
BRDA:133,9,0,0
BRDA:145,10,0,0
BRF:15
BRH:0
end_of_record
